Copyright 1986-2017 Xilinx, Inc. All Rights Reserved.
------------------------------------------------------------------------------------
| Tool Version : Vivado v.2017.4 (win64) Build 2086221 Fri Dec 15 20:55:39 MST 2017
| Date         : Fri Jan 18 17:57:30 2019
| Host         : hubbery running 64-bit major release  (build 9200)
| Command      : upgrade_ip
| Device       : xc7z010clg400-1
------------------------------------------------------------------------------------

Upgrade Log for IP 'myip_v1_0_bfm_1_User_DMA_0_1'

1. Summary
----------

SUCCESS in the upgrade of myip_v1_0_bfm_1_User_DMA_0_1 (user.org:user:User_DMA:1.0) from (Rev. 23) to (Rev. 24)






Copyright 1986-2017 Xilinx, Inc. All Rights Reserved.
------------------------------------------------------------------------------------
| Tool Version : Vivado v.2017.4 (win64) Build 2086221 Fri Dec 15 20:55:39 MST 2017
| Date         : Fri Jan 18 17:52:42 2019
| Host         : hubbery running 64-bit major release  (build 9200)
| Command      : upgrade_ip
| Device       : xc7z010clg400-1
------------------------------------------------------------------------------------

Upgrade Log for IP 'myip_v1_0_bfm_1_User_DMA_0_1'

1. Summary
----------

SUCCESS in the upgrade of myip_v1_0_bfm_1_User_DMA_0_1 (user.org:user:User_DMA:1.0) from (Rev. 19) to (Rev. 23)






Copyright 1986-2017 Xilinx, Inc. All Rights Reserved.
------------------------------------------------------------------------------------
| Tool Version : Vivado v.2017.4 (win64) Build 2086221 Fri Dec 15 20:55:39 MST 2017
| Date         : Thu Jan 17 21:55:41 2019
| Host         : hubbery running 64-bit major release  (build 9200)
| Command      : upgrade_ip
| Device       : xc7z010clg400-1
------------------------------------------------------------------------------------

Upgrade Log for IP 'myip_v1_0_bfm_1_User_DMA_0_1'

1. Summary
----------

SUCCESS in the upgrade of myip_v1_0_bfm_1_User_DMA_0_1 (user.org:user:User_DMA:1.0) from (Rev. 18) to (Rev. 19)






Copyright 1986-2017 Xilinx, Inc. All Rights Reserved.
------------------------------------------------------------------------------------
| Tool Version : Vivado v.2017.4 (win64) Build 2086221 Fri Dec 15 20:55:39 MST 2017
| Date         : Thu Jan 17 12:17:49 2019
| Host         : DESKTOP-0CQ9E4M running 64-bit major release  (build 9200)
| Command      : upgrade_ip
| Device       : xc7z010clg400-1
------------------------------------------------------------------------------------

Upgrade Log for IP 'myip_v1_0_bfm_1_User_DMA_0_1'

1. Summary
----------

SUCCESS in the upgrade of myip_v1_0_bfm_1_User_DMA_0_1 (user.org:user:User_DMA:1.0) from (Rev. 16) to (Rev. 18)






Copyright 1986-2017 Xilinx, Inc. All Rights Reserved.
------------------------------------------------------------------------------------
| Tool Version : Vivado v.2017.4 (win64) Build 2086221 Fri Dec 15 20:55:39 MST 2017
| Date         : Wed Jan  9 20:21:01 2019
| Host         : DESKTOP-0CQ9E4M running 64-bit major release  (build 9200)
| Command      : upgrade_ip
| Device       : xc7z010clg400-1
------------------------------------------------------------------------------------

Upgrade Log for IP 'myip_v1_0_bfm_1_User_DMA_0_1'

1. Summary
----------

SUCCESS in the upgrade of myip_v1_0_bfm_1_User_DMA_0_1 (user.org:user:User_DMA:1.0) from (Rev. 15) to (Rev. 16)






Copyright 1986-2017 Xilinx, Inc. All Rights Reserved.
------------------------------------------------------------------------------------
| Tool Version : Vivado v.2017.4 (win64) Build 2086221 Fri Dec 15 20:55:39 MST 2017
| Date         : Sat Jan  5 02:37:13 2019
| Host         : hubbery running 64-bit major release  (build 9200)
| Command      : upgrade_ip
| Device       : xc7z010clg400-1
------------------------------------------------------------------------------------

Upgrade Log for IP 'myip_v1_0_bfm_1_User_DMA_0_1'

1. Summary
----------

SUCCESS in the upgrade of myip_v1_0_bfm_1_User_DMA_0_1 (user.org:user:User_DMA:1.0) from (Rev. 14) to (Rev. 15)






Copyright 1986-2017 Xilinx, Inc. All Rights Reserved.
------------------------------------------------------------------------------------
| Tool Version : Vivado v.2017.4 (win64) Build 2086221 Fri Dec 15 20:55:39 MST 2017
| Date         : Sat Jan  5 02:28:21 2019
| Host         : hubbery running 64-bit major release  (build 9200)
| Command      : upgrade_ip
| Device       : xc7z010clg400-1
------------------------------------------------------------------------------------

Upgrade Log for IP 'myip_v1_0_bfm_1_User_DMA_0_1'

1. Summary
----------

SUCCESS in the upgrade of myip_v1_0_bfm_1_User_DMA_0_1 (user.org:user:User_DMA:1.0) from (Rev. 12) to (Rev. 14)






Copyright 1986-2017 Xilinx, Inc. All Rights Reserved.
------------------------------------------------------------------------------------
| Tool Version : Vivado v.2017.4 (win64) Build 2086221 Fri Dec 15 20:55:39 MST 2017
| Date         : Sat Jan  5 00:07:57 2019
| Host         : hubbery running 64-bit major release  (build 9200)
| Command      : upgrade_ip
| Device       : xc7z010clg400-1
------------------------------------------------------------------------------------

Upgrade Log for IP 'myip_v1_0_bfm_1_User_DMA_0_1'

1. Summary
----------

SUCCESS in the upgrade of myip_v1_0_bfm_1_User_DMA_0_1 (user.org:user:User_DMA:1.0) from (Rev. 11) to (Rev. 12)






Copyright 1986-2017 Xilinx, Inc. All Rights Reserved.
------------------------------------------------------------------------------------
| Tool Version : Vivado v.2017.4 (win64) Build 2086221 Fri Dec 15 20:55:39 MST 2017
| Date         : Sat Jan  5 00:05:09 2019
| Host         : hubbery running 64-bit major release  (build 9200)
| Command      : upgrade_ip
| Device       : xc7z010clg400-1
------------------------------------------------------------------------------------

Upgrade Log for IP 'myip_v1_0_bfm_1_User_DMA_0_1'

1. Summary
----------

SUCCESS in the upgrade of myip_v1_0_bfm_1_User_DMA_0_1 (user.org:user:User_DMA:1.0) from (Rev. 10) to (Rev. 11)






Copyright 1986-2017 Xilinx, Inc. All Rights Reserved.
------------------------------------------------------------------------------------
| Tool Version : Vivado v.2017.4 (win64) Build 2086221 Fri Dec 15 20:55:39 MST 2017
| Date         : Fri Jan  4 23:16:00 2019
| Host         : hubbery running 64-bit major release  (build 9200)
| Command      : upgrade_ip
| Device       : xc7z010clg400-1
------------------------------------------------------------------------------------

Upgrade Log for IP 'myip_v1_0_bfm_1_User_DMA_0_1'

1. Summary
----------

SUCCESS in the upgrade of myip_v1_0_bfm_1_User_DMA_0_1 (user.org:user:User_DMA:1.0) from (Rev. 9) to (Rev. 10)






Copyright 1986-2017 Xilinx, Inc. All Rights Reserved.
------------------------------------------------------------------------------------
| Tool Version : Vivado v.2017.4 (win64) Build 2086221 Fri Dec 15 20:55:39 MST 2017
| Date         : Fri Jan  4 20:27:32 2019
| Host         : DESKTOP-0CQ9E4M running 64-bit major release  (build 9200)
| Command      : upgrade_ip
| Device       : xc7z010clg400-1
------------------------------------------------------------------------------------

Upgrade Log for IP 'myip_v1_0_bfm_1_User_DMA_0_1'

1. Summary
----------

SUCCESS in the upgrade of myip_v1_0_bfm_1_User_DMA_0_1 (user.org:user:User_DMA:1.0) from (Rev. 8) to (Rev. 9)






Copyright 1986-2017 Xilinx, Inc. All Rights Reserved.
------------------------------------------------------------------------------------
| Tool Version : Vivado v.2017.4 (win64) Build 2086221 Fri Dec 15 20:55:39 MST 2017
| Date         : Fri Jan  4 20:20:03 2019
| Host         : DESKTOP-0CQ9E4M running 64-bit major release  (build 9200)
| Command      : upgrade_ip
| Device       : xc7z010clg400-1
------------------------------------------------------------------------------------

Upgrade Log for IP 'myip_v1_0_bfm_1_AXI_LITE_master_IP_1_0'

1. Summary
----------

SUCCESS in the upgrade of myip_v1_0_bfm_1_AXI_LITE_master_IP_1_0 (xilinx.com:user:AXI_LITE_master_IP:1.0) from (Rev. 1) to (Rev. 3)






Copyright 1986-2017 Xilinx, Inc. All Rights Reserved.
------------------------------------------------------------------------------------
| Tool Version : Vivado v.2017.4 (win64) Build 2086221 Fri Dec 15 20:55:39 MST 2017
| Date         : Fri Jan  4 20:20:03 2019
| Host         : DESKTOP-0CQ9E4M running 64-bit major release  (build 9200)
| Command      : upgrade_ip
| Device       : xc7z010clg400-1
------------------------------------------------------------------------------------

Upgrade Log for IP 'myip_v1_0_bfm_1_AXI_LITE_master_IP_0_0'

1. Summary
----------

SUCCESS in the upgrade of myip_v1_0_bfm_1_AXI_LITE_master_IP_0_0 (xilinx.com:user:AXI_LITE_master_IP:1.0) from (Rev. 1) to (Rev. 3)

