09:21:22 INFO  : Registering command handlers for SDK TCF services
09:21:22 INFO  : Launching XSCT server: xsct.bat -interactive F:\miz701N\7010\s3\S03_CH03_AXI_DMA_OV7725_HDMI\Miz_sys\Miz_sys.sdk\temp_xsdb_launch_script.tcl
09:21:23 INFO  : XSCT server has started successfully.
09:21:23 INFO  : Successfully done setting XSCT server connection channel  
09:21:23 INFO  : Successfully done setting SDK workspace  
09:21:23 INFO  : Processing command line option -hwspec F:/miz701N/7010/s3/S03_CH03_AXI_DMA_OV7725_HDMI/Miz_sys/Miz_sys.sdk/system_wrapper.hdf.
09:47:04 INFO  : Connected to target on host '127.0.0.1' and port '3121'.
09:47:05 INFO  : Jtag cable 'Digilent JTAG-HS1 210249855754' is selected.
09:47:05 INFO  : 'jtag frequency' command is executed.
09:47:05 INFO  : Sourcing of 'F:/miz701N/7010/s3/S03_CH03_AXI_DMA_OV7725_HDMI/Miz_sys/Miz_sys.sdk/system_wrapper_hw_platform_0/ps7_init.tcl' is done.
09:47:05 INFO  : Context for 'APU' is selected.
09:47:05 INFO  : System reset is completed.
09:47:08 INFO  : 'after 3000' command is executed.
09:47:08 INFO  : 'targets -set -filter {jtag_cable_name =~ "Digilent JTAG-HS1 210249855754" && level==0} -index 1' command is executed.
09:47:10 INFO  : FPGA configured successfully with bitstream "F:/miz701N/7010/s3/S03_CH03_AXI_DMA_OV7725_HDMI/Miz_sys/Miz_sys.sdk/system_wrapper_hw_platform_0/system_wrapper.bit"
09:47:10 INFO  : Context for 'APU' is selected.
09:47:10 INFO  : Hardware design information is loaded from 'F:/miz701N/7010/s3/S03_CH03_AXI_DMA_OV7725_HDMI/Miz_sys/Miz_sys.sdk/system_wrapper_hw_platform_0/system.hdf'.
09:47:10 INFO  : Context for 'APU' is selected.
09:47:10 INFO  : 'ps7_init' command is executed.
09:47:10 INFO  : 'ps7_post_config' command is executed.
09:47:10 INFO  : Context for processor 'ps7_cortexa9_0' is selected.
09:47:10 INFO  : The application 'F:/miz701N/7010/s3/S03_CH03_AXI_DMA_OV7725_HDMI/Miz_sys/Miz_sys.sdk/AXI_DMA_OV7725/Debug/AXI_DMA_OV7725.elf' is downloaded to processor 'ps7_cortexa9_0'.
09:47:10 INFO  : ----------------XSDB Script----------------
connect -url tcp:127.0.0.1:3121
source F:/miz701N/7010/s3/S03_CH03_AXI_DMA_OV7725_HDMI/Miz_sys/Miz_sys.sdk/system_wrapper_hw_platform_0/ps7_init.tcl
targets -set -nocase -filter {name =~"APU*" && jtag_cable_name =~ "Digilent JTAG-HS1 210249855754"} -index 0
rst -system
after 3000
targets -set -filter {jtag_cable_name =~ "Digilent JTAG-HS1 210249855754" && level==0} -index 1
fpga -file F:/miz701N/7010/s3/S03_CH03_AXI_DMA_OV7725_HDMI/Miz_sys/Miz_sys.sdk/system_wrapper_hw_platform_0/system_wrapper.bit
targets -set -nocase -filter {name =~"APU*" && jtag_cable_name =~ "Digilent JTAG-HS1 210249855754"} -index 0
loadhw F:/miz701N/7010/s3/S03_CH03_AXI_DMA_OV7725_HDMI/Miz_sys/Miz_sys.sdk/system_wrapper_hw_platform_0/system.hdf
targets -set -nocase -filter {name =~"APU*" && jtag_cable_name =~ "Digilent JTAG-HS1 210249855754"} -index 0
ps7_init
ps7_post_config
targets -set -nocase -filter {name =~ "ARM*#0" && jtag_cable_name =~ "Digilent JTAG-HS1 210249855754"} -index 0
dow F:/miz701N/7010/s3/S03_CH03_AXI_DMA_OV7725_HDMI/Miz_sys/Miz_sys.sdk/AXI_DMA_OV7725/Debug/AXI_DMA_OV7725.elf
----------------End of Script----------------

09:47:11 INFO  : Memory regions updated for context APU
09:47:11 INFO  : Context for processor 'ps7_cortexa9_0' is selected.
09:47:11 INFO  : 'con' command is executed.
09:47:11 INFO  : ----------------XSDB Script (After Launch)----------------
targets -set -nocase -filter {name =~ "ARM*#0" && jtag_cable_name =~ "Digilent JTAG-HS1 210249855754"} -index 0
con
----------------End of Script----------------

09:47:11 INFO  : Launch script is exported to file 'F:\miz701N\7010\s3\S03_CH03_AXI_DMA_OV7725_HDMI\Miz_sys\Miz_sys.sdk\.sdk\launch_scripts\xilinx_c-c++_application_(system_debugger)\system_debugger_using_debug_axi_dma_ov7725.elf_on_local.tcl'
09:48:08 INFO  : Disconnected from the channel tcfchan#1.
13:56:59 INFO  : Registering command handlers for SDK TCF services
13:57:00 INFO  : Launching XSCT server: xsct.bat -interactive F:\miz701N\7020\s3\S03_CH03_AXI_DMA_OV7725_HDMI\Miz_sys\Miz_sys.sdk\temp_xsdb_launch_script.tcl
13:57:01 INFO  : XSCT server has started successfully.
13:57:01 INFO  : Successfully done setting XSCT server connection channel  
13:57:01 INFO  : Successfully done setting SDK workspace  
13:57:01 INFO  : Processing command line option -hwspec F:/miz701N/7020/s3/S03_CH03_AXI_DMA_OV7725_HDMI/Miz_sys/Miz_sys.sdk/system_wrapper.hdf.
13:57:37 INFO  : Launching XSCT server: xsct.bat -interactive F:\miz701N\7020\s3\S03_CH03_AXI_DMA_OV7725_HDMI\Miz_sys\Miz_sys.sdk\temp_xsdb_launch_script.tcl
13:57:38 INFO  : XSCT server has started successfully.
13:57:38 INFO  : Successfully done setting XSCT server connection channel  
13:57:38 INFO  : Successfully done setting SDK workspace  
13:57:39 INFO  : Registering command handlers for SDK TCF services
13:57:39 INFO  : Processing command line option -hwspec F:/miz701N/7020/s3/S03_CH03_AXI_DMA_OV7725_HDMI/Miz_sys/Miz_sys.sdk/system_wrapper.hdf.
14:56:44 INFO  : Launching XSCT server: xsct.bat -interactive F:\miz701N\7020\s3\S03_CH03_AXI_DMA_OV7725_HDMI\Miz_sys\Miz_sys.sdk\temp_xsdb_launch_script.tcl
14:56:45 INFO  : XSCT server has started successfully.
14:56:45 INFO  : Successfully done setting XSCT server connection channel  
14:56:46 INFO  : Successfully done setting SDK workspace  
14:56:47 INFO  : Registering command handlers for SDK TCF services
14:56:48 INFO  : Processing command line option -hwspec F:/miz701N/7020/s3/S03_CH03_AXI_DMA_OV7725_HDMI/Miz_sys/Miz_sys.sdk/system_wrapper.hdf.
14:56:48 INFO  : Checking for hwspec changes in the project system_wrapper_hw_platform_0.
11:20:02 INFO  : Registering command handlers for SDK TCF services
11:20:02 INFO  : Launching XSCT server: xsct.bat -interactive F:\MZ7X\MZ702\s3\S03_CH03_AXI_DMA_OV7725_HDMI\Miz_sys\Miz_sys.sdk\temp_xsdb_launch_script.tcl
11:20:05 INFO  : XSCT server has started successfully.
11:20:05 INFO  : Successfully done setting XSCT server connection channel  
11:20:05 INFO  : Successfully done setting SDK workspace  
11:20:05 INFO  : Processing command line option -hwspec F:/MZ7X/MZ702/s3/S03_CH03_AXI_DMA_OV7725_HDMI/Miz_sys/Miz_sys.sdk/system_wrapper.hdf.
11:22:16 INFO  : Registering command handlers for SDK TCF services
11:22:16 INFO  : Launching XSCT server: xsct.bat -interactive F:\MZ7X\MZ702\s3\S03_CH03_AXI_DMA_OV7725_HDMI\Miz_sys\Miz_sys.sdk\temp_xsdb_launch_script.tcl
11:22:17 INFO  : XSCT server has started successfully.
11:22:18 INFO  : Successfully done setting XSCT server connection channel  
11:22:18 INFO  : Successfully done setting SDK workspace  
11:22:18 INFO  : Processing command line option -hwspec F:/MZ7X/MZ702/s3/S03_CH03_AXI_DMA_OV7725_HDMI/Miz_sys/Miz_sys.sdk/system_wrapper.hdf.
11:22:41 INFO  : Connected to target on host '127.0.0.1' and port '3121'.
11:22:44 INFO  : Jtag cable 'Digilent JTAG-HS1 210249854164' is selected.
11:22:44 INFO  : 'jtag frequency' command is executed.
11:22:44 INFO  : Sourcing of 'F:/MZ7X/MZ702/s3/S03_CH03_AXI_DMA_OV7725_HDMI/Miz_sys/Miz_sys.sdk/system_wrapper_hw_platform_0/ps7_init.tcl' is done.
11:22:44 INFO  : Context for 'APU' is selected.
11:22:44 INFO  : System reset is completed.
11:22:47 INFO  : 'after 3000' command is executed.
11:22:47 INFO  : 'targets -set -filter {jtag_cable_name =~ "Digilent JTAG-HS1 210249854164" && level==0} -index 1' command is executed.
11:22:51 INFO  : FPGA configured successfully with bitstream "F:/MZ7X/MZ702/s3/S03_CH03_AXI_DMA_OV7725_HDMI/Miz_sys/Miz_sys.sdk/system_wrapper_hw_platform_0/system_wrapper.bit"
11:22:51 INFO  : Context for 'APU' is selected.
11:22:51 INFO  : Hardware design information is loaded from 'F:/MZ7X/MZ702/s3/S03_CH03_AXI_DMA_OV7725_HDMI/Miz_sys/Miz_sys.sdk/system_wrapper_hw_platform_0/system.hdf'.
11:22:51 INFO  : Context for 'APU' is selected.
11:22:51 INFO  : 'ps7_init' command is executed.
11:22:51 INFO  : 'ps7_post_config' command is executed.
11:22:51 INFO  : Context for processor 'ps7_cortexa9_0' is selected.
11:22:51 INFO  : The application 'F:/MZ7X/MZ702/s3/S03_CH03_AXI_DMA_OV7725_HDMI/Miz_sys/Miz_sys.sdk/AXI_DMA_OV7725/Debug/AXI_DMA_OV7725.elf' is downloaded to processor 'ps7_cortexa9_0'.
11:22:51 INFO  : ----------------XSDB Script----------------
connect -url tcp:127.0.0.1:3121
source F:/MZ7X/MZ702/s3/S03_CH03_AXI_DMA_OV7725_HDMI/Miz_sys/Miz_sys.sdk/system_wrapper_hw_platform_0/ps7_init.tcl
targets -set -nocase -filter {name =~"APU*" && jtag_cable_name =~ "Digilent JTAG-HS1 210249854164"} -index 0
rst -system
after 3000
targets -set -filter {jtag_cable_name =~ "Digilent JTAG-HS1 210249854164" && level==0} -index 1
fpga -file F:/MZ7X/MZ702/s3/S03_CH03_AXI_DMA_OV7725_HDMI/Miz_sys/Miz_sys.sdk/system_wrapper_hw_platform_0/system_wrapper.bit
targets -set -nocase -filter {name =~"APU*" && jtag_cable_name =~ "Digilent JTAG-HS1 210249854164"} -index 0
loadhw F:/MZ7X/MZ702/s3/S03_CH03_AXI_DMA_OV7725_HDMI/Miz_sys/Miz_sys.sdk/system_wrapper_hw_platform_0/system.hdf
targets -set -nocase -filter {name =~"APU*" && jtag_cable_name =~ "Digilent JTAG-HS1 210249854164"} -index 0
ps7_init
ps7_post_config
targets -set -nocase -filter {name =~ "ARM*#0" && jtag_cable_name =~ "Digilent JTAG-HS1 210249854164"} -index 0
dow F:/MZ7X/MZ702/s3/S03_CH03_AXI_DMA_OV7725_HDMI/Miz_sys/Miz_sys.sdk/AXI_DMA_OV7725/Debug/AXI_DMA_OV7725.elf
----------------End of Script----------------

11:22:51 INFO  : Memory regions updated for context APU
11:22:52 INFO  : Context for processor 'ps7_cortexa9_0' is selected.
11:22:52 INFO  : 'con' command is executed.
11:22:52 INFO  : ----------------XSDB Script (After Launch)----------------
targets -set -nocase -filter {name =~ "ARM*#0" && jtag_cable_name =~ "Digilent JTAG-HS1 210249854164"} -index 0
con
----------------End of Script----------------

11:22:52 INFO  : Launch script is exported to file 'F:\MZ7X\MZ702\s3\S03_CH03_AXI_DMA_OV7725_HDMI\Miz_sys\Miz_sys.sdk\.sdk\launch_scripts\xilinx_c-c++_application_(system_debugger)\system_debugger_using_debug_axi_dma_ov7725.elf_on_local.tcl'
11:23:08 INFO  : Disconnected from the channel tcfchan#1.
13:14:12 INFO  : Registering command handlers for SDK TCF services
13:14:13 INFO  : Launching XSCT server: xsct.bat -interactive F:\MZ7X\MZ701\s3\S03_CH03_AXI_DMA_OV7725_HDMI\Miz_sys\Miz_sys.sdk\temp_xsdb_launch_script.tcl
13:14:14 INFO  : XSCT server has started successfully.
13:14:14 INFO  : Successfully done setting XSCT server connection channel  
13:14:14 INFO  : Processing command line option -hwspec F:/MZ7X/MZ701/s3/S03_CH03_AXI_DMA_OV7725_HDMI/Miz_sys/Miz_sys.sdk/system_wrapper.hdf.
13:14:14 INFO  : Successfully done setting SDK workspace  
13:15:39 INFO  : Launching XSCT server: xsct.bat -interactive F:\MZ7X\MZ701\s3\S03_CH03_AXI_DMA_OV7725_HDMI\Miz_sys\Miz_sys.sdk\temp_xsdb_launch_script.tcl
13:15:40 INFO  : XSCT server has started successfully.
13:15:40 INFO  : Successfully done setting XSCT server connection channel  
13:15:40 INFO  : Successfully done setting SDK workspace  
13:15:41 INFO  : Registering command handlers for SDK TCF services
13:15:41 INFO  : Processing command line option -hwspec F:/MZ7X/MZ701/s3/S03_CH03_AXI_DMA_OV7725_HDMI/Miz_sys/Miz_sys.sdk/system_wrapper.hdf.
13:15:50 INFO  : Connected to target on host '127.0.0.1' and port '3121'.
13:16:02 INFO  : ----------------XSDB Script----------------
connect -url tcp:127.0.0.1:3121
----------------End of Script----------------

13:16:07 INFO  : Connected to target on host '127.0.0.1' and port '3121'.
13:16:07 INFO  : Jtag cable 'Digilent JTAG-HS1 210249854164' is selected.
13:16:07 INFO  : 'jtag frequency' command is executed.
13:16:07 INFO  : Sourcing of 'F:/MZ7X/MZ701/s3/S03_CH03_AXI_DMA_OV7725_HDMI/Miz_sys/Miz_sys.sdk/system_wrapper_hw_platform_0/ps7_init.tcl' is done.
13:16:07 INFO  : Context for 'APU' is selected.
13:16:08 INFO  : System reset is completed.
13:16:11 INFO  : 'after 3000' command is executed.
13:16:11 INFO  : 'targets -set -filter {jtag_cable_name =~ "Digilent JTAG-HS1 210249854164" && level==0} -index 1' command is executed.
13:16:12 INFO  : FPGA configured successfully with bitstream "F:/MZ7X/MZ701/s3/S03_CH03_AXI_DMA_OV7725_HDMI/Miz_sys/Miz_sys.sdk/system_wrapper_hw_platform_0/system_wrapper.bit"
13:16:12 INFO  : Context for 'APU' is selected.
13:16:13 INFO  : Hardware design information is loaded from 'F:/MZ7X/MZ701/s3/S03_CH03_AXI_DMA_OV7725_HDMI/Miz_sys/Miz_sys.sdk/system_wrapper_hw_platform_0/system.hdf'.
13:16:13 INFO  : Context for 'APU' is selected.
13:16:13 INFO  : 'ps7_init' command is executed.
13:16:13 INFO  : 'ps7_post_config' command is executed.
13:16:13 INFO  : Context for processor 'ps7_cortexa9_0' is selected.
13:16:13 INFO  : The application 'F:/MZ7X/MZ701/s3/S03_CH03_AXI_DMA_OV7725_HDMI/Miz_sys/Miz_sys.sdk/AXI_DMA_OV7725/Debug/AXI_DMA_OV7725.elf' is downloaded to processor 'ps7_cortexa9_0'.
13:16:13 INFO  : ----------------XSDB Script----------------
connect -url tcp:127.0.0.1:3121
source F:/MZ7X/MZ701/s3/S03_CH03_AXI_DMA_OV7725_HDMI/Miz_sys/Miz_sys.sdk/system_wrapper_hw_platform_0/ps7_init.tcl
targets -set -nocase -filter {name =~"APU*" && jtag_cable_name =~ "Digilent JTAG-HS1 210249854164"} -index 0
rst -system
after 3000
targets -set -filter {jtag_cable_name =~ "Digilent JTAG-HS1 210249854164" && level==0} -index 1
fpga -file F:/MZ7X/MZ701/s3/S03_CH03_AXI_DMA_OV7725_HDMI/Miz_sys/Miz_sys.sdk/system_wrapper_hw_platform_0/system_wrapper.bit
targets -set -nocase -filter {name =~"APU*" && jtag_cable_name =~ "Digilent JTAG-HS1 210249854164"} -index 0
loadhw F:/MZ7X/MZ701/s3/S03_CH03_AXI_DMA_OV7725_HDMI/Miz_sys/Miz_sys.sdk/system_wrapper_hw_platform_0/system.hdf
targets -set -nocase -filter {name =~"APU*" && jtag_cable_name =~ "Digilent JTAG-HS1 210249854164"} -index 0
ps7_init
ps7_post_config
targets -set -nocase -filter {name =~ "ARM*#0" && jtag_cable_name =~ "Digilent JTAG-HS1 210249854164"} -index 0
dow F:/MZ7X/MZ701/s3/S03_CH03_AXI_DMA_OV7725_HDMI/Miz_sys/Miz_sys.sdk/AXI_DMA_OV7725/Debug/AXI_DMA_OV7725.elf
----------------End of Script----------------

13:16:13 INFO  : Memory regions updated for context APU
13:16:13 INFO  : Context for processor 'ps7_cortexa9_0' is selected.
13:16:13 INFO  : 'con' command is executed.
13:16:13 INFO  : ----------------XSDB Script (After Launch)----------------
targets -set -nocase -filter {name =~ "ARM*#0" && jtag_cable_name =~ "Digilent JTAG-HS1 210249854164"} -index 0
con
----------------End of Script----------------

13:16:13 INFO  : Launch script is exported to file 'F:\MZ7X\MZ701\s3\S03_CH03_AXI_DMA_OV7725_HDMI\Miz_sys\Miz_sys.sdk\.sdk\launch_scripts\xilinx_c-c++_application_(system_debugger)\system_debugger_using_debug_axi_dma_ov7725.elf_on_local.tcl'
13:16:33 INFO  : Disconnected from the channel tcfchan#1.
15:48:58 INFO  : Registering command handlers for SDK TCF services
15:48:58 INFO  : Launching XSCT server: xsct.bat -interactive F:\MZ7X\MZ701-MINI\S03\S03_CH03_AXI_DMA_OV7725_HDMI\Miz_sys\Miz_sys.sdk\temp_xsdb_launch_script.tcl
15:48:59 INFO  : XSCT server has started successfully.
15:48:59 INFO  : Successfully done setting XSCT server connection channel  
15:48:59 INFO  : Successfully done setting SDK workspace  
15:48:59 INFO  : Processing command line option -hwspec F:/MZ7X/MZ701-MINI/S03/S03_CH03_AXI_DMA_OV7725_HDMI/Miz_sys/Miz_sys.sdk/system_wrapper.hdf.
15:49:36 INFO  : Launching XSCT server: xsct.bat -interactive F:\MZ7X\MZ701-MINI\S03\S03_CH03_AXI_DMA_OV7725_HDMI\Miz_sys\Miz_sys.sdk\temp_xsdb_launch_script.tcl
15:49:38 INFO  : XSCT server has started successfully.
15:49:38 INFO  : Successfully done setting XSCT server connection channel  
15:49:38 INFO  : Successfully done setting SDK workspace  
15:49:39 INFO  : Registering command handlers for SDK TCF services
15:49:39 INFO  : Processing command line option -hwspec F:/MZ7X/MZ701-MINI/S03/S03_CH03_AXI_DMA_OV7725_HDMI/Miz_sys/Miz_sys.sdk/system_wrapper.hdf.
15:49:50 INFO  : Connected to target on host '127.0.0.1' and port '3121'.
15:49:54 INFO  : Jtag cable 'Digilent JTAG-HS1 210249854164' is selected.
15:49:54 INFO  : 'jtag frequency' command is executed.
15:49:54 INFO  : Sourcing of 'F:/MZ7X/MZ701-MINI/S03/S03_CH03_AXI_DMA_OV7725_HDMI/Miz_sys/Miz_sys.sdk/system_wrapper_hw_platform_0/ps7_init.tcl' is done.
15:49:54 INFO  : Context for 'APU' is selected.
15:49:54 INFO  : System reset is completed.
15:49:57 INFO  : 'after 3000' command is executed.
15:49:57 INFO  : 'targets -set -filter {jtag_cable_name =~ "Digilent JTAG-HS1 210249854164" && level==0} -index 1' command is executed.
15:49:59 INFO  : FPGA configured successfully with bitstream "F:/MZ7X/MZ701-MINI/S03/S03_CH03_AXI_DMA_OV7725_HDMI/Miz_sys/Miz_sys.sdk/system_wrapper_hw_platform_0/system_wrapper.bit"
15:49:59 INFO  : Context for 'APU' is selected.
15:49:59 INFO  : Hardware design information is loaded from 'F:/MZ7X/MZ701-MINI/S03/S03_CH03_AXI_DMA_OV7725_HDMI/Miz_sys/Miz_sys.sdk/system_wrapper_hw_platform_0/system.hdf'.
15:49:59 INFO  : Context for 'APU' is selected.
15:50:00 INFO  : 'ps7_init' command is executed.
15:50:00 INFO  : 'ps7_post_config' command is executed.
15:50:00 INFO  : Context for processor 'ps7_cortexa9_0' is selected.
15:50:00 INFO  : The application 'F:/MZ7X/MZ701-MINI/S03/S03_CH03_AXI_DMA_OV7725_HDMI/Miz_sys/Miz_sys.sdk/AXI_DMA_OV7725/Debug/AXI_DMA_OV7725.elf' is downloaded to processor 'ps7_cortexa9_0'.
15:50:00 INFO  : ----------------XSDB Script----------------
connect -url tcp:127.0.0.1:3121
source F:/MZ7X/MZ701-MINI/S03/S03_CH03_AXI_DMA_OV7725_HDMI/Miz_sys/Miz_sys.sdk/system_wrapper_hw_platform_0/ps7_init.tcl
targets -set -nocase -filter {name =~"APU*" && jtag_cable_name =~ "Digilent JTAG-HS1 210249854164"} -index 0
rst -system
after 3000
targets -set -filter {jtag_cable_name =~ "Digilent JTAG-HS1 210249854164" && level==0} -index 1
fpga -file F:/MZ7X/MZ701-MINI/S03/S03_CH03_AXI_DMA_OV7725_HDMI/Miz_sys/Miz_sys.sdk/system_wrapper_hw_platform_0/system_wrapper.bit
targets -set -nocase -filter {name =~"APU*" && jtag_cable_name =~ "Digilent JTAG-HS1 210249854164"} -index 0
loadhw F:/MZ7X/MZ701-MINI/S03/S03_CH03_AXI_DMA_OV7725_HDMI/Miz_sys/Miz_sys.sdk/system_wrapper_hw_platform_0/system.hdf
targets -set -nocase -filter {name =~"APU*" && jtag_cable_name =~ "Digilent JTAG-HS1 210249854164"} -index 0
ps7_init
ps7_post_config
targets -set -nocase -filter {name =~ "ARM*#0" && jtag_cable_name =~ "Digilent JTAG-HS1 210249854164"} -index 0
dow F:/MZ7X/MZ701-MINI/S03/S03_CH03_AXI_DMA_OV7725_HDMI/Miz_sys/Miz_sys.sdk/AXI_DMA_OV7725/Debug/AXI_DMA_OV7725.elf
----------------End of Script----------------

15:50:00 INFO  : Memory regions updated for context APU
15:50:00 INFO  : Context for processor 'ps7_cortexa9_0' is selected.
15:50:00 INFO  : 'con' command is executed.
15:50:00 INFO  : ----------------XSDB Script (After Launch)----------------
targets -set -nocase -filter {name =~ "ARM*#0" && jtag_cable_name =~ "Digilent JTAG-HS1 210249854164"} -index 0
con
----------------End of Script----------------

15:50:00 INFO  : Launch script is exported to file 'F:\MZ7X\MZ701-MINI\S03\S03_CH03_AXI_DMA_OV7725_HDMI\Miz_sys\Miz_sys.sdk\.sdk\launch_scripts\xilinx_c-c++_application_(system_debugger)\system_debugger_using_debug_axi_dma_ov7725.elf_on_local.tcl'
15:50:44 INFO  : Disconnected from the channel tcfchan#1.
15:50:45 INFO  : Connected to target on host '127.0.0.1' and port '3121'.
15:50:45 INFO  : Jtag cable 'Digilent JTAG-HS1 210249854164' is selected.
15:50:45 INFO  : 'jtag frequency' command is executed.
15:50:45 INFO  : Sourcing of 'F:/MZ7X/MZ701-MINI/S03/S03_CH03_AXI_DMA_OV7725_HDMI/Miz_sys/Miz_sys.sdk/system_wrapper_hw_platform_0/ps7_init.tcl' is done.
15:50:45 INFO  : Context for 'APU' is selected.
15:50:45 INFO  : System reset is completed.
15:50:48 INFO  : 'after 3000' command is executed.
15:50:48 INFO  : 'targets -set -filter {jtag_cable_name =~ "Digilent JTAG-HS1 210249854164" && level==0} -index 1' command is executed.
15:50:50 INFO  : FPGA configured successfully with bitstream "F:/MZ7X/MZ701-MINI/S03/S03_CH03_AXI_DMA_OV7725_HDMI/Miz_sys/Miz_sys.sdk/system_wrapper_hw_platform_0/system_wrapper.bit"
15:50:50 INFO  : Context for 'APU' is selected.
15:50:52 INFO  : Hardware design information is loaded from 'F:/MZ7X/MZ701-MINI/S03/S03_CH03_AXI_DMA_OV7725_HDMI/Miz_sys/Miz_sys.sdk/system_wrapper_hw_platform_0/system.hdf'.
15:50:52 INFO  : Context for 'APU' is selected.
15:50:52 INFO  : 'ps7_init' command is executed.
15:50:52 INFO  : 'ps7_post_config' command is executed.
15:50:52 INFO  : Context for processor 'ps7_cortexa9_0' is selected.
15:50:52 INFO  : The application 'F:/MZ7X/MZ701-MINI/S03/S03_CH03_AXI_DMA_OV7725_HDMI/Miz_sys/Miz_sys.sdk/AXI_DMA_OV7725/Debug/AXI_DMA_OV7725.elf' is downloaded to processor 'ps7_cortexa9_0'.
15:50:52 INFO  : ----------------XSDB Script----------------
connect -url tcp:127.0.0.1:3121
source F:/MZ7X/MZ701-MINI/S03/S03_CH03_AXI_DMA_OV7725_HDMI/Miz_sys/Miz_sys.sdk/system_wrapper_hw_platform_0/ps7_init.tcl
targets -set -nocase -filter {name =~"APU*" && jtag_cable_name =~ "Digilent JTAG-HS1 210249854164"} -index 0
rst -system
after 3000
targets -set -filter {jtag_cable_name =~ "Digilent JTAG-HS1 210249854164" && level==0} -index 1
fpga -file F:/MZ7X/MZ701-MINI/S03/S03_CH03_AXI_DMA_OV7725_HDMI/Miz_sys/Miz_sys.sdk/system_wrapper_hw_platform_0/system_wrapper.bit
targets -set -nocase -filter {name =~"APU*" && jtag_cable_name =~ "Digilent JTAG-HS1 210249854164"} -index 0
loadhw F:/MZ7X/MZ701-MINI/S03/S03_CH03_AXI_DMA_OV7725_HDMI/Miz_sys/Miz_sys.sdk/system_wrapper_hw_platform_0/system.hdf
targets -set -nocase -filter {name =~"APU*" && jtag_cable_name =~ "Digilent JTAG-HS1 210249854164"} -index 0
ps7_init
ps7_post_config
targets -set -nocase -filter {name =~ "ARM*#0" && jtag_cable_name =~ "Digilent JTAG-HS1 210249854164"} -index 0
dow F:/MZ7X/MZ701-MINI/S03/S03_CH03_AXI_DMA_OV7725_HDMI/Miz_sys/Miz_sys.sdk/AXI_DMA_OV7725/Debug/AXI_DMA_OV7725.elf
----------------End of Script----------------

15:50:52 INFO  : Memory regions updated for context APU
15:50:52 INFO  : Context for processor 'ps7_cortexa9_0' is selected.
15:50:52 INFO  : 'con' command is executed.
15:50:52 INFO  : ----------------XSDB Script (After Launch)----------------
targets -set -nocase -filter {name =~ "ARM*#0" && jtag_cable_name =~ "Digilent JTAG-HS1 210249854164"} -index 0
con
----------------End of Script----------------

15:50:52 INFO  : Launch script is exported to file 'F:\MZ7X\MZ701-MINI\S03\S03_CH03_AXI_DMA_OV7725_HDMI\Miz_sys\Miz_sys.sdk\.sdk\launch_scripts\xilinx_c-c++_application_(system_debugger)\system_debugger_using_debug_axi_dma_ov7725.elf_on_local.tcl'
15:51:14 INFO  : Disconnected from the channel tcfchan#2.
18:30:56 INFO  : Registering command handlers for SDK TCF services
18:30:57 INFO  : Launching XSCT server: xsct -n -interactive /media/hubbery/LENOVO1/360Downloads/MZ701Amini/离线下载/MZ701Amini/S03/S03_CH03_AXI_DMA_OV7725_HDMI/Miz_sys/Miz_sys.sdk/temp_xsdb_launch_script.tcl
18:30:59 INFO  : XSCT server has started successfully.
18:30:59 INFO  : Successfully done setting XSCT server connection channel  
18:30:59 INFO  : Successfully done setting SDK workspace  
18:30:59 INFO  : Processing command line option -hwspec /media/hubbery/LENOVO1/360Downloads/MZ701Amini/离线下载/MZ701Amini/S03/S03_CH03_AXI_DMA_OV7725_HDMI/Miz_sys/Miz_sys.sdk/system_wrapper.hdf.
18:31:26 INFO  : Connected to target on host '127.0.0.1' and port '3121'.
18:31:27 INFO  : Jtag cable 'Digilent JTAG-HS1 210249854657' is selected.
18:31:27 INFO  : 'jtag frequency' command is executed.
18:31:27 INFO  : Sourcing of '/media/hubbery/LENOVO1/360Downloads/MZ701Amini/离线下载/MZ701Amini/S03/S03_CH03_AXI_DMA_OV7725_HDMI/Miz_sys/Miz_sys.sdk/system_wrapper_hw_platform_0/ps7_init.tcl' is done.
18:31:27 INFO  : Context for 'APU' is selected.
18:31:27 INFO  : System reset is completed.
18:31:30 INFO  : 'after 3000' command is executed.
18:31:30 INFO  : 'targets -set -filter {jtag_cable_name =~ "Digilent JTAG-HS1 210249854657" && level==0} -index 1' command is executed.
18:31:32 INFO  : FPGA configured successfully with bitstream "/media/hubbery/LENOVO1/360Downloads/MZ701Amini/离线下载/MZ701Amini/S03/S03_CH03_AXI_DMA_OV7725_HDMI/Miz_sys/Miz_sys.sdk/system_wrapper_hw_platform_0/system_wrapper.bit"
18:31:32 INFO  : Context for 'APU' is selected.
18:31:32 INFO  : Hardware design information is loaded from '/media/hubbery/LENOVO1/360Downloads/MZ701Amini/离线下载/MZ701Amini/S03/S03_CH03_AXI_DMA_OV7725_HDMI/Miz_sys/Miz_sys.sdk/system_wrapper_hw_platform_0/system.hdf'.
18:31:32 INFO  : 'configparams force-mem-access 1' command is executed.
18:31:32 INFO  : Context for 'APU' is selected.
18:31:32 INFO  : 'ps7_init' command is executed.
18:31:33 INFO  : 'ps7_post_config' command is executed.
18:31:33 INFO  : Context for processor 'ps7_cortexa9_0' is selected.
18:31:33 INFO  : The application '/media/hubbery/LENOVO1/360Downloads/MZ701Amini/离线下载/MZ701Amini/S03/S03_CH03_AXI_DMA_OV7725_HDMI/Miz_sys/Miz_sys.sdk/AXI_DMA_OV7725/Debug/AXI_DMA_OV7725.elf' is downloaded to processor 'ps7_cortexa9_0'.
18:31:33 INFO  : 'configparams force-mem-access 0' command is executed.
18:31:33 INFO  : ----------------XSDB Script----------------
connect -url tcp:127.0.0.1:3121
source /media/hubbery/LENOVO1/360Downloads/MZ701Amini/离线下载/MZ701Amini/S03/S03_CH03_AXI_DMA_OV7725_HDMI/Miz_sys/Miz_sys.sdk/system_wrapper_hw_platform_0/ps7_init.tcl
targets -set -nocase -filter {name =~"APU*" && jtag_cable_name =~ "Digilent JTAG-HS1 210249854657"} -index 0
rst -system
after 3000
targets -set -filter {jtag_cable_name =~ "Digilent JTAG-HS1 210249854657" && level==0} -index 1
fpga -file /media/hubbery/LENOVO1/360Downloads/MZ701Amini/离线下载/MZ701Amini/S03/S03_CH03_AXI_DMA_OV7725_HDMI/Miz_sys/Miz_sys.sdk/system_wrapper_hw_platform_0/system_wrapper.bit
targets -set -nocase -filter {name =~"APU*" && jtag_cable_name =~ "Digilent JTAG-HS1 210249854657"} -index 0
loadhw -hw /media/hubbery/LENOVO1/360Downloads/MZ701Amini/离线下载/MZ701Amini/S03/S03_CH03_AXI_DMA_OV7725_HDMI/Miz_sys/Miz_sys.sdk/system_wrapper_hw_platform_0/system.hdf -mem-ranges [list {0x40000000 0xbfffffff}]
configparams force-mem-access 1
targets -set -nocase -filter {name =~"APU*" && jtag_cable_name =~ "Digilent JTAG-HS1 210249854657"} -index 0
ps7_init
ps7_post_config
targets -set -nocase -filter {name =~ "ARM*#0" && jtag_cable_name =~ "Digilent JTAG-HS1 210249854657"} -index 0
dow /media/hubbery/LENOVO1/360Downloads/MZ701Amini/离线下载/MZ701Amini/S03/S03_CH03_AXI_DMA_OV7725_HDMI/Miz_sys/Miz_sys.sdk/AXI_DMA_OV7725/Debug/AXI_DMA_OV7725.elf
configparams force-mem-access 0
----------------End of Script----------------

18:31:33 INFO  : Memory regions updated for context APU
18:31:33 INFO  : Context for processor 'ps7_cortexa9_0' is selected.
18:31:33 INFO  : 'con' command is executed.
18:31:33 INFO  : ----------------XSDB Script (After Launch)----------------
targets -set -nocase -filter {name =~ "ARM*#0" && jtag_cable_name =~ "Digilent JTAG-HS1 210249854657"} -index 0
con
----------------End of Script----------------

18:31:33 INFO  : Launch script is exported to file '/media/hubbery/LENOVO1/360Downloads/MZ701Amini/离线下载/MZ701Amini/S03/S03_CH03_AXI_DMA_OV7725_HDMI/Miz_sys/Miz_sys.sdk/.sdk/launch_scripts/xilinx_c-c++_application_(system_debugger)/system_debugger_using_debug_axi_dma_ov7725.elf_on_local.tcl'
18:33:58 INFO  : Disconnected from the channel tcfchan#1.
22:49:14 INFO  : Launching XSCT server: xsct -n -interactive /media/hubbery/LENOVO1/360Downloads/MZ701Amini/离线下载/MZ701Amini/S03/S03_CH03_AXI_DMA_OV7725_HDMI/Miz_sys/Miz_sys.sdk/temp_xsdb_launch_script.tcl
22:49:15 INFO  : XSCT server has started successfully.
22:49:15 INFO  : Successfully done setting XSCT server connection channel  
22:49:18 INFO  : Successfully done setting SDK workspace  
22:49:20 INFO  : Registering command handlers for SDK TCF services
22:49:21 INFO  : Processing command line option -hwspec /media/hubbery/LENOVO1/360Downloads/MZ701Amini/离线下载/MZ701Amini/S03/S03_CH03_AXI_DMA_OV7725_HDMI/Miz_sys/Miz_sys.sdk/system_wrapper.hdf.
22:49:22 INFO  : Checking for hwspec changes in the project system_wrapper_hw_platform_1.
22:50:38 INFO  : Connected to target on host '127.0.0.1' and port '3121'.
22:50:38 INFO  : Jtag cable 'Digilent JTAG-HS1 210249854657' is selected.
22:50:38 INFO  : 'jtag frequency' command is executed.
22:50:38 INFO  : Sourcing of '/media/hubbery/LENOVO1/360Downloads/MZ701Amini/离线下载/MZ701Amini/S03/S03_CH03_AXI_DMA_OV7725_HDMI/Miz_sys/Miz_sys.sdk/system_wrapper_hw_platform_0/ps7_init.tcl' is done.
22:50:39 INFO  : Context for 'APU' is selected.
22:50:39 INFO  : System reset is completed.
22:50:42 INFO  : 'after 3000' command is executed.
22:50:42 INFO  : 'targets -set -filter {jtag_cable_name =~ "Digilent JTAG-HS1 210249854657" && level==0} -index 1' command is executed.
22:50:44 INFO  : FPGA configured successfully with bitstream "/media/hubbery/LENOVO1/360Downloads/MZ701Amini/离线下载/MZ701Amini/S03/S03_CH03_AXI_DMA_OV7725_HDMI/Miz_sys/Miz_sys.sdk/system_wrapper_hw_platform_0/system_wrapper.bit"
22:50:44 INFO  : Context for 'APU' is selected.
22:50:44 INFO  : Hardware design information is loaded from '/media/hubbery/LENOVO1/360Downloads/MZ701Amini/离线下载/MZ701Amini/S03/S03_CH03_AXI_DMA_OV7725_HDMI/Miz_sys/Miz_sys.sdk/system_wrapper_hw_platform_0/system.hdf'.
22:50:44 INFO  : 'configparams force-mem-access 1' command is executed.
22:50:44 INFO  : Context for 'APU' is selected.
22:50:44 INFO  : 'ps7_init' command is executed.
22:50:44 INFO  : 'ps7_post_config' command is executed.
22:50:44 INFO  : Context for processor 'ps7_cortexa9_0' is selected.
22:50:45 INFO  : The application '/media/hubbery/LENOVO1/360Downloads/MZ701Amini/离线下载/MZ701Amini/S03/S03_CH03_AXI_DMA_OV7725_HDMI/Miz_sys/Miz_sys.sdk/AXI_DMA_OV7725/Debug/AXI_DMA_OV7725.elf' is downloaded to processor 'ps7_cortexa9_0'.
22:50:45 INFO  : 'configparams force-mem-access 0' command is executed.
22:50:45 INFO  : ----------------XSDB Script----------------
connect -url tcp:127.0.0.1:3121
source /media/hubbery/LENOVO1/360Downloads/MZ701Amini/离线下载/MZ701Amini/S03/S03_CH03_AXI_DMA_OV7725_HDMI/Miz_sys/Miz_sys.sdk/system_wrapper_hw_platform_0/ps7_init.tcl
targets -set -nocase -filter {name =~"APU*" && jtag_cable_name =~ "Digilent JTAG-HS1 210249854657"} -index 0
rst -system
after 3000
targets -set -filter {jtag_cable_name =~ "Digilent JTAG-HS1 210249854657" && level==0} -index 1
fpga -file /media/hubbery/LENOVO1/360Downloads/MZ701Amini/离线下载/MZ701Amini/S03/S03_CH03_AXI_DMA_OV7725_HDMI/Miz_sys/Miz_sys.sdk/system_wrapper_hw_platform_0/system_wrapper.bit
targets -set -nocase -filter {name =~"APU*" && jtag_cable_name =~ "Digilent JTAG-HS1 210249854657"} -index 0
loadhw -hw /media/hubbery/LENOVO1/360Downloads/MZ701Amini/离线下载/MZ701Amini/S03/S03_CH03_AXI_DMA_OV7725_HDMI/Miz_sys/Miz_sys.sdk/system_wrapper_hw_platform_0/system.hdf -mem-ranges [list {0x40000000 0xbfffffff}]
configparams force-mem-access 1
targets -set -nocase -filter {name =~"APU*" && jtag_cable_name =~ "Digilent JTAG-HS1 210249854657"} -index 0
ps7_init
ps7_post_config
targets -set -nocase -filter {name =~ "ARM*#0" && jtag_cable_name =~ "Digilent JTAG-HS1 210249854657"} -index 0
dow /media/hubbery/LENOVO1/360Downloads/MZ701Amini/离线下载/MZ701Amini/S03/S03_CH03_AXI_DMA_OV7725_HDMI/Miz_sys/Miz_sys.sdk/AXI_DMA_OV7725/Debug/AXI_DMA_OV7725.elf
configparams force-mem-access 0
----------------End of Script----------------

22:50:45 INFO  : Memory regions updated for context APU
22:50:45 INFO  : Context for processor 'ps7_cortexa9_0' is selected.
22:50:45 INFO  : 'con' command is executed.
22:50:45 INFO  : ----------------XSDB Script (After Launch)----------------
targets -set -nocase -filter {name =~ "ARM*#0" && jtag_cable_name =~ "Digilent JTAG-HS1 210249854657"} -index 0
con
----------------End of Script----------------

22:50:45 INFO  : Launch script is exported to file '/media/hubbery/LENOVO1/360Downloads/MZ701Amini/离线下载/MZ701Amini/S03/S03_CH03_AXI_DMA_OV7725_HDMI/Miz_sys/Miz_sys.sdk/.sdk/launch_scripts/xilinx_c-c++_application_(system_debugger)/system_debugger_using_debug_axi_dma_ov7725.elf_on_local.tcl'
23:01:41 INFO  : Disconnected from the channel tcfchan#1.
21:52:18 INFO  : Registering command handlers for SDK TCF services
21:52:20 INFO  : Launching XSCT server: xsct.bat -interactive D:\360Downloads\MZ701Amini\xxx\MZ701Amini\S03\S03_CH03_AXI_DMA_OV7725_HDMI\Miz_sys\Miz_sys.sdk\temp_xsdb_launch_script.tcl
21:52:25 INFO  : XSCT server has started successfully.
21:52:29 INFO  : Processing command line option -hwspec D:/360Downloads/MZ701Amini/xxx/MZ701Amini/S03/S03_CH03_AXI_DMA_OV7725_HDMI/Miz_sys/Miz_sys.sdk/system_wrapper.hdf.
21:52:39 INFO  : Successfully done setting XSCT server connection channel  
21:52:43 INFO  : Successfully done setting SDK workspace  
21:54:35 ERROR : Interrupted exception while waiting for the completion of command '::hsi::utils::get_addr_ranges -json D:/360Downloads/MZ701Amini/xxx/MZ701Amini/S03/S03_CH03_AXI_DMA_OV7725_HDMI/Miz_sys/Miz_sys.sdk/system_wrapper_hw_platform_2/system.hdf ps7_cortexa9_0'
21:54:35 ERROR : Failed to get memory ranges of processor
java.lang.InterruptedException
	at java.lang.Object.wait(Native Method)
	at java.lang.Object.wait(Object.java:502)
	at com.xilinx.sdk.xsdb.XsdbCommandWaitHandler.waitForCompletion(XsdbCommandWaitHandler.java:51)
	at com.xilinx.sdk.xsdb.XSDBCommandManager.issueAndWait(XSDBCommandManager.java:401)
	at com.xilinx.sdk.xsdb.XsdbCommandUtils.executeAndRespond(XsdbCommandUtils.java:307)
	at com.xilinx.sdk.hw.internal.HwPlatform.populateMemRanges(HwPlatform.java:1043)
	at com.xilinx.sdk.hw.internal.HwPlatform.getMemoryMap(HwPlatform.java:1016)
	at com.xilinx.sdk.hw.internal.editors.OverviewPage.fillMemoryMap(OverviewPage.java:333)
	at com.xilinx.sdk.hw.internal.editors.OverviewPage.createFormContent(OverviewPage.java:128)
	at org.eclipse.ui.forms.editor.FormPage$1.run(FormPage.java:166)
	at org.eclipse.swt.custom.BusyIndicator.showWhile(BusyIndicator.java:70)
	at org.eclipse.ui.forms.editor.FormPage.createPartControl(FormPage.java:163)
	at org.eclipse.ui.forms.editor.FormEditor.pageChange(FormEditor.java:480)
	at org.eclipse.ui.part.MultiPageEditorPart.setActivePage(MultiPageEditorPart.java:1102)
	at org.eclipse.ui.forms.editor.FormEditor.setActivePage(FormEditor.java:614)
	at org.eclipse.ui.part.MultiPageEditorPart.createPartControl(MultiPageEditorPart.java:367)
	at org.eclipse.ui.internal.e4.compatibility.CompatibilityPart.createPartControl(CompatibilityPart.java:150)
	at org.eclipse.ui.internal.e4.compatibility.CompatibilityEditor.createPartControl(CompatibilityEditor.java:99)
	at org.eclipse.ui.internal.e4.compatibility.CompatibilityPart.create(CompatibilityPart.java:340)
	at sun.reflect.NativeMethodAccessorImpl.invoke0(Native Method)
	at sun.reflect.NativeMethodAccessorImpl.invoke(NativeMethodAccessorImpl.java:62)
	at sun.reflect.DelegatingMethodAccessorImpl.invoke(DelegatingMethodAccessorImpl.java:43)
	at java.lang.reflect.Method.invoke(Method.java:498)
	at org.eclipse.e4.core.internal.di.MethodRequestor.execute(MethodRequestor.java:55)
	at org.eclipse.e4.core.internal.di.InjectorImpl.processAnnotated(InjectorImpl.java:966)
	at org.eclipse.e4.core.internal.di.InjectorImpl.processAnnotated(InjectorImpl.java:931)
	at org.eclipse.e4.core.internal.di.InjectorImpl.inject(InjectorImpl.java:151)
	at org.eclipse.e4.core.internal.di.InjectorImpl.internalMake(InjectorImpl.java:375)
	at org.eclipse.e4.core.internal.di.InjectorImpl.make(InjectorImpl.java:294)
	at org.eclipse.e4.core.contexts.ContextInjectionFactory.make(ContextInjectionFactory.java:162)
	at org.eclipse.e4.ui.internal.workbench.ReflectionContributionFactory.createFromBundle(ReflectionContributionFactory.java:105)
	at org.eclipse.e4.ui.internal.workbench.ReflectionContributionFactory.doCreate(ReflectionContributionFactory.java:74)
	at org.eclipse.e4.ui.internal.workbench.ReflectionContributionFactory.create(ReflectionContributionFactory.java:56)
	at org.eclipse.e4.ui.workbench.renderers.swt.ContributedPartRenderer.createWidget(ContributedPartRenderer.java:129)
	at org.eclipse.e4.ui.internal.workbench.swt.PartRenderingEngine.createWidget(PartRenderingEngine.java:975)
	at org.eclipse.e4.ui.internal.workbench.swt.PartRenderingEngine.safeCreateGui(PartRenderingEngine.java:651)
	at org.eclipse.e4.ui.internal.workbench.swt.PartRenderingEngine.safeCreateGui(PartRenderingEngine.java:757)
	at org.eclipse.e4.ui.internal.workbench.swt.PartRenderingEngine.access$0(PartRenderingEngine.java:728)
	at org.eclipse.e4.ui.internal.workbench.swt.PartRenderingEngine$2.run(PartRenderingEngine.java:722)
	at org.eclipse.core.runtime.SafeRunner.run(SafeRunner.java:42)
	at org.eclipse.e4.ui.internal.workbench.swt.PartRenderingEngine.createGui(PartRenderingEngine.java:706)
	at org.eclipse.e4.ui.workbench.renderers.swt.StackRenderer.showTab(StackRenderer.java:1317)
	at org.eclipse.e4.ui.workbench.renderers.swt.LazyStackRenderer$1.handleEvent(LazyStackRenderer.java:72)
	at org.eclipse.e4.ui.services.internal.events.UIEventHandler$1.run(UIEventHandler.java:40)
	at org.eclipse.swt.widgets.Synchronizer.syncExec(Synchronizer.java:233)
	at org.eclipse.ui.internal.UISynchronizer.syncExec(UISynchronizer.java:145)
	at org.eclipse.swt.widgets.Display.syncExec(Display.java:4813)
	at org.eclipse.e4.ui.internal.workbench.swt.E4Application$1.syncExec(E4Application.java:211)
	at org.eclipse.e4.ui.services.internal.events.UIEventHandler.handleEvent(UIEventHandler.java:36)
	at org.eclipse.equinox.internal.event.EventHandlerWrapper.handleEvent(EventHandlerWrapper.java:201)
	at org.eclipse.equinox.internal.event.EventHandlerTracker.dispatchEvent(EventHandlerTracker.java:197)
	at org.eclipse.equinox.internal.event.EventHandlerTracker.dispatchEvent(EventHandlerTracker.java:1)
	at org.eclipse.osgi.framework.eventmgr.EventManager.dispatchEvent(EventManager.java:230)
	at org.eclipse.osgi.framework.eventmgr.ListenerQueue.dispatchEventSynchronous(ListenerQueue.java:148)
	at org.eclipse.equinox.internal.event.EventAdminImpl.dispatchEvent(EventAdminImpl.java:135)
	at org.eclipse.equinox.internal.event.EventAdminImpl.sendEvent(EventAdminImpl.java:78)
	at org.eclipse.equinox.internal.event.EventComponent.sendEvent(EventComponent.java:39)
	at org.eclipse.e4.ui.services.internal.events.EventBroker.send(EventBroker.java:94)
	at org.eclipse.e4.ui.internal.workbench.UIEventPublisher.notifyChanged(UIEventPublisher.java:60)
	at org.eclipse.emf.common.notify.impl.BasicNotifierImpl.eNotify(BasicNotifierImpl.java:374)
	at org.eclipse.e4.ui.model.application.ui.impl.ElementContainerImpl.setSelectedElement(ElementContainerImpl.java:173)
	at org.eclipse.e4.ui.internal.workbench.ModelServiceImpl.showElementInWindow(ModelServiceImpl.java:617)
	at org.eclipse.e4.ui.internal.workbench.ModelServiceImpl.bringToTop(ModelServiceImpl.java:581)
	at org.eclipse.e4.ui.internal.workbench.PartServiceImpl.delegateBringToTop(PartServiceImpl.java:770)
	at org.eclipse.e4.ui.internal.workbench.PartServiceImpl.showPart(PartServiceImpl.java:1211)
	at org.eclipse.ui.internal.WorkbenchPage.busyOpenEditor(WorkbenchPage.java:3261)
	at org.eclipse.ui.internal.WorkbenchPage.access$25(WorkbenchPage.java:3176)
	at org.eclipse.ui.internal.WorkbenchPage$10.run(WorkbenchPage.java:3158)
	at org.eclipse.swt.custom.BusyIndicator.showWhile(BusyIndicator.java:70)
	at org.eclipse.ui.internal.WorkbenchPage.openEditor(WorkbenchPage.java:3153)
	at org.eclipse.ui.internal.WorkbenchPage.openEditor(WorkbenchPage.java:3117)
	at org.eclipse.ui.internal.WorkbenchPage.openEditor(WorkbenchPage.java:3098)
	at com.xilinx.sdk.hw.HwProjectUtil.selectAndOpenHwSpec(HwProjectUtil.java:486)
	at com.xilinx.sdk.startup.InitSDK$15.run(InitSDK.java:526)
	at org.eclipse.swt.widgets.RunnableLock.run(RunnableLock.java:35)
	at org.eclipse.swt.widgets.Synchronizer.runAsyncMessages(Synchronizer.java:182)
	at org.eclipse.swt.widgets.Display.runAsyncMessages(Display.java:4203)
	at org.eclipse.swt.widgets.Display.readAndDispatch(Display.java:3819)
	at org.eclipse.e4.ui.internal.workbench.swt.PartRenderingEngine$4.run(PartRenderingEngine.java:1121)
	at org.eclipse.core.databinding.observable.Realm.runWithDefault(Realm.java:336)
	at org.eclipse.e4.ui.internal.workbench.swt.PartRenderingEngine.run(PartRenderingEngine.java:1022)
	at org.eclipse.e4.ui.internal.workbench.E4Workbench.createAndRunUI(E4Workbench.java:150)
	at org.eclipse.ui.internal.Workbench$5.run(Workbench.java:687)
	at org.eclipse.core.databinding.observable.Realm.runWithDefault(Realm.java:336)
	at org.eclipse.ui.internal.Workbench.createAndRunWorkbench(Workbench.java:604)
	at org.eclipse.ui.PlatformUI.createAndRunWorkbench(PlatformUI.java:148)
	at org.eclipse.ui.internal.ide.application.IDEApplication.start(IDEApplication.java:138)
	at org.eclipse.equinox.internal.app.EclipseAppHandle.run(EclipseAppHandle.java:196)
	at org.eclipse.core.runtime.internal.adaptor.EclipseAppLauncher.runApplication(EclipseAppLauncher.java:134)
	at org.eclipse.core.runtime.internal.adaptor.EclipseAppLauncher.start(EclipseAppLauncher.java:104)
	at org.eclipse.core.runtime.adaptor.EclipseStarter.run(EclipseStarter.java:388)
	at org.eclipse.core.runtime.adaptor.EclipseStarter.run(EclipseStarter.java:243)
	at sun.reflect.NativeMethodAccessorImpl.invoke0(Native Method)
	at sun.reflect.NativeMethodAccessorImpl.invoke(NativeMethodAccessorImpl.java:62)
	at sun.reflect.DelegatingMethodAccessorImpl.invoke(DelegatingMethodAccessorImpl.java:43)
	at java.lang.reflect.Method.invoke(Method.java:498)
	at org.eclipse.equinox.launcher.Main.invokeFramework(Main.java:673)
	at org.eclipse.equinox.launcher.Main.basicRun(Main.java:610)
	at org.eclipse.equinox.launcher.Main.run(Main.java:1519)
21:54:37 INFO  : Connected to target on host '127.0.0.1' and port '3121'.
21:54:39 INFO  : Jtag cable 'Digilent JTAG-HS1 210249854657' is selected.
21:54:39 INFO  : 'jtag frequency' command is executed.
21:54:39 INFO  : Sourcing of 'D:/360Downloads/MZ701Amini/xxx/MZ701Amini/S03/S03_CH03_AXI_DMA_OV7725_HDMI/Miz_sys/Miz_sys.sdk/system_wrapper_hw_platform_0/ps7_init.tcl' is done.
21:54:39 INFO  : Context for 'APU' is selected.
21:54:39 INFO  : System reset is completed.
21:54:42 INFO  : 'after 3000' command is executed.
21:54:42 INFO  : 'targets -set -filter {jtag_cable_name =~ "Digilent JTAG-HS1 210249854657" && level==0} -index 1' command is executed.
21:54:44 INFO  : FPGA configured successfully with bitstream "D:/360Downloads/MZ701Amini/xxx/MZ701Amini/S03/S03_CH03_AXI_DMA_OV7725_HDMI/Miz_sys/Miz_sys.sdk/system_wrapper_hw_platform_0/system_wrapper.bit"
21:54:44 INFO  : Context for 'APU' is selected.
21:54:44 INFO  : Hardware design information is loaded from 'D:/360Downloads/MZ701Amini/xxx/MZ701Amini/S03/S03_CH03_AXI_DMA_OV7725_HDMI/Miz_sys/Miz_sys.sdk/system_wrapper_hw_platform_0/system.hdf'.
21:54:44 INFO  : 'configparams force-mem-access 1' command is executed.
21:54:44 INFO  : Context for 'APU' is selected.
21:54:45 INFO  : 'ps7_init' command is executed.
21:54:45 INFO  : 'ps7_post_config' command is executed.
21:54:45 INFO  : Context for processor 'ps7_cortexa9_0' is selected.
21:54:45 INFO  : The application 'D:/360Downloads/MZ701Amini/xxx/MZ701Amini/S03/S03_CH03_AXI_DMA_OV7725_HDMI/Miz_sys/Miz_sys.sdk/AXI_DMA_OV7725/Debug/AXI_DMA_OV7725.elf' is downloaded to processor 'ps7_cortexa9_0'.
21:54:45 INFO  : 'configparams force-mem-access 0' command is executed.
21:54:45 INFO  : ----------------XSDB Script----------------
connect -url tcp:127.0.0.1:3121
source D:/360Downloads/MZ701Amini/xxx/MZ701Amini/S03/S03_CH03_AXI_DMA_OV7725_HDMI/Miz_sys/Miz_sys.sdk/system_wrapper_hw_platform_0/ps7_init.tcl
targets -set -nocase -filter {name =~"APU*" && jtag_cable_name =~ "Digilent JTAG-HS1 210249854657"} -index 0
rst -system
after 3000
targets -set -filter {jtag_cable_name =~ "Digilent JTAG-HS1 210249854657" && level==0} -index 1
fpga -file D:/360Downloads/MZ701Amini/xxx/MZ701Amini/S03/S03_CH03_AXI_DMA_OV7725_HDMI/Miz_sys/Miz_sys.sdk/system_wrapper_hw_platform_0/system_wrapper.bit
targets -set -nocase -filter {name =~"APU*" && jtag_cable_name =~ "Digilent JTAG-HS1 210249854657"} -index 0
loadhw -hw D:/360Downloads/MZ701Amini/xxx/MZ701Amini/S03/S03_CH03_AXI_DMA_OV7725_HDMI/Miz_sys/Miz_sys.sdk/system_wrapper_hw_platform_0/system.hdf -mem-ranges [list {0x40000000 0xbfffffff}]
configparams force-mem-access 1
targets -set -nocase -filter {name =~"APU*" && jtag_cable_name =~ "Digilent JTAG-HS1 210249854657"} -index 0
ps7_init
ps7_post_config
targets -set -nocase -filter {name =~ "ARM*#0" && jtag_cable_name =~ "Digilent JTAG-HS1 210249854657"} -index 0
dow D:/360Downloads/MZ701Amini/xxx/MZ701Amini/S03/S03_CH03_AXI_DMA_OV7725_HDMI/Miz_sys/Miz_sys.sdk/AXI_DMA_OV7725/Debug/AXI_DMA_OV7725.elf
configparams force-mem-access 0
----------------End of Script----------------

21:54:45 INFO  : Memory regions updated for context APU
21:54:45 INFO  : Context for processor 'ps7_cortexa9_0' is selected.
21:54:45 INFO  : 'con' command is executed.
21:54:45 INFO  : ----------------XSDB Script (After Launch)----------------
targets -set -nocase -filter {name =~ "ARM*#0" && jtag_cable_name =~ "Digilent JTAG-HS1 210249854657"} -index 0
con
----------------End of Script----------------

21:54:45 INFO  : Launch script is exported to file 'D:\360Downloads\MZ701Amini\xxx\MZ701Amini\S03\S03_CH03_AXI_DMA_OV7725_HDMI\Miz_sys\Miz_sys.sdk\.sdk\launch_scripts\xilinx_c-c++_application_(system_debugger)\system_debugger_using_debug_axi_dma_ov7725.elf_on_local.tcl'
22:04:31 INFO  : Disconnected from the channel tcfchan#1.
00:20:31 INFO  : Launching XSCT server: xsct.bat -interactive D:\git\DMA-S2MM-and-MM2S\project\DMA_video\Miz_sys.sdk\temp_xsdb_launch_script.tcl
00:20:36 INFO  : XSCT server has started successfully.
00:20:36 INFO  : Successfully done setting XSCT server connection channel  
00:20:48 INFO  : Successfully done setting SDK workspace  
00:20:52 INFO  : Registering command handlers for SDK TCF services
00:20:58 INFO  : Processing command line option -hwspec D:/git/DMA-S2MM-and-MM2S/project/DMA_video/Miz_sys.sdk/system_wrapper.hdf.
00:22:16 ERROR : (XSDB Server)ERROR: [Hsi 55-1594] Core cpu_cortexa9 of version 2.3 not found in repositories

00:22:16 ERROR : (XSDB Server)ERROR: [Hsi 55-1452] Error: running open_sw_design.

00:22:16 ERROR :  [Common 17-39] 'hsi::open_sw_design' failed due to earlier errors.
00:22:16 ERROR : (XSDB Server)ERROR: [Hsi 55-1594] Core cpu_cortexa9 of version 2.3 not found in repositories

00:22:16 ERROR : (XSDB Server)ERROR: [Hsi 55-1452] Error: 
00:22:16 ERROR : (XSDB Server)running open_sw_design.

00:22:16 INFO  : Unable to read in MSS file D:\git\DMA-S2MM-and-MM2S\project\DMA_video\Miz_sys.sdk\AXI_DMA_OV7725_bsp\system.mss : null
00:22:16 ERROR : Failed to closesw "D:/git/DMA-S2MM-and-MM2S/project/DMA_video/Miz_sys.sdk/AXI_DMA_OV7725_bsp/system.mss"
Reason: Cannot close sw design 'D:/git/DMA-S2MM-and-MM2S/project/DMA_video/Miz_sys.sdk/AXI_DMA_OV7725_bsp/system.mss'.
Design is not opened in the current session.


00:22:54 INFO  : Registering command handlers for SDK TCF services
00:22:55 INFO  : Launching XSCT server: xsct.bat -interactive D:\git\DMA-S2MM-and-MM2S\project\DMA_video\Miz_sys.sdk\temp_xsdb_launch_script.tcl
00:22:58 INFO  : XSCT server has started successfully.
00:22:58 INFO  : Successfully done setting XSCT server connection channel  
00:22:58 INFO  : Successfully done setting SDK workspace  
00:22:58 INFO  : Processing command line option -hwspec D:/git/DMA-S2MM-and-MM2S/project/DMA_video/Miz_sys.sdk/system_wrapper.hdf.
01:56:08 INFO  : 'targets -set -filter {jtag_cable_name =~ "Digilent JTAG-HS1 210249854657" && level==0} -index 1' command is executed.
01:56:08 INFO  : 'fpga -state' command is executed.
01:56:09 INFO  : Connected to target on host '127.0.0.1' and port '3121'.
01:56:09 INFO  : Jtag cable 'Digilent JTAG-HS1 210249854657' is selected.
01:56:09 INFO  : 'jtag frequency' command is executed.
01:56:09 INFO  : Sourcing of 'D:/git/DMA-S2MM-and-MM2S/project/DMA_video/Miz_sys.sdk/system_wrapper_hw_platform_0/ps7_init.tcl' is done.
01:56:09 INFO  : Context for 'APU' is selected.
01:56:09 INFO  : Hardware design information is loaded from 'D:/git/DMA-S2MM-and-MM2S/project/DMA_video/Miz_sys.sdk/system_wrapper_hw_platform_0/system.hdf'.
01:56:09 INFO  : 'configparams force-mem-access 1' command is executed.
01:56:09 INFO  : Context for 'APU' is selected.
01:56:10 INFO  : 'stop' command is executed.
01:56:10 INFO  : 'ps7_init' command is executed.
01:56:10 INFO  : 'ps7_post_config' command is executed.
01:56:10 INFO  : 'configparams force-mem-access 0' command is executed.
01:56:10 INFO  : ----------------XSDB Script----------------
connect -url tcp:127.0.0.1:3121
source D:/git/DMA-S2MM-and-MM2S/project/DMA_video/Miz_sys.sdk/system_wrapper_hw_platform_0/ps7_init.tcl
targets -set -nocase -filter {name =~"APU*" && jtag_cable_name =~ "Digilent JTAG-HS1 210249854657"} -index 0
loadhw -hw D:/git/DMA-S2MM-and-MM2S/project/DMA_video/Miz_sys.sdk/system_wrapper_hw_platform_0/system.hdf -mem-ranges [list {0x40000000 0xbfffffff}]
configparams force-mem-access 1
targets -set -nocase -filter {name =~"APU*" && jtag_cable_name =~ "Digilent JTAG-HS1 210249854657"} -index 0
stop
ps7_init
ps7_post_config
configparams force-mem-access 0
----------------End of Script----------------

01:56:10 INFO  : Memory regions updated for context APU
01:56:10 INFO  : Launch script is exported to file 'D:\git\DMA-S2MM-and-MM2S\project\DMA_video\Miz_sys.sdk\.sdk\launch_scripts\xilinx_c-c++_application_(system_debugger)\system_debugger_using_debug_display.elf_on_local.tcl'
02:01:18 INFO  : Disconnected from the channel tcfchan#1.
02:01:41 INFO  : Registering command handlers for SDK TCF services
02:01:42 INFO  : Launching XSCT server: xsct.bat -interactive D:\git\DMA-S2MM-and-MM2S\project\DMA_video\Miz_sys.sdk\temp_xsdb_launch_script.tcl
02:01:48 INFO  : XSCT server has started successfully.
02:01:49 INFO  : Successfully done setting XSCT server connection channel  
02:01:49 INFO  : Successfully done setting SDK workspace  
02:01:49 INFO  : Processing command line option -hwspec D:/git/DMA-S2MM-and-MM2S/project/DMA_video/Miz_sys.sdk/system_wrapper.hdf.
02:01:49 INFO  : Checking for hwspec changes in the project system_wrapper_hw_platform_0.
