15:09:02 **** Auto Build of configuration Debug for project display ****
make pre-build main-build 
a9-linaro-pre-build-step
' '
'Building file: ../src/I2C_8bit.c'
'Invoking: ARM v7 gcc compiler'
arm-none-eabi-gcc -Wall -O0 -g3 -c -fmessage-length=0 -MT"src/I2C_8bit.o" -mcpu=cortex-a9 -mfpu=vfpv3 -mfloat-abi=hard -I../../display_bsp/ps7_cortexa9_0/include -MMD -MP -MF"src/I2C_8bit.d" -MT"src/I2C_8bit.o" -o "src/I2C_8bit.o" "../src/I2C_8bit.c"
../src/I2C_8bit.c: In function 'I2C_read':
../src/I2C_8bit.c:176:39: warning: passing argument 3 of 'I2C_write_byte' makes pointer from integer without a cast [-Wint-conversion]
  if(I2C_write_byte(InstancePtr,OV_CAM,addr,1) != XST_SUCCESS)
                                       ^~~~
../src/I2C_8bit.c:138:5: note: expected 'void *' but argument is of type 'u8 {aka unsigned char}'
 int I2C_write_byte(XIicPs *InstancePtr,u8 sensor_slave_addr,void *write_byte,int byte_num)
     ^~~~~~~~~~~~~~
'Finished building: ../src/I2C_8bit.c'
' '
'Building file: ../src/main.c'
'Invoking: ARM v7 gcc compiler'
arm-none-eabi-gcc -Wall -O0 -g3 -c -fmessage-length=0 -MT"src/main.o" -mcpu=cortex-a9 -mfpu=vfpv3 -mfloat-abi=hard -I../../display_bsp/ps7_cortexa9_0/include -MMD -MP -MF"src/main.d" -MT"src/main.o" -o "src/main.o" "../src/main.c"
../src/main.c: In function 'main':
../src/main.c:29:2: warning: implicit declaration of function 'printf' [-Wimplicit-function-declaration]
  printf("hello\n");
  ^~~~~~
../src/main.c:29:2: warning: incompatible implicit declaration of built-in function 'printf'
../src/main.c:29:2: note: include '<stdio.h>' or provide a declaration of 'printf'
'Finished building: ../src/main.c'
' '
'Building target: display.elf'
'Invoking: ARM v7 gcc linker'
arm-none-eabi-gcc -mcpu=cortex-a9 -mfpu=vfpv3 -mfloat-abi=hard -Wl,-build-id=none -specs=Xilinx.spec -Wl,-T -Wl,../src/lscript.ld -L../../display_bsp/ps7_cortexa9_0/lib -o "display.elf"  ./src/I2C_8bit.o ./src/main.o   -Wl,--start-group,-lxil,-lgcc,-lc,--end-group
'Finished building target: display.elf'
' '
'Invoking: ARM v7 Print Size'
arm-none-eabi-size display.elf  |tee "display.elf.size"
   text	   data	    bss	    dec	    hex	filename
  49404	   2372	  22744	  74520	  12318	display.elf
'Finished building: display.elf.size'
' '

15:09:09 Build Finished (took 7s.667ms)

