#-----------------------------------------------------------
# Webtalk v2017.4 (64-bit)
# SW Build 2086221 on Fri Dec 15 20:54:30 MST 2017
# 
# Start of session at: Wed Sep 26 18:33:59 2018
# Process ID: 15028
# Current directory: /media/hubbery/LENOVO1/360Downloads/MZ701Amini/离线下载/MZ701Amini/S03/S03_CH03_AXI_DMA_OV7725_HDMI/Miz_sys/Miz_sys.sdk/webtalk
# Command line: wbtcv -mode batch -source sdk_webtalk.tcl
# Log file: /media/hubbery/LENOVO1/360Downloads/MZ701Amini/离线下载/MZ701Amini/S03/S03_CH03_AXI_DMA_OV7725_HDMI/Miz_sys/Miz_sys.sdk/webtalk/webtalk.log
# Journal file: /media/hubbery/LENOVO1/360Downloads/MZ701Amini/离线下载/MZ701Amini/S03/S03_CH03_AXI_DMA_OV7725_HDMI/Miz_sys/Miz_sys.sdk/webtalk/webtalk.jou
#-----------------------------------------------------------
source sdk_webtalk.tcl
# webtalk_init -webtalk_dir /media/hubbery/LENOVO1/360Downloads/MZ701Amini/离线下载/MZ701Amini/S03/S03_CH03_AXI_DMA_OV7725_HDMI/Miz_sys/Miz_sys.sdk/webtalk
# webtalk_register_client -client project
# webtalk_add_data -client project -key date_generated -value "2018-09-26 18:33:58" -context "software_version_and_target_device"
# webtalk_add_data -client project -key product_version -value "SDK v2017.4" -context "software_version_and_target_device"
# webtalk_add_data -client project -key build_version -value "2017.4" -context "software_version_and_target_device"
# webtalk_add_data -client project -key os_platform -value "amd64" -context "software_version_and_target_device"
# webtalk_add_data -client project -key registration_id -value "" -context "software_version_and_target_device"
# webtalk_add_data -client project -key tool_flow -value "SDK" -context "software_version_and_target_device"
# webtalk_add_data -client project -key beta -value "false" -context "software_version_and_target_device"
# webtalk_add_data -client project -key route_design -value "NA" -context "software_version_and_target_device"
# webtalk_add_data -client project -key target_family -value "NA" -context "software_version_and_target_device"
# webtalk_add_data -client project -key target_device -value "NA" -context "software_version_and_target_device"
# webtalk_add_data -client project -key target_package -value "NA" -context "software_version_and_target_device"
# webtalk_add_data -client project -key target_speed -value "NA" -context "software_version_and_target_device"
# webtalk_add_data -client project -key random_id -value "gp26ob6rn84est3tcka3ou2o1a" -context "software_version_and_target_device"
# webtalk_add_data -client project -key project_id -value "2017.4_31" -context "software_version_and_target_device"
# webtalk_add_data -client project -key project_iteration -value "31" -context "software_version_and_target_device"
# webtalk_add_data -client project -key os_name -value "Ubuntu" -context "user_environment"
# webtalk_add_data -client project -key os_release -value "Ubuntu 16.04.5 LTS" -context "user_environment"
# webtalk_add_data -client project -key cpu_name -value "Intel(R) Core(TM) i5-3230M CPU @ 2.60GHz" -context "user_environment"
# webtalk_add_data -client project -key cpu_speed -value "2993.062 MHz" -context "user_environment"
# webtalk_add_data -client project -key total_processors -value "1" -context "user_environment"
# webtalk_add_data -client project -key system_ram -value "8.227 GB" -context "user_environment"
# webtalk_register_client -client sdk
# webtalk_add_data -client sdk -key uid -value "1537957875000" -context "sdk\\\\hardware/1537957875000"
# webtalk_add_data -client sdk -key isZynq -value "true" -context "sdk\\\\hardware/1537957875000"
# webtalk_add_data -client sdk -key isZynqMP -value "false" -context "sdk\\\\hardware/1537957875000"
# webtalk_add_data -client sdk -key Processors -value "2" -context "sdk\\\\hardware/1537957875000"
# webtalk_add_data -client sdk -key VivadoVersion -value "2016.4" -context "sdk\\\\hardware/1537957875000"
# webtalk_add_data -client sdk -key Arch -value "zynq" -context "sdk\\\\hardware/1537957875000"
# webtalk_add_data -client sdk -key Device -value "7z010" -context "sdk\\\\hardware/1537957875000"
# webtalk_add_data -client sdk -key IsHandoff -value "true" -context "sdk\\\\hardware/1537957875000"
# webtalk_add_data -client sdk -key os -value "NA" -context "sdk\\\\hardware/1537957875000"
# webtalk_add_data -client sdk -key apptemplate -value "NA" -context "sdk\\\\hardware/1537957875000"
# webtalk_add_data -client sdk -key RecordType -value "HWCreation" -context "sdk\\\\hardware/1537957875000"
# webtalk_add_data -client sdk -key uid -value "NA" -context "sdk\\\\bsp/1537958038074"
# webtalk_add_data -client sdk -key RecordType -value "ToolUsage" -context "sdk\\\\bsp/1537958038074"
# webtalk_add_data -client sdk -key BootgenCount -value "0" -context "sdk\\\\bsp/1537958038074"
# webtalk_add_data -client sdk -key DebugCount -value "1" -context "sdk\\\\bsp/1537958038074"
# webtalk_add_data -client sdk -key PerfCount -value "0" -context "sdk\\\\bsp/1537958038074"
# webtalk_add_data -client sdk -key FlashCount -value "0" -context "sdk\\\\bsp/1537958038074"
# webtalk_add_data -client sdk -key CrossTriggCount -value "0" -context "sdk\\\\bsp/1537958038074"
# webtalk_add_data -client sdk -key QemuDebugCount -value "0" -context "sdk\\\\bsp/1537958038074"
# webtalk_transmit -clientid 3821690645 -regid "" -xml /media/hubbery/LENOVO1/360Downloads/MZ701Amini/离线下载/MZ701Amini/S03/S03_CH03_AXI_DMA_OV7725_HDMI/Miz_sys/Miz_sys.sdk/webtalk/usage_statistics_ext_sdk.xml -html /media/hubbery/LENOVO1/360Downloads/MZ701Amini/离线下载/MZ701Amini/S03/S03_CH03_AXI_DMA_OV7725_HDMI/Miz_sys/Miz_sys.sdk/webtalk/usage_statistics_ext_sdk.html -wdm /media/hubbery/LENOVO1/360Downloads/MZ701Amini/离线下载/MZ701Amini/S03/S03_CH03_AXI_DMA_OV7725_HDMI/Miz_sys/Miz_sys.sdk/webtalk/sdk_webtalk.wdm -intro "<H3>SDK Usage Report</H3><BR>"
webtalk_transmit: Time (s): cpu = 00:00:00.70 ; elapsed = 00:00:08 . Memory (MB): peak = 293.758 ; gain = 0.000 ; free physical = 760 ; free virtual = 9635
# webtalk_terminate
INFO: [Common 17-206] Exiting Webtalk at Wed Sep 26 18:34:08 2018...
