INFO: [VRFC 10-2263] Analyzing Verilog file "D:/git/DMA-S2MM-and-MM2S-/project/DMA_simulation/DMA_simulation.ip_user_files/bd/myip_v1_0_bfm_1/sim/myip_v1_0_bfm_1.v" into library xil_defaultlib
INFO: [VRFC 10-311] analyzing module m00_couplers_imp_6IJAUZ
INFO: [VRFC 10-311] analyzing module m00_couplers_imp_WBKTR3
INFO: [VRFC 10-311] analyzing module m01_couplers_imp_1M99N69
INFO: [VRFC 10-311] analyzing module myip_v1_0_bfm_1
INFO: [VRFC 10-311] analyzing module myip_v1_0_bfm_1_axi_interconnect_0_0
INFO: [VRFC 10-311] analyzing module myip_v1_0_bfm_1_axi_interconnect_1_0
INFO: [VRFC 10-311] analyzing module s00_couplers_imp_FHPYG3
INFO: [VRFC 10-311] analyzing module s00_couplers_imp_NJ91FR
INFO: [VRFC 10-311] analyzing module s01_couplers_imp_14M18KT
INFO: [VRFC 10-311] analyzing module s01_couplers_imp_1UYRXXL
INFO: [VRFC 10-2263] Analyzing Verilog file "D:/git/DMA-S2MM-and-MM2S-/project/DMA_simulation/DMA_simulation.ip_user_files/bd/myip_v1_0_bfm_1/ipshared/34f2/hdl/User_DMA_v1_0_S_AXI_LITE.v" into library xil_defaultlib
INFO: [VRFC 10-311] analyzing module User_DMA_v1_0_S_AXI_LITE
INFO: [VRFC 10-2263] Analyzing Verilog file "D:/git/DMA-S2MM-and-MM2S-/project/DMA_simulation/DMA_simulation.ip_user_files/bd/myip_v1_0_bfm_1/ipshared/34f2/src/User_DMA_v1_0_M_AXI_FULL_mm2s.v" into library xil_defaultlib
INFO: [VRFC 10-311] analyzing module User_DMA_v1_0_M_AXI_FULL_mm2s
INFO: [VRFC 10-2263] Analyzing Verilog file "D:/git/DMA-S2MM-and-MM2S-/project/DMA_simulation/DMA_simulation.ip_user_files/bd/myip_v1_0_bfm_1/ipshared/34f2/src/User_DMA_v1_0_M_AXI_FULL_s2mm.v" into library xil_defaultlib
INFO: [VRFC 10-311] analyzing module User_DMA_v1_0_M_AXI_FULL_s2mm
INFO: [VRFC 10-2263] Analyzing Verilog file "D:/git/DMA-S2MM-and-MM2S-/project/DMA_simulation/DMA_simulation.ip_user_files/bd/myip_v1_0_bfm_1/ipshared/34f2/hdl/User_DMA_v1_0_S_AXIS_S2MM.v" into library xil_defaultlib
INFO: [VRFC 10-311] analyzing module User_DMA_v1_0_S_AXIS_S2MM
INFO: [VRFC 10-2263] Analyzing Verilog file "D:/git/DMA-S2MM-and-MM2S-/project/DMA_simulation/DMA_simulation.ip_user_files/bd/myip_v1_0_bfm_1/ipshared/34f2/hdl/User_DMA_v1_0_M_AXIS_MM2S.v" into library xil_defaultlib
INFO: [VRFC 10-311] analyzing module User_DMA_v1_0_M_AXIS_MM2S
INFO: [VRFC 10-2263] Analyzing Verilog file "D:/git/DMA-S2MM-and-MM2S-/project/DMA_simulation/DMA_simulation.ip_user_files/bd/myip_v1_0_bfm_1/ipshared/34f2/src/fifo.v" into library xil_defaultlib
INFO: [VRFC 10-311] analyzing module fifo
INFO: [VRFC 10-2263] Analyzing Verilog file "D:/git/DMA-S2MM-and-MM2S-/project/DMA_simulation/DMA_simulation.ip_user_files/bd/myip_v1_0_bfm_1/ipshared/34f2/hdl/User_DMA_v1_0.v" into library xil_defaultlib
INFO: [VRFC 10-311] analyzing module User_DMA_v1_0
INFO: [VRFC 10-2263] Analyzing Verilog file "D:/git/DMA-S2MM-and-MM2S-/project/DMA_simulation/DMA_simulation.ip_user_files/bd/myip_v1_0_bfm_1/ip/myip_v1_0_bfm_1_User_DMA_0_1/sim/myip_v1_0_bfm_1_User_DMA_0_1.v" into library xil_defaultlib
INFO: [VRFC 10-311] analyzing module myip_v1_0_bfm_1_User_DMA_0_1
INFO: [VRFC 10-2263] Analyzing Verilog file "D:/git/DMA-S2MM-and-MM2S-/project/DMA_simulation/DMA_simulation.ip_user_files/bd/myip_v1_0_bfm_1/ip/myip_v1_0_bfm_1_axis_data_fifo_0_0/sim/myip_v1_0_bfm_1_axis_data_fifo_0_0.v" into library xil_defaultlib
INFO: [VRFC 10-311] analyzing module myip_v1_0_bfm_1_axis_data_fifo_0_0
INFO: [VRFC 10-2263] Analyzing Verilog file "D:/git/DMA-S2MM-and-MM2S-/project/DMA_simulation/DMA_simulation.ip_user_files/bd/myip_v1_0_bfm_1/ip/myip_v1_0_bfm_1_xbar_0/sim/myip_v1_0_bfm_1_xbar_0.v" into library xil_defaultlib
INFO: [VRFC 10-311] analyzing module myip_v1_0_bfm_1_xbar_0
INFO: [VRFC 10-2263] Analyzing Verilog file "D:/git/DMA-S2MM-and-MM2S-/project/DMA_simulation/DMA_simulation.ip_user_files/bd/myip_v1_0_bfm_1/ipshared/8e38/hdl/AXI_LITE_master_IP_v1_0_M00_AXI.v" into library xil_defaultlib
INFO: [VRFC 10-311] analyzing module AXI_LITE_master_IP_v1_0_M00_AXI
INFO: [VRFC 10-2263] Analyzing Verilog file "D:/git/DMA-S2MM-and-MM2S-/project/DMA_simulation/DMA_simulation.ip_user_files/bd/myip_v1_0_bfm_1/ipshared/8e38/hdl/AXI_LITE_master_IP_v1_0.v" into library xil_defaultlib
INFO: [VRFC 10-311] analyzing module AXI_LITE_master_IP_v1_0
INFO: [VRFC 10-2263] Analyzing Verilog file "D:/git/DMA-S2MM-and-MM2S-/project/DMA_simulation/DMA_simulation.ip_user_files/bd/myip_v1_0_bfm_1/ip/myip_v1_0_bfm_1_AXI_LITE_master_IP_0_0/sim/myip_v1_0_bfm_1_AXI_LITE_master_IP_0_0.v" into library xil_defaultlib
INFO: [VRFC 10-311] analyzing module myip_v1_0_bfm_1_AXI_LITE_master_IP_0_0
INFO: [VRFC 10-2263] Analyzing Verilog file "D:/git/DMA-S2MM-and-MM2S-/project/DMA_simulation/DMA_simulation.ip_user_files/bd/myip_v1_0_bfm_1/ip/myip_v1_0_bfm_1_AXI_LITE_master_IP_1_0/sim/myip_v1_0_bfm_1_AXI_LITE_master_IP_1_0.v" into library xil_defaultlib
INFO: [VRFC 10-311] analyzing module myip_v1_0_bfm_1_AXI_LITE_master_IP_1_0
INFO: [VRFC 10-2263] Analyzing Verilog file "D:/git/DMA-S2MM-and-MM2S-/project/DMA_simulation/DMA_simulation.ip_user_files/bd/myip_v1_0_bfm_1/ip/myip_v1_0_bfm_1_xbar_1/sim/myip_v1_0_bfm_1_xbar_1.v" into library xil_defaultlib
INFO: [VRFC 10-311] analyzing module myip_v1_0_bfm_1_xbar_1
INFO: [VRFC 10-2263] Analyzing Verilog file "D:/git/DMA-S2MM-and-MM2S-/project/DMA_simulation/DMA_simulation.srcs/sources_1/imports/hdl/myip_v1_0_bfm_1_wrapper.v" into library xil_defaultlib
INFO: [VRFC 10-311] analyzing module myip_v1_0_bfm_1_wrapper
