Vivado Simulator 2017.4
Copyright 1986-1999, 2001-2016 Xilinx, Inc. All Rights Reserved.
Running: D:/xilinx/Vivado/2017.4/bin/unwrapped/win64.o/xelab.exe -wto 4c404d95a55f422095d408513219dd8c --incr --debug typical --relax --mt 2 -L xil_defaultlib -L axi_infrastructure_v1_1_0 -L smartconnect_v1_0 -L axi_protocol_checker_v2_0_1 -L axi_vip_v1_1_1 -L axis_infrastructure_v1_1_0 -L fifo_generator_v13_2_1 -L axis_data_fifo_v1_1_16 -L generic_baseblocks_v2_1_0 -L axi_register_slice_v2_1_15 -L axi_data_fifo_v2_1_14 -L axi_crossbar_v2_1_16 -L xilinx_vip -L unisims_ver -L unimacro_ver -L secureip -L xpm --snapshot myip_v1_0_tb_behav xil_defaultlib.myip_v1_0_tb xil_defaultlib.glbl -log elaborate.log 
Using 2 slave threads.
Starting static elaboration
WARNING: [VRFC 10-278] actual bit length 1 differs from formal bit length 2 for port m_axi_aruser [E:/git/DMA-S2MM-and-MM2S-/project/DMA_simulation/DMA_simulation.ip_user_files/bd/myip_v1_0_bfm_1/sim/myip_v1_0_bfm_1.v:2638]
WARNING: [VRFC 10-278] actual bit length 1 differs from formal bit length 2 for port m_axi_awuser [E:/git/DMA-S2MM-and-MM2S-/project/DMA_simulation/DMA_simulation.ip_user_files/bd/myip_v1_0_bfm_1/sim/myip_v1_0_bfm_1.v:2651]
WARNING: [VRFC 10-278] actual bit length 1 differs from formal bit length 2 for port m_axi_wuser [E:/git/DMA-S2MM-and-MM2S-/project/DMA_simulation/DMA_simulation.ip_user_files/bd/myip_v1_0_bfm_1/sim/myip_v1_0_bfm_1.v:2669]
WARNING: [VRFC 10-597] element index -1 into diff_count is out of bounds [/wrk/2017.4/nightly/2017_12_15_2086221/packages/customer/vivado/data/ip/xilinx/fifo_generator_v13_2/simulation/fifo_generator_vlog_beh.v:7763]
WARNING: [VRFC 10-597] element index -1 into num_read_words_dc is out of bounds [/wrk/2017.4/nightly/2017_12_15_2086221/packages/customer/vivado/data/ip/xilinx/fifo_generator_v13_2/simulation/fifo_generator_vlog_beh.v:8080]
WARNING: [VRFC 10-597] element index -1 into num_write_words_dc is out of bounds [/wrk/2017.4/nightly/2017_12_15_2086221/packages/customer/vivado/data/ip/xilinx/fifo_generator_v13_2/simulation/fifo_generator_vlog_beh.v:8130]
Completed static elaboration
WARNING: [XSIM 43-4127] File "/wrk/2017.4/nightly/2017_12_15_2086221/packages/customer/vivado/data/ip/xilinx/axi_protocol_checker_v2_0/hdl/axi_protocol_checker_v2_0_vl_rfs.sv" Line 4703 : The "System Verilog Property Declaration" is not supported yet for simulation. The statement will be ignored.
WARNING: [XSIM 43-4127] File "/wrk/2017.4/nightly/2017_12_15_2086221/packages/customer/vivado/data/ip/xilinx/axi_protocol_checker_v2_0/hdl/axi_protocol_checker_v2_0_vl_rfs.sv" Line 4706 : The "System Verilog Assertion" is not supported yet for simulation. The statement will be ignored.
WARNING: [XSIM 43-4127] File "/wrk/2017.4/nightly/2017_12_15_2086221/packages/customer/vivado/data/ip/xilinx/axi_protocol_checker_v2_0/hdl/axi_protocol_checker_v2_0_vl_rfs.sv" Line 4712 : The "System Verilog Property Declaration" is not supported yet for simulation. The statement will be ignored.
WARNING: [XSIM 43-4127] File "/wrk/2017.4/nightly/2017_12_15_2086221/packages/customer/vivado/data/ip/xilinx/axi_protocol_checker_v2_0/hdl/axi_protocol_checker_v2_0_vl_rfs.sv" Line 4715 : The "System Verilog Assertion" is not supported yet for simulation. The statement will be ignored.
WARNING: [XSIM 43-4127] File "/wrk/2017.4/nightly/2017_12_15_2086221/packages/customer/vivado/data/ip/xilinx/axi_protocol_checker_v2_0/hdl/axi_protocol_checker_v2_0_vl_rfs.sv" Line 4721 : The "System Verilog Property Declaration" is not supported yet for simulation. The statement will be ignored.
WARNING: [XSIM 43-4127] File "/wrk/2017.4/nightly/2017_12_15_2086221/packages/customer/vivado/data/ip/xilinx/axi_protocol_checker_v2_0/hdl/axi_protocol_checker_v2_0_vl_rfs.sv" Line 4724 : The "System Verilog Assertion" is not supported yet for simulation. The statement will be ignored.
WARNING: [XSIM 43-4127] File "/wrk/2017.4/nightly/2017_12_15_2086221/packages/customer/vivado/data/ip/xilinx/axi_protocol_checker_v2_0/hdl/axi_protocol_checker_v2_0_vl_rfs.sv" Line 4730 : The "System Verilog Property Declaration" is not supported yet for simulation. The statement will be ignored.
WARNING: [XSIM 43-4127] File "/wrk/2017.4/nightly/2017_12_15_2086221/packages/customer/vivado/data/ip/xilinx/axi_protocol_checker_v2_0/hdl/axi_protocol_checker_v2_0_vl_rfs.sv" Line 4733 : The "System Verilog Assertion" is not supported yet for simulation. The statement will be ignored.
WARNING: [XSIM 43-4127] File "/wrk/2017.4/nightly/2017_12_15_2086221/packages/customer/vivado/data/ip/xilinx/axi_protocol_checker_v2_0/hdl/axi_protocol_checker_v2_0_vl_rfs.sv" Line 4739 : The "System Verilog Property Declaration" is not supported yet for simulation. The statement will be ignored.
WARNING: [XSIM 43-4127] File "/wrk/2017.4/nightly/2017_12_15_2086221/packages/customer/vivado/data/ip/xilinx/axi_protocol_checker_v2_0/hdl/axi_protocol_checker_v2_0_vl_rfs.sv" Line 4742 : The "System Verilog Assertion" is not supported yet for simulation. The statement will be ignored.
WARNING: [XSIM 43-4127] File "/wrk/2017.4/nightly/2017_12_15_2086221/packages/customer/vivado/data/ip/xilinx/axi_protocol_checker_v2_0/hdl/axi_protocol_checker_v2_0_vl_rfs.sv" Line 4748 : The "System Verilog Property Declaration" is not supported yet for simulation. The statement will be ignored.
WARNING: [XSIM 43-4127] File "/wrk/2017.4/nightly/2017_12_15_2086221/packages/customer/vivado/data/ip/xilinx/axi_protocol_checker_v2_0/hdl/axi_protocol_checker_v2_0_vl_rfs.sv" Line 4751 : The "System Verilog Assertion" is not supported yet for simulation. The statement will be ignored.
WARNING: [XSIM 43-4127] File "/wrk/2017.4/nightly/2017_12_15_2086221/packages/customer/vivado/data/ip/xilinx/axi_protocol_checker_v2_0/hdl/axi_protocol_checker_v2_0_vl_rfs.sv" Line 4757 : The "System Verilog Property Declaration" is not supported yet for simulation. The statement will be ignored.
WARNING: [XSIM 43-4127] File "/wrk/2017.4/nightly/2017_12_15_2086221/packages/customer/vivado/data/ip/xilinx/axi_protocol_checker_v2_0/hdl/axi_protocol_checker_v2_0_vl_rfs.sv" Line 4760 : The "System Verilog Assertion" is not supported yet for simulation. The statement will be ignored.
WARNING: [XSIM 43-4127] File "/wrk/2017.4/nightly/2017_12_15_2086221/packages/customer/vivado/data/ip/xilinx/axi_protocol_checker_v2_0/hdl/axi_protocol_checker_v2_0_vl_rfs.sv" Line 4766 : The "System Verilog Property Declaration" is not supported yet for simulation. The statement will be ignored.
WARNING: [XSIM 43-4127] File "/wrk/2017.4/nightly/2017_12_15_2086221/packages/customer/vivado/data/ip/xilinx/axi_protocol_checker_v2_0/hdl/axi_protocol_checker_v2_0_vl_rfs.sv" Line 4769 : The "System Verilog Assertion" is not supported yet for simulation. The statement will be ignored.
WARNING: [XSIM 43-4127] File "/wrk/2017.4/nightly/2017_12_15_2086221/packages/customer/vivado/data/ip/xilinx/axi_protocol_checker_v2_0/hdl/axi_protocol_checker_v2_0_vl_rfs.sv" Line 4775 : The "System Verilog Property Declaration" is not supported yet for simulation. The statement will be ignored.
WARNING: [XSIM 43-4127] File "/wrk/2017.4/nightly/2017_12_15_2086221/packages/customer/vivado/data/ip/xilinx/axi_protocol_checker_v2_0/hdl/axi_protocol_checker_v2_0_vl_rfs.sv" Line 4778 : The "System Verilog Assertion" is not supported yet for simulation. The statement will be ignored.
WARNING: [XSIM 43-4127] File "/wrk/2017.4/nightly/2017_12_15_2086221/packages/customer/vivado/data/ip/xilinx/axi_protocol_checker_v2_0/hdl/axi_protocol_checker_v2_0_vl_rfs.sv" Line 4784 : The "System Verilog Property Declaration" is not supported yet for simulation. The statement will be ignored.
WARNING: [XSIM 43-4127] File "/wrk/2017.4/nightly/2017_12_15_2086221/packages/customer/vivado/data/ip/xilinx/axi_protocol_checker_v2_0/hdl/axi_protocol_checker_v2_0_vl_rfs.sv" Line 4789 : The "System Verilog Assertion" is not supported yet for simulation. The statement will be ignored.
WARNING: [XSIM 43-4127] File "/wrk/2017.4/nightly/2017_12_15_2086221/packages/customer/vivado/data/ip/xilinx/axi_protocol_checker_v2_0/hdl/axi_protocol_checker_v2_0_vl_rfs.sv" Line 4795 : The "System Verilog Property Declaration" is not supported yet for simulation. The statement will be ignored.
WARNING: [XSIM 43-4127] File "/wrk/2017.4/nightly/2017_12_15_2086221/packages/customer/vivado/data/ip/xilinx/axi_protocol_checker_v2_0/hdl/axi_protocol_checker_v2_0_vl_rfs.sv" Line 4798 : The "System Verilog Assertion" is not supported yet for simulation. The statement will be ignored.
WARNING: [XSIM 43-4127] File "/wrk/2017.4/nightly/2017_12_15_2086221/packages/customer/vivado/data/ip/xilinx/axi_protocol_checker_v2_0/hdl/axi_protocol_checker_v2_0_vl_rfs.sv" Line 4804 : The "System Verilog Property Declaration" is not supported yet for simulation. The statement will be ignored.
WARNING: [XSIM 43-4127] File "/wrk/2017.4/nightly/2017_12_15_2086221/packages/customer/vivado/data/ip/xilinx/axi_protocol_checker_v2_0/hdl/axi_protocol_checker_v2_0_vl_rfs.sv" Line 4807 : The "System Verilog Assertion" is not supported yet for simulation. The statement will be ignored.
WARNING: [XSIM 43-4127] File "/wrk/2017.4/nightly/2017_12_15_2086221/packages/customer/vivado/data/ip/xilinx/axi_protocol_checker_v2_0/hdl/axi_protocol_checker_v2_0_vl_rfs.sv" Line 4815 : The "System Verilog Property Declaration" is not supported yet for simulation. The statement will be ignored.
WARNING: [XSIM 43-4127] File "/wrk/2017.4/nightly/2017_12_15_2086221/packages/customer/vivado/data/ip/xilinx/axi_protocol_checker_v2_0/hdl/axi_protocol_checker_v2_0_vl_rfs.sv" Line 4820 : The "System Verilog Assertion" is not supported yet for simulation. The statement will be ignored.
WARNING: [XSIM 43-4127] File "/wrk/2017.4/nightly/2017_12_15_2086221/packages/customer/vivado/data/ip/xilinx/axi_protocol_checker_v2_0/hdl/axi_protocol_checker_v2_0_vl_rfs.sv" Line 4826 : The "System Verilog Property Declaration" is not supported yet for simulation. The statement will be ignored.
WARNING: [XSIM 43-4127] File "/wrk/2017.4/nightly/2017_12_15_2086221/packages/customer/vivado/data/ip/xilinx/axi_protocol_checker_v2_0/hdl/axi_protocol_checker_v2_0_vl_rfs.sv" Line 4831 : The "System Verilog Assertion" is not supported yet for simulation. The statement will be ignored.
WARNING: [XSIM 43-4127] File "/wrk/2017.4/nightly/2017_12_15_2086221/packages/customer/vivado/data/ip/xilinx/axi_protocol_checker_v2_0/hdl/axi_protocol_checker_v2_0_vl_rfs.sv" Line 4837 : The "System Verilog Property Declaration" is not supported yet for simulation. The statement will be ignored.
WARNING: [XSIM 43-4127] File "/wrk/2017.4/nightly/2017_12_15_2086221/packages/customer/vivado/data/ip/xilinx/axi_protocol_checker_v2_0/hdl/axi_protocol_checker_v2_0_vl_rfs.sv" Line 4842 : The "System Verilog Assertion" is not supported yet for simulation. The statement will be ignored.
WARNING: [XSIM 43-4127] File "/wrk/2017.4/nightly/2017_12_15_2086221/packages/customer/vivado/data/ip/xilinx/axi_protocol_checker_v2_0/hdl/axi_protocol_checker_v2_0_vl_rfs.sv" Line 4848 : The "System Verilog Property Declaration" is not supported yet for simulation. The statement will be ignored.
WARNING: [XSIM 43-4127] File "/wrk/2017.4/nightly/2017_12_15_2086221/packages/customer/vivado/data/ip/xilinx/axi_protocol_checker_v2_0/hdl/axi_protocol_checker_v2_0_vl_rfs.sv" Line 4853 : The "System Verilog Assertion" is not supported yet for simulation. The statement will be ignored.
WARNING: [XSIM 43-4127] File "/wrk/2017.4/nightly/2017_12_15_2086221/packages/customer/vivado/data/ip/xilinx/axi_protocol_checker_v2_0/hdl/axi_protocol_checker_v2_0_vl_rfs.sv" Line 4859 : The "System Verilog Property Declaration" is not supported yet for simulation. The statement will be ignored.
WARNING: [XSIM 43-4127] File "/wrk/2017.4/nightly/2017_12_15_2086221/packages/customer/vivado/data/ip/xilinx/axi_protocol_checker_v2_0/hdl/axi_protocol_checker_v2_0_vl_rfs.sv" Line 4864 : The "System Verilog Assertion" is not supported yet for simulation. The statement will be ignored.
WARNING: [XSIM 43-4127] File "/wrk/2017.4/nightly/2017_12_15_2086221/packages/customer/vivado/data/ip/xilinx/axi_protocol_checker_v2_0/hdl/axi_protocol_checker_v2_0_vl_rfs.sv" Line 4871 : The "System Verilog Property Declaration" is not supported yet for simulation. The statement will be ignored.
WARNING: [XSIM 43-4127] File "/wrk/2017.4/nightly/2017_12_15_2086221/packages/customer/vivado/data/ip/xilinx/axi_protocol_checker_v2_0/hdl/axi_protocol_checker_v2_0_vl_rfs.sv" Line 4876 : The "System Verilog Assertion" is not supported yet for simulation. The statement will be ignored.
WARNING: [XSIM 43-4127] File "/wrk/2017.4/nightly/2017_12_15_2086221/packages/customer/vivado/data/ip/xilinx/axi_protocol_checker_v2_0/hdl/axi_protocol_checker_v2_0_vl_rfs.sv" Line 4882 : The "System Verilog Property Declaration" is not supported yet for simulation. The statement will be ignored.
WARNING: [XSIM 43-4127] File "/wrk/2017.4/nightly/2017_12_15_2086221/packages/customer/vivado/data/ip/xilinx/axi_protocol_checker_v2_0/hdl/axi_protocol_checker_v2_0_vl_rfs.sv" Line 4887 : The "System Verilog Assertion" is not supported yet for simulation. The statement will be ignored.
WARNING: [XSIM 43-4127] File "/wrk/2017.4/nightly/2017_12_15_2086221/packages/customer/vivado/data/ip/xilinx/axi_protocol_checker_v2_0/hdl/axi_protocol_checker_v2_0_vl_rfs.sv" Line 4893 : The "System Verilog Property Declaration" is not supported yet for simulation. The statement will be ignored.
WARNING: [XSIM 43-4127] File "/wrk/2017.4/nightly/2017_12_15_2086221/packages/customer/vivado/data/ip/xilinx/axi_protocol_checker_v2_0/hdl/axi_protocol_checker_v2_0_vl_rfs.sv" Line 4898 : The "System Verilog Assertion" is not supported yet for simulation. The statement will be ignored.
WARNING: [XSIM 43-4127] File "/wrk/2017.4/nightly/2017_12_15_2086221/packages/customer/vivado/data/ip/xilinx/axi_protocol_checker_v2_0/hdl/axi_protocol_checker_v2_0_vl_rfs.sv" Line 4904 : The "System Verilog Property Declaration" is not supported yet for simulation. The statement will be ignored.
WARNING: [XSIM 43-4127] File "/wrk/2017.4/nightly/2017_12_15_2086221/packages/customer/vivado/data/ip/xilinx/axi_protocol_checker_v2_0/hdl/axi_protocol_checker_v2_0_vl_rfs.sv" Line 4909 : The "System Verilog Assertion" is not supported yet for simulation. The statement will be ignored.
WARNING: [XSIM 43-4127] File "/wrk/2017.4/nightly/2017_12_15_2086221/packages/customer/vivado/data/ip/xilinx/axi_protocol_checker_v2_0/hdl/axi_protocol_checker_v2_0_vl_rfs.sv" Line 4915 : The "System Verilog Property Declaration" is not supported yet for simulation. The statement will be ignored.
WARNING: [XSIM 43-4127] File "/wrk/2017.4/nightly/2017_12_15_2086221/packages/customer/vivado/data/ip/xilinx/axi_protocol_checker_v2_0/hdl/axi_protocol_checker_v2_0_vl_rfs.sv" Line 4920 : The "System Verilog Assertion" is not supported yet for simulation. The statement will be ignored.
WARNING: [XSIM 43-4127] File "/wrk/2017.4/nightly/2017_12_15_2086221/packages/customer/vivado/data/ip/xilinx/axi_protocol_checker_v2_0/hdl/axi_protocol_checker_v2_0_vl_rfs.sv" Line 4926 : The "System Verilog Property Declaration" is not supported yet for simulation. The statement will be ignored.
WARNING: [XSIM 43-4127] File "/wrk/2017.4/nightly/2017_12_15_2086221/packages/customer/vivado/data/ip/xilinx/axi_protocol_checker_v2_0/hdl/axi_protocol_checker_v2_0_vl_rfs.sv" Line 4931 : The "System Verilog Assertion" is not supported yet for simulation. The statement will be ignored.
WARNING: [XSIM 43-4127] File "/wrk/2017.4/nightly/2017_12_15_2086221/packages/customer/vivado/data/ip/xilinx/axi_protocol_checker_v2_0/hdl/axi_protocol_checker_v2_0_vl_rfs.sv" Line 4937 : The "System Verilog Property Declaration" is not supported yet for simulation. The statement will be ignored.
WARNING: [XSIM 43-4127] File "/wrk/2017.4/nightly/2017_12_15_2086221/packages/customer/vivado/data/ip/xilinx/axi_protocol_checker_v2_0/hdl/axi_protocol_checker_v2_0_vl_rfs.sv" Line 4942 : The "System Verilog Assertion" is not supported yet for simulation. The statement will be ignored.
WARNING: [XSIM 43-4127] File "/wrk/2017.4/nightly/2017_12_15_2086221/packages/customer/vivado/data/ip/xilinx/axi_protocol_checker_v2_0/hdl/axi_protocol_checker_v2_0_vl_rfs.sv" Line 4948 : The "System Verilog Property Declaration" is not supported yet for simulation. The statement will be ignored.
WARNING: [XSIM 43-4127] File "/wrk/2017.4/nightly/2017_12_15_2086221/packages/customer/vivado/data/ip/xilinx/axi_protocol_checker_v2_0/hdl/axi_protocol_checker_v2_0_vl_rfs.sv" Line 4953 : The "System Verilog Assertion" is not supported yet for simulation. The statement will be ignored.
WARNING: [XSIM 43-4127] File "/wrk/2017.4/nightly/2017_12_15_2086221/packages/customer/vivado/data/ip/xilinx/axi_protocol_checker_v2_0/hdl/axi_protocol_checker_v2_0_vl_rfs.sv" Line 4959 : The "System Verilog Property Declaration" is not supported yet for simulation. The statement will be ignored.
WARNING: [XSIM 43-4127] File "/wrk/2017.4/nightly/2017_12_15_2086221/packages/customer/vivado/data/ip/xilinx/axi_protocol_checker_v2_0/hdl/axi_protocol_checker_v2_0_vl_rfs.sv" Line 4964 : The "System Verilog Assertion" is not supported yet for simulation. The statement will be ignored.
WARNING: [XSIM 43-4127] File "/wrk/2017.4/nightly/2017_12_15_2086221/packages/customer/vivado/data/ip/xilinx/axi_protocol_checker_v2_0/hdl/axi_protocol_checker_v2_0_vl_rfs.sv" Line 4970 : The "System Verilog Property Declaration" is not supported yet for simulation. The statement will be ignored.
WARNING: [XSIM 43-4127] File "/wrk/2017.4/nightly/2017_12_15_2086221/packages/customer/vivado/data/ip/xilinx/axi_protocol_checker_v2_0/hdl/axi_protocol_checker_v2_0_vl_rfs.sv" Line 4975 : The "System Verilog Assertion" is not supported yet for simulation. The statement will be ignored.
WARNING: [XSIM 43-4127] File "/wrk/2017.4/nightly/2017_12_15_2086221/packages/customer/vivado/data/ip/xilinx/axi_protocol_checker_v2_0/hdl/axi_protocol_checker_v2_0_vl_rfs.sv" Line 4981 : The "System Verilog Property Declaration" is not supported yet for simulation. The statement will be ignored.
WARNING: [XSIM 43-4127] File "/wrk/2017.4/nightly/2017_12_15_2086221/packages/customer/vivado/data/ip/xilinx/axi_protocol_checker_v2_0/hdl/axi_protocol_checker_v2_0_vl_rfs.sv" Line 4986 : The "System Verilog Assertion" is not supported yet for simulation. The statement will be ignored.
WARNING: [XSIM 43-4127] File "/wrk/2017.4/nightly/2017_12_15_2086221/packages/customer/vivado/data/ip/xilinx/axi_protocol_checker_v2_0/hdl/axi_protocol_checker_v2_0_vl_rfs.sv" Line 4992 : The "System Verilog Property Declaration" is not supported yet for simulation. The statement will be ignored.
WARNING: [XSIM 43-4127] File "/wrk/2017.4/nightly/2017_12_15_2086221/packages/customer/vivado/data/ip/xilinx/axi_protocol_checker_v2_0/hdl/axi_protocol_checker_v2_0_vl_rfs.sv" Line 4997 : The "System Verilog Assertion" is not supported yet for simulation. The statement will be ignored.
WARNING: [XSIM 43-4127] File "/wrk/2017.4/nightly/2017_12_15_2086221/packages/customer/vivado/data/ip/xilinx/axi_protocol_checker_v2_0/hdl/axi_protocol_checker_v2_0_vl_rfs.sv" Line 5003 : The "System Verilog Property Declaration" is not supported yet for simulation. The statement will be ignored.
WARNING: [XSIM 43-4127] File "/wrk/2017.4/nightly/2017_12_15_2086221/packages/customer/vivado/data/ip/xilinx/axi_protocol_checker_v2_0/hdl/axi_protocol_checker_v2_0_vl_rfs.sv" Line 5008 : The "System Verilog Assertion" is not supported yet for simulation. The statement will be ignored.
WARNING: [XSIM 43-4127] File "/wrk/2017.4/nightly/2017_12_15_2086221/packages/customer/vivado/data/ip/xilinx/axi_protocol_checker_v2_0/hdl/axi_protocol_checker_v2_0_vl_rfs.sv" Line 5014 : The "System Verilog Property Declaration" is not supported yet for simulation. The statement will be ignored.
WARNING: [XSIM 43-4127] File "/wrk/2017.4/nightly/2017_12_15_2086221/packages/customer/vivado/data/ip/xilinx/axi_protocol_checker_v2_0/hdl/axi_protocol_checker_v2_0_vl_rfs.sv" Line 5019 : The "System Verilog Assertion" is not supported yet for simulation. The statement will be ignored.
WARNING: [XSIM 43-4127] File "/wrk/2017.4/nightly/2017_12_15_2086221/packages/customer/vivado/data/ip/xilinx/axi_protocol_checker_v2_0/hdl/axi_protocol_checker_v2_0_vl_rfs.sv" Line 5025 : The "System Verilog Property Declaration" is not supported yet for simulation. The statement will be ignored.
WARNING: [XSIM 43-4127] File "/wrk/2017.4/nightly/2017_12_15_2086221/packages/customer/vivado/data/ip/xilinx/axi_protocol_checker_v2_0/hdl/axi_protocol_checker_v2_0_vl_rfs.sv" Line 5030 : The "System Verilog Assertion" is not supported yet for simulation. The statement will be ignored.
WARNING: [XSIM 43-4127] File "/wrk/2017.4/nightly/2017_12_15_2086221/packages/customer/vivado/data/ip/xilinx/axi_protocol_checker_v2_0/hdl/axi_protocol_checker_v2_0_vl_rfs.sv" Line 5036 : The "System Verilog Property Declaration" is not supported yet for simulation. The statement will be ignored.
WARNING: [XSIM 43-4127] File "/wrk/2017.4/nightly/2017_12_15_2086221/packages/customer/vivado/data/ip/xilinx/axi_protocol_checker_v2_0/hdl/axi_protocol_checker_v2_0_vl_rfs.sv" Line 5041 : The "System Verilog Assertion" is not supported yet for simulation. The statement will be ignored.
WARNING: [XSIM 43-4127] File "/wrk/2017.4/nightly/2017_12_15_2086221/packages/customer/vivado/data/ip/xilinx/axi_protocol_checker_v2_0/hdl/axi_protocol_checker_v2_0_vl_rfs.sv" Line 5047 : The "System Verilog Property Declaration" is not supported yet for simulation. The statement will be ignored.
WARNING: [XSIM 43-4127] File "/wrk/2017.4/nightly/2017_12_15_2086221/packages/customer/vivado/data/ip/xilinx/axi_protocol_checker_v2_0/hdl/axi_protocol_checker_v2_0_vl_rfs.sv" Line 5052 : The "System Verilog Assertion" is not supported yet for simulation. The statement will be ignored.
WARNING: [XSIM 43-4127] File "/wrk/2017.4/nightly/2017_12_15_2086221/packages/customer/vivado/data/ip/xilinx/axi_protocol_checker_v2_0/hdl/axi_protocol_checker_v2_0_vl_rfs.sv" Line 5058 : The "System Verilog Property Declaration" is not supported yet for simulation. The statement will be ignored.
WARNING: [XSIM 43-4127] File "/wrk/2017.4/nightly/2017_12_15_2086221/packages/customer/vivado/data/ip/xilinx/axi_protocol_checker_v2_0/hdl/axi_protocol_checker_v2_0_vl_rfs.sv" Line 5063 : The "System Verilog Assertion" is not supported yet for simulation. The statement will be ignored.
WARNING: [XSIM 43-4127] File "/wrk/2017.4/nightly/2017_12_15_2086221/packages/customer/vivado/data/ip/xilinx/axi_protocol_checker_v2_0/hdl/axi_protocol_checker_v2_0_vl_rfs.sv" Line 5069 : The "System Verilog Property Declaration" is not supported yet for simulation. The statement will be ignored.
WARNING: [XSIM 43-4127] File "/wrk/2017.4/nightly/2017_12_15_2086221/packages/customer/vivado/data/ip/xilinx/axi_protocol_checker_v2_0/hdl/axi_protocol_checker_v2_0_vl_rfs.sv" Line 5074 : The "System Verilog Assertion" is not supported yet for simulation. The statement will be ignored.
WARNING: [XSIM 43-4127] File "/wrk/2017.4/nightly/2017_12_15_2086221/packages/customer/vivado/data/ip/xilinx/axi_protocol_checker_v2_0/hdl/axi_protocol_checker_v2_0_vl_rfs.sv" Line 5080 : The "System Verilog Property Declaration" is not supported yet for simulation. The statement will be ignored.
WARNING: [XSIM 43-4127] File "/wrk/2017.4/nightly/2017_12_15_2086221/packages/customer/vivado/data/ip/xilinx/axi_protocol_checker_v2_0/hdl/axi_protocol_checker_v2_0_vl_rfs.sv" Line 5085 : The "System Verilog Assertion" is not supported yet for simulation. The statement will be ignored.
WARNING: [XSIM 43-4127] File "/wrk/2017.4/nightly/2017_12_15_2086221/packages/customer/vivado/data/ip/xilinx/axi_protocol_checker_v2_0/hdl/axi_protocol_checker_v2_0_vl_rfs.sv" Line 5091 : The "System Verilog Property Declaration" is not supported yet for simulation. The statement will be ignored.
WARNING: [XSIM 43-4127] File "/wrk/2017.4/nightly/2017_12_15_2086221/packages/customer/vivado/data/ip/xilinx/axi_protocol_checker_v2_0/hdl/axi_protocol_checker_v2_0_vl_rfs.sv" Line 5096 : The "System Verilog Assertion" is not supported yet for simulation. The statement will be ignored.
WARNING: [XSIM 43-4127] File "/wrk/2017.4/nightly/2017_12_15_2086221/packages/customer/vivado/data/ip/xilinx/axi_protocol_checker_v2_0/hdl/axi_protocol_checker_v2_0_vl_rfs.sv" Line 5102 : The "System Verilog Property Declaration" is not supported yet for simulation. The statement will be ignored.
WARNING: [XSIM 43-4127] File "/wrk/2017.4/nightly/2017_12_15_2086221/packages/customer/vivado/data/ip/xilinx/axi_protocol_checker_v2_0/hdl/axi_protocol_checker_v2_0_vl_rfs.sv" Line 5107 : The "System Verilog Assertion" is not supported yet for simulation. The statement will be ignored.
Starting simulation data flow analysis
Completed simulation data flow analysis
Time Resolution for simulation is 1ps
Compiling module xil_defaultlib.AXI_LITE_master_IP_v1_0_M00_AXI(...
Compiling module xil_defaultlib.AXI_LITE_master_IP_v1_0(REG_DATA...
Compiling module xil_defaultlib.myip_v1_0_bfm_1_AXI_LITE_master_...
Compiling module xil_defaultlib.AXI_LITE_master_IP_v1_0_M00_AXI(...
Compiling module xil_defaultlib.AXI_LITE_master_IP_v1_0(REG_DATA...
Compiling module xil_defaultlib.myip_v1_0_bfm_1_AXI_LITE_master_...
Compiling module xil_defaultlib.User_DMA_v1_0_S_AXI_LITE_default
Compiling module xil_defaultlib.User_DMA_v1_0_M_AXI_FULL_s2mm(C_...
Compiling module xil_defaultlib.User_DMA_v1_0_M_AXI_FULL_mm2s(C_...
Compiling module xil_defaultlib.fifo
Compiling module xil_defaultlib.User_DMA_v1_0_M_AXIS_MM2S
Compiling module xil_defaultlib.User_DMA_v1_0_S_AXIS_S2MM
Compiling module xil_defaultlib.User_DMA_v1_0(C_M_AXI_FULL_AWUSE...
Compiling module xil_defaultlib.myip_v1_0_bfm_1_User_DMA_0_1
Compiling module xil_defaultlib.m00_couplers_imp_WBKTR3
Compiling module xil_defaultlib.m01_couplers_imp_1M99N69
Compiling module xil_defaultlib.s00_couplers_imp_NJ91FR
Compiling module xil_defaultlib.s01_couplers_imp_1UYRXXL
Compiling module generic_baseblocks_v2_1_0.generic_baseblocks_v2_1_0_carry_...
Compiling module generic_baseblocks_v2_1_0.generic_baseblocks_v2_1_0_compar...
Compiling module axi_crossbar_v2_1_16.axi_crossbar_v2_1_16_addr_decode...
Compiling module generic_baseblocks_v2_1_0.generic_baseblocks_v2_1_0_mux_en...
Compiling module unisims_ver.SRLC32E_default
Compiling module axi_data_fifo_v2_1_14.axi_data_fifo_v2_1_14_ndeep_srl(...
Compiling module axi_data_fifo_v2_1_14.axi_data_fifo_v2_1_14_axic_srl_f...
Compiling module axi_crossbar_v2_1_16.axi_crossbar_v2_1_16_si_transact...
Compiling module generic_baseblocks_v2_1_0.generic_baseblocks_v2_1_0_mux_en...
Compiling module axi_crossbar_v2_1_16.axi_crossbar_v2_1_16_si_transact...
Compiling module axi_crossbar_v2_1_16.axi_crossbar_v2_1_16_splitter
Compiling module axi_data_fifo_v2_1_14.axi_data_fifo_v2_1_14_ndeep_srl(...
Compiling module axi_data_fifo_v2_1_14.axi_data_fifo_v2_1_14_axic_reg_s...
Compiling module axi_crossbar_v2_1_16.axi_crossbar_v2_1_16_wdata_route...
Compiling module axi_crossbar_v2_1_16.axi_crossbar_v2_1_16_si_transact...
Compiling module axi_crossbar_v2_1_16.axi_crossbar_v2_1_16_si_transact...
Compiling module axi_crossbar_v2_1_16.axi_crossbar_v2_1_16_addr_decode...
Compiling module axi_data_fifo_v2_1_14.axi_data_fifo_v2_1_14_axic_reg_s...
Compiling module generic_baseblocks_v2_1_0.generic_baseblocks_v2_1_0_mux_en...
Compiling module axi_crossbar_v2_1_16.axi_crossbar_v2_1_16_wdata_mux(C...
Compiling module axi_data_fifo_v2_1_14.axi_data_fifo_v2_1_14_axic_srl_f...
Compiling module axi_infrastructure_v1_1_0.axi_infrastructure_v1_1_0_axi2ve...
Compiling module axi_register_slice_v2_1_15.axi_register_slice_v2_1_15_axic_...
Compiling module axi_register_slice_v2_1_15.axi_register_slice_v2_1_15_axic_...
Compiling module axi_register_slice_v2_1_15.axi_register_slice_v2_1_15_axic_...
Compiling module axi_register_slice_v2_1_15.axi_register_slice_v2_1_15_axic_...
Compiling module axi_infrastructure_v1_1_0.axi_infrastructure_v1_1_0_vector...
Compiling module axi_register_slice_v2_1_15.axi_register_slice_v2_1_15_axi_r...
Compiling module axi_data_fifo_v2_1_14.axi_data_fifo_v2_1_14_axic_reg_s...
Compiling module axi_crossbar_v2_1_16.axi_crossbar_v2_1_16_wdata_mux(C...
Compiling module axi_data_fifo_v2_1_14.axi_data_fifo_v2_1_14_axic_srl_f...
Compiling module generic_baseblocks_v2_1_0.generic_baseblocks_v2_1_0_mux_en...
Compiling module generic_baseblocks_v2_1_0.generic_baseblocks_v2_1_0_mux_en...
Compiling module axi_crossbar_v2_1_16.axi_crossbar_v2_1_16_addr_arbite...
Compiling module axi_crossbar_v2_1_16.axi_crossbar_v2_1_16_decerr_slav...
Compiling module axi_crossbar_v2_1_16.axi_crossbar_v2_1_16_crossbar(C_...
Compiling module axi_crossbar_v2_1_16.axi_crossbar_v2_1_16_axi_crossba...
Compiling module xil_defaultlib.myip_v1_0_bfm_1_xbar_0
Compiling module xil_defaultlib.myip_v1_0_bfm_1_axi_interconnect...
Compiling module xil_defaultlib.m00_couplers_imp_6IJAUZ
Compiling module xil_defaultlib.s00_couplers_imp_FHPYG3
Compiling module xil_defaultlib.s01_couplers_imp_14M18KT
Compiling module generic_baseblocks_v2_1_0.generic_baseblocks_v2_1_0_mux_en...
Compiling module axi_crossbar_v2_1_16.axi_crossbar_v2_1_16_addr_arbite...
Compiling module generic_baseblocks_v2_1_0.generic_baseblocks_v2_1_0_compar...
Compiling module axi_crossbar_v2_1_16.axi_crossbar_v2_1_16_addr_decode...
Compiling module axi_crossbar_v2_1_16.axi_crossbar_v2_1_16_splitter(C_...
Compiling module generic_baseblocks_v2_1_0.generic_baseblocks_v2_1_0_mux_en...
Compiling module generic_baseblocks_v2_1_0.generic_baseblocks_v2_1_0_mux_en...
Compiling module generic_baseblocks_v2_1_0.generic_baseblocks_v2_1_0_mux_en...
Compiling module axi_register_slice_v2_1_15.axi_register_slice_v2_1_15_axic_...
Compiling module axi_crossbar_v2_1_16.axi_crossbar_v2_1_16_decerr_slav...
Compiling module axi_crossbar_v2_1_16.axi_crossbar_v2_1_16_crossbar_sa...
Compiling module axi_crossbar_v2_1_16.axi_crossbar_v2_1_16_axi_crossba...
Compiling module xil_defaultlib.myip_v1_0_bfm_1_xbar_1
Compiling module xil_defaultlib.myip_v1_0_bfm_1_axi_interconnect...
Compiling module axis_infrastructure_v1_1_0.axis_infrastructure_v1_1_0_util_...
Compiling module axis_infrastructure_v1_1_0.axis_infrastructure_v1_1_0_util_...
Compiling module axis_infrastructure_v1_1_0.axis_infrastructure_v1_1_0_util_...
Compiling module fifo_generator_v13_2_1.fifo_generator_v13_2_1_bhv_ver_s...
Compiling module fifo_generator_v13_2_1.fifo_generator_v13_2_1_bhv_ver_p...
Compiling module fifo_generator_v13_2_1.fifo_generator_v13_2_1_CONV_VER(...
Compiling module fifo_generator_v13_2_1.fifo_generator_vlog_beh(C_COMMON...
Compiling module fifo_generator_v13_2_1.fifo_generator_v13_2_1(C_COMMON_...
Compiling module axis_infrastructure_v1_1_0.axis_infrastructure_v1_1_0_util_...
Compiling module axis_data_fifo_v1_1_16.axis_data_fifo_v1_1_16_axis_data...
Compiling module xil_defaultlib.myip_v1_0_bfm_1_axis_data_fifo_0...
Compiling module xil_defaultlib.myip_v1_0_M00_AXI(C_M_TARGET_SLA...
Compiling module xil_defaultlib.myip_v1_0(C_M00_AXI_TARGET_SLAVE...
Compiling module xil_defaultlib.myip_v1_0_bfm_1_myip_0_0
Compiling module xilinx_vip.axi_vip_if(C_AXI_WID_WIDTH=2,C_A...
Compiling module smartconnect_v1_0.sc_util_v1_0_2_onehot_to_binary(...
Compiling module smartconnect_v1_0.sc_util_v1_0_2_srl_rtl(C_A_WIDTH...
Compiling module smartconnect_v1_0.sc_util_v1_0_2_axic_reg_srl_fifo...
Compiling module axi_protocol_checker_v2_0_1.axi_protocol_checker_v2_0_1_thre...
Compiling module axi_protocol_checker_v2_0_1.axi_protocol_checker_v2_0_1_syn_...
Compiling module axi_protocol_checker_v2_0_1.axi_protocol_checker_v2_0_1_axi4...
Compiling module axi_protocol_checker_v2_0_1.axi_protocol_checker_v2_0_1_syn_...
Compiling module axi_protocol_checker_v2_0_1.axi_protocol_checker_v2_0_1_syn_...
Compiling module axi_protocol_checker_v2_0_1.axi_protocol_checker_v2_0_1_core...
Compiling module axi_protocol_checker_v2_0_1.axi_protocol_checker_v2_0_1_repo...
Compiling module axi_protocol_checker_v2_0_1.axi_protocol_checker_v2_0_1_top(...
Compiling module axi_vip_v1_1_1.axi_vip_v1_1_1_top(C_AXI_INTERFA...
Compiling module xil_defaultlib.myip_v1_0_bfm_1_slave_0_0
Compiling module xil_defaultlib.myip_v1_0_bfm_1
Compiling module xil_defaultlib.myip_v1_0_bfm_1_wrapper
Compiling module xil_defaultlib.myip_v1_0_tb
Compiling module xil_defaultlib.glbl
Compiling package xilinx_vip.axi_vip_pkg
Compiling package xilinx_vip.xil_common_vip_pkg
Compiling package smartconnect_v1_0.sc_util_v1_0_2_pkg
Built simulation snapshot myip_v1_0_tb_behav
