#
# A fatal error has been detected by the Java Runtime Environment:
#
#  Internal Error (0xc000000d), pid=23460, tid=22624
#
# JRE version: Java(TM) SE Runtime Environment (8.0_45-b15) (build 1.8.0_45-b15)
# Java VM: Java HotSpot(TM) 64-Bit Server VM (25.45-b02 mixed mode windows-amd64 compressed oops)
# Problematic frame:
# C  [ntdll.dll+0x96ccf]
#
# Failed to write core dump. Minidumps are not enabled by default on client versions of Windows
#
# If you would like to submit a bug report, please visit:
#   http://bugreport.java.com/bugreport/crash.jsp
#

---------------  T H R E A D  ---------------

Current thread (0x0000000014c02800):  VMThread [stack: 0x0000000015b50000,0x0000000015c50000] [id=22624]

siginfo: ExceptionCode=0xc000000d

Registers:
RAX=0x000000006394300a, RBX=0x0000000000000000, RCX=0x0000000015c4ed10, RDX=0x0000000000000000
RSP=0x0000000015c4f320, RBP=0x0000000023e5a100, RSI=0x000007feeedd7408, RDI=0x0000000015c4f468
R8 =0x0000000000000000, R9 =0x0000000000000000, R10=0x0000000000000000, R11=0x0000000000000246
R12=0x00000000002c3280, R13=0x00000000002c3250, R14=0x0000000023e5a208, R15=0x0000000000000000
RIP=0x0000000077c06ccf, EFLAGS=0x0000000000000206

Top of Stack: (sp=0x0000000015c4f320)
0x0000000015c4f320:   0000000000000000 000007feeedd7408
0x0000000015c4f330:   0000000015c4f468 0000000000000000
0x0000000015c4f340:   0000000000000050 00000000001e0000
0x0000000015c4f350:   0000000000000000 0000000000000000
0x0000000015c4f360:   0000000000000002 0000000077bbdd48
0x0000000015c4f370:   00000000c000000d 0000000000000000
0x0000000015c4f380:   0000000077c06ccf 0000000000000000
0x0000000015c4f390:   0000000000000000 0000000000000000
0x0000000015c4f3a0:   0000000000000000 0000000000000000
0x0000000015c4f3b0:   0000000000000000 0000000000000000
0x0000000015c4f3c0:   0000000000000000 0000000000000000
0x0000000015c4f3d0:   0000000000000000 0000000000000000
0x0000000015c4f3e0:   0000000000000000 0000000000000000
0x0000000015c4f3f0:   0000000000000000 0000000000000000
0x0000000015c4f400:   0000000000000000 00000000002c3280
0x0000000015c4f410:   000000000000009c 0000000077a934a8 

Instructions: (pc=0x0000000077c06ccf)
0x0000000077c06caf:   5d 6c fb ff b9 57 00 00 00 c7 44 24 50 0d 00 00
0x0000000077c06cbf:   c0 e8 4b 6f fb ff 48 8d 4c 24 50 e8 41 1c f8 ff
0x0000000077c06ccf:   4c 8b 1d 02 67 09 00 4d 85 db 74 5b 65 48 8b 04
0x0000000077c06cdf:   25 30 00 00 00 f6 80 ee 17 00 00 08 74 12 65 48 


Register to memory mapping:

RAX=0x000000006394300a is an unknown value
RBX=0x0000000000000000 is an unknown value
RCX=0x0000000015c4ed10 is an unknown value
RDX=0x0000000000000000 is an unknown value
RSP=0x0000000015c4f320 is an unknown value
RBP=0x0000000023e5a100 is an unknown value
RSI=0x000007feeedd7408 is an unknown value
RDI=0x0000000015c4f468 is an unknown value
R8 =0x0000000000000000 is an unknown value
R9 =0x0000000000000000 is an unknown value
R10=0x0000000000000000 is an unknown value
R11=0x0000000000000246 is an unknown value
R12=0x00000000002c3280 is an unknown value
R13=0x00000000002c3250 is an unknown value
R14=0x0000000023e5a208 is an unknown value
R15=0x0000000000000000 is an unknown value


Stack: [0x0000000015b50000,0x0000000015c50000],  sp=0x0000000015c4f320,  free space=1020k
Native frames: (J=compiled Java code, j=interpreted, Vv=VM code, C=native code)
C  [ntdll.dll+0x96ccf]
C  [kernel32.dll+0x434a8]
C  [MSVCR110.dll+0x752d]
C  [MSVCR110.dll+0x73c6]
C  [MSVCR110.dll+0x14cca]
C  [MSVCR110.dll+0x13edc]
C  [MSVCR110.dll+0x239e]
C  [MSVCR110.dll+0xaf9e]
C  [MSVCP110.dll+0x397b9]
C  [librdi_common.dll+0x14283e]
C  [librdi_common.dll+0x141449]
C  0x000007fecc442400
C  0x000007fecc442682
C  [ntdll.dll+0x22ac1]
C  [ntdll.dll+0x228d0]
C  [MSVCR100.dll+0x20ccd]
V  [jvm.dll+0x20f135]
V  [jvm.dll+0x247ef7]
V  [jvm.dll+0x247196]
V  [jvm.dll+0x247631]
V  [jvm.dll+0x24784e]
V  [jvm.dll+0x29853a]
C  [MSVCR100.dll+0x21d9f]
C  [MSVCR100.dll+0x21e3b]
C  [kernel32.dll+0x159cd]
C  [ntdll.dll+0x2a561]

VM_Operation (0x000000000012f500): Exit, mode: safepoint, requested by thread 0x0000000002178000


---------------  P R O C E S S  ---------------

Java Threads: ( => current thread )
  0x000000001b532000 JavaThread "TCF Socket Connect" daemon [_thread_in_native, id=20672, stack(0x0000000018c20000,0x0000000018d20000)]
  0x0000000017671800 JavaThread "Spawner Reaper" daemon [_thread_in_native, id=23932, stack(0x00000000230c0000,0x00000000231c0000)]
  0x000000001766f800 JavaThread "Thread-18" daemon [_thread_blocked, id=23512, stack(0x0000000025b80000,0x0000000025c80000)]
  0x000000001b52e800 JavaThread "TCF Locator DNS Lookup" daemon [_thread_blocked, id=21172, stack(0x000000001cc10000,0x000000001cd10000)]
  0x000000001b52d800 JavaThread "TCF Locator Timer" daemon [_thread_blocked, id=3328, stack(0x000000001cb10000,0x000000001cc10000)]
  0x000000001b52d000 JavaThread "TCF Locator Receiver" daemon [_thread_in_native, id=22768, stack(0x000000001ca10000,0x000000001cb10000)]
  0x000000001b52b000 JavaThread "TCF Timer Dispatcher" daemon [_thread_blocked, id=22436, stack(0x000000001c7e0000,0x000000001c8e0000)]
  0x00000000196ae000 JavaThread "EMF Reference Cleaner" daemon [_thread_blocked, id=15552, stack(0x000000001a2d0000,0x000000001a3d0000)]
  0x0000000014d1d800 JavaThread "Service Thread" daemon [_thread_blocked, id=22656, stack(0x0000000016450000,0x0000000016550000)]
  0x0000000014cb1000 JavaThread "C1 CompilerThread3" daemon [_thread_blocked, id=23120, stack(0x0000000016350000,0x0000000016450000)]
  0x0000000014c8a000 JavaThread "C2 CompilerThread2" daemon [_thread_blocked, id=20904, stack(0x0000000016250000,0x0000000016350000)]
  0x0000000014c73800 JavaThread "C2 CompilerThread1" daemon [_thread_blocked, id=23496, stack(0x0000000016150000,0x0000000016250000)]
  0x0000000013a9d800 JavaThread "C2 CompilerThread0" daemon [_thread_blocked, id=23344, stack(0x0000000016050000,0x0000000016150000)]
  0x0000000014c66800 JavaThread "Attach Listener" daemon [_thread_blocked, id=23404, stack(0x0000000015f50000,0x0000000016050000)]
  0x0000000014c50000 JavaThread "Signal Dispatcher" daemon [_thread_blocked, id=23244, stack(0x0000000015e50000,0x0000000015f50000)]
  0x0000000013a8c000 JavaThread "Finalizer" daemon [_thread_blocked, id=23284, stack(0x0000000015d50000,0x0000000015e50000)]
  0x0000000013a85800 JavaThread "Reference Handler" daemon [_thread_blocked, id=12024, stack(0x0000000015c50000,0x0000000015d50000)]
  0x0000000002178000 JavaThread "main" [_thread_blocked, id=23300, stack(0x0000000000030000,0x0000000000130000)]

Other Threads:
=>0x0000000014c02800 VMThread [stack: 0x0000000015b50000,0x0000000015c50000] [id=22624]

VM state:at safepoint (shutting down)

VM Mutex/Monitor currently owned by a thread:  ([mutex/lock_event])
[0x000000000221e850] Threads_lock - owner thread: 0x0000000014c02800

Heap:
 PSYoungGen      total 99328K, used 21687K [0x00000000f5580000, 0x00000000fdf00000, 0x0000000100000000)
  eden space 83456K, 7% used [0x00000000f5580000,0x00000000f5b832e0,0x00000000fa700000)
  from space 15872K, 97% used [0x00000000fa900000,0x00000000fb82a988,0x00000000fb880000)
  to   space 28672K, 0% used [0x00000000fc300000,0x00000000fc300000,0x00000000fdf00000)
 ParOldGen       total 102400K, used 51088K [0x00000000e0000000, 0x00000000e6400000, 0x00000000f5580000)
  object space 102400K, 49% used [0x00000000e0000000,0x00000000e31e4100,0x00000000e6400000)
 Metaspace       used 96332K, capacity 103284K, committed 103552K, reserved 1138688K
  class space    used 11715K, capacity 13909K, committed 13952K, reserved 1048576K

Card table byte_map: [0x00000000115e0000,0x00000000116f0000] byte_map_base: 0x0000000010ee0000

Marking Bits: (ParMarkBitMap*) 0x000000006ff24040
 Begin Bits: [0x0000000011fa0000, 0x00000000127a0000)
 End Bits:   [0x00000000127a0000, 0x0000000012fa0000)

Polling page: 0x0000000000300000

CodeCache: size=245760Kb used=51042Kb max_used=51188Kb free=194717Kb
 bounds [0x0000000002220000, 0x0000000005480000, 0x0000000011220000]
 total_blobs=14491 nmethods=13600 adapters=797
 compilation: enabled

Compilation events (10 events):
Event: 800.959 Thread 0x0000000014cb1000 nmethod 17148 0x0000000002b4ed50 code [0x0000000002b4eea0, 0x0000000002b4eff0]
Event: 801.019 Thread 0x0000000014c73800 17149       4       java.io.WinNTFileSystem::resolve (231 bytes)
Event: 801.024 Thread 0x0000000014c73800 nmethod 17149 0x0000000002bf1a50 code [0x0000000002bf1be0, 0x0000000002bf24d8]
Event: 801.025 Thread 0x0000000014c8a000 nmethod 17138 0x000000000406c390 code [0x000000000406c740, 0x000000000406fa40]
Event: 801.041 Thread 0x0000000014cb1000 17150   !   3       org.eclipse.osgi.internal.baseadaptor.BaseStorage::compact (215 bytes)
Event: 801.043 Thread 0x0000000014cb1000 nmethod 17150 0x000000000334b790 code [0x000000000334bbe0, 0x000000000334e0a8]
Event: 801.049 Thread 0x0000000013a9d800 17151       4       java.io.File::isDirectory (43 bytes)
Event: 801.051 Thread 0x0000000013a9d800 nmethod 17151 0x0000000003b01fd0 code [0x0000000003b02120, 0x0000000003b02328]
Event: 801.186 Thread 0x0000000014cb1000 17152       3       org.eclipse.osgi.framework.internal.core.AbstractBundle::close (52 bytes)
Event: 801.186 Thread 0x0000000014cb1000 nmethod 17152 0x00000000038fba50 code [0x00000000038fbc80, 0x00000000038fc988]

GC Heap History (10 events):
Event: 270.037 GC heap before
{Heap before GC invocations=27 (full 4):
 PSYoungGen      total 116224K, used 115170K [0x00000000f5580000, 0x00000000fe700000, 0x0000000100000000)
  eden space 95744K, 100% used [0x00000000f5580000,0x00000000fb300000,0x00000000fb300000)
  from space 20480K, 94% used [0x00000000fd300000,0x00000000fe5f8b20,0x00000000fe700000)
  to   space 26624K, 0% used [0x00000000fb300000,0x00000000fb300000,0x00000000fcd00000)
 ParOldGen       total 102400K, used 51048K [0x00000000e0000000, 0x00000000e6400000, 0x00000000f5580000)
  object space 102400K, 49% used [0x00000000e0000000,0x00000000e31da100,0x00000000e6400000)
 Metaspace       used 91481K, capacity 98290K, committed 98432K, reserved 1134592K
  class space    used 11280K, capacity 13418K, committed 13440K, reserved 1048576K
Event: 270.060 GC heap after
Heap after GC invocations=27 (full 4):
 PSYoungGen      total 113664K, used 20119K [0x00000000f5580000, 0x00000000fe580000, 0x0000000100000000)
  eden space 93184K, 0% used [0x00000000f5580000,0x00000000f5580000,0x00000000fb080000)
  from space 20480K, 98% used [0x00000000fb300000,0x00000000fc6a5cd8,0x00000000fc700000)
  to   space 27136K, 0% used [0x00000000fcb00000,0x00000000fcb00000,0x00000000fe580000)
 ParOldGen       total 102400K, used 51056K [0x00000000e0000000, 0x00000000e6400000, 0x00000000f5580000)
  object space 102400K, 49% used [0x00000000e0000000,0x00000000e31dc100,0x00000000e6400000)
 Metaspace       used 91481K, capacity 98290K, committed 98432K, reserved 1134592K
  class space    used 11280K, capacity 13418K, committed 13440K, reserved 1048576K
}
Event: 289.094 GC heap before
{Heap before GC invocations=28 (full 4):
 PSYoungGen      total 113664K, used 113303K [0x00000000f5580000, 0x00000000fe580000, 0x0000000100000000)
  eden space 93184K, 100% used [0x00000000f5580000,0x00000000fb080000,0x00000000fb080000)
  from space 20480K, 98% used [0x00000000fb300000,0x00000000fc6a5cd8,0x00000000fc700000)
  to   space 27136K, 0% used [0x00000000fcb00000,0x00000000fcb00000,0x00000000fe580000)
 ParOldGen       total 102400K, used 51056K [0x00000000e0000000, 0x00000000e6400000, 0x00000000f5580000)
  object space 102400K, 49% used [0x00000000e0000000,0x00000000e31dc100,0x00000000e6400000)
 Metaspace       used 92345K, capacity 99226K, committed 99584K, reserved 1134592K
  class space    used 11359K, capacity 13517K, committed 13568K, reserved 1048576K
Event: 289.104 GC heap after
Heap after GC invocations=28 (full 4):
 PSYoungGen      total 116224K, used 19923K [0x00000000f5580000, 0x00000000fe400000, 0x0000000100000000)
  eden space 90624K, 0% used [0x00000000f5580000,0x00000000f5580000,0x00000000fae00000)
  from space 25600K, 77% used [0x00000000fcb00000,0x00000000fde74e80,0x00000000fe400000)
  to   space 27648K, 0% used [0x00000000fae00000,0x00000000fae00000,0x00000000fc900000)
 ParOldGen       total 102400K, used 51064K [0x00000000e0000000, 0x00000000e6400000, 0x00000000f5580000)
  object space 102400K, 49% used [0x00000000e0000000,0x00000000e31de100,0x00000000e6400000)
 Metaspace       used 92345K, capacity 99226K, committed 99584K, reserved 1134592K
  class space    used 11359K, capacity 13517K, committed 13568K, reserved 1048576K
}
Event: 345.021 GC heap before
{Heap before GC invocations=29 (full 4):
 PSYoungGen      total 116224K, used 110547K [0x00000000f5580000, 0x00000000fe400000, 0x0000000100000000)
  eden space 90624K, 100% used [0x00000000f5580000,0x00000000fae00000,0x00000000fae00000)
  from space 25600K, 77% used [0x00000000fcb00000,0x00000000fde74e80,0x00000000fe400000)
  to   space 27648K, 0% used [0x00000000fae00000,0x00000000fae00000,0x00000000fc900000)
 ParOldGen       total 102400K, used 51064K [0x00000000e0000000, 0x00000000e6400000, 0x00000000f5580000)
  object space 102400K, 49% used [0x00000000e0000000,0x00000000e31de100,0x00000000e6400000)
 Metaspace       used 93109K, capacity 100156K, committed 100480K, reserved 1136640K
  class space    used 11407K, capacity 13615K, committed 13696K, reserved 1048576K
Event: 345.033 GC heap after
Heap after GC invocations=29 (full 4):
 PSYoungGen      total 109568K, used 21257K [0x00000000f5580000, 0x00000000fe380000, 0x0000000100000000)
  eden space 88064K, 0% used [0x00000000f5580000,0x00000000f5580000,0x00000000fab80000)
  from space 21504K, 98% used [0x00000000fae00000,0x00000000fc2c2428,0x00000000fc300000)
  to   space 28672K, 0% used [0x00000000fc780000,0x00000000fc780000,0x00000000fe380000)
 ParOldGen       total 102400K, used 51072K [0x00000000e0000000, 0x00000000e6400000, 0x00000000f5580000)
  object space 102400K, 49% used [0x00000000e0000000,0x00000000e31e0100,0x00000000e6400000)
 Metaspace       used 93109K, capacity 100156K, committed 100480K, reserved 1136640K
  class space    used 11407K, capacity 13615K, committed 13696K, reserved 1048576K
}
Event: 604.254 GC heap before
{Heap before GC invocations=30 (full 4):
 PSYoungGen      total 109568K, used 109321K [0x00000000f5580000, 0x00000000fe380000, 0x0000000100000000)
  eden space 88064K, 100% used [0x00000000f5580000,0x00000000fab80000,0x00000000fab80000)
  from space 21504K, 98% used [0x00000000fae00000,0x00000000fc2c2428,0x00000000fc300000)
  to   space 28672K, 0% used [0x00000000fc780000,0x00000000fc780000,0x00000000fe380000)
 ParOldGen       total 102400K, used 51072K [0x00000000e0000000, 0x00000000e6400000, 0x00000000f5580000)
  object space 102400K, 49% used [0x00000000e0000000,0x00000000e31e0100,0x00000000e6400000)
 Metaspace       used 93415K, capacity 100412K, committed 100736K, reserved 1136640K
  class space    used 11410K, capacity 13615K, committed 13696K, reserved 1048576K
Event: 604.266 GC heap after
Heap after GC invocations=30 (full 4):
 PSYoungGen      total 113664K, used 21534K [0x00000000f5580000, 0x00000000fe300000, 0x0000000100000000)
  eden space 85504K, 0% used [0x00000000f5580000,0x00000000f5580000,0x00000000fa900000)
  from space 28160K, 76% used [0x00000000fc780000,0x00000000fdc87b78,0x00000000fe300000)
  to   space 29696K, 0% used [0x00000000fa900000,0x00000000fa900000,0x00000000fc600000)
 ParOldGen       total 102400K, used 51080K [0x00000000e0000000, 0x00000000e6400000, 0x00000000f5580000)
  object space 102400K, 49% used [0x00000000e0000000,0x00000000e31e2100,0x00000000e6400000)
 Metaspace       used 93415K, capacity 100412K, committed 100736K, reserved 1136640K
  class space    used 11410K, capacity 13615K, committed 13696K, reserved 1048576K
}
Event: 800.903 GC heap before
{Heap before GC invocations=31 (full 4):
 PSYoungGen      total 113664K, used 107038K [0x00000000f5580000, 0x00000000fe300000, 0x0000000100000000)
  eden space 85504K, 99% used [0x00000000f5580000,0x00000000fa8ffe10,0x00000000fa900000)
  from space 28160K, 76% used [0x00000000fc780000,0x00000000fdc87b78,0x00000000fe300000)
  to   space 29696K, 0% used [0x00000000fa900000,0x00000000fa900000,0x00000000fc600000)
 ParOldGen       total 102400K, used 51080K [0x00000000e0000000, 0x00000000e6400000, 0x00000000f5580000)
  object space 102400K, 49% used [0x00000000e0000000,0x00000000e31e2100,0x00000000e6400000)
 Metaspace       used 96178K, capacity 103188K, committed 103552K, reserved 1138688K
  class space    used 11697K, capacity 13877K, committed 13952K, reserved 1048576K
Event: 800.911 GC heap after
Heap after GC invocations=31 (full 4):
 PSYoungGen      total 99328K, used 15530K [0x00000000f5580000, 0x00000000fdf00000, 0x0000000100000000)
  eden space 83456K, 0% used [0x00000000f5580000,0x00000000f5580000,0x00000000fa700000)
  from space 15872K, 97% used [0x00000000fa900000,0x00000000fb82a988,0x00000000fb880000)
  to   space 28672K, 0% used [0x00000000fc300000,0x00000000fc300000,0x00000000fdf00000)
 ParOldGen       total 102400K, used 51088K [0x00000000e0000000, 0x00000000e6400000, 0x00000000f5580000)
  object space 102400K, 49% used [0x00000000e0000000,0x00000000e31e4100,0x00000000e6400000)
 Metaspace       used 96178K, capacity 103188K, committed 103552K, reserved 1138688K
  class space    used 11697K, capacity 13877K, committed 13952K, reserved 1048576K
}

Deoptimization events (10 events):
Event: 620.852 Thread 0x0000000002178000 Uncommon trap: reason=unstable_if action=reinterpret pc=0x0000000003c9e1e0 method=org.eclipse.ui.internal.UILockListener.isUI()Z @ 7
Event: 620.853 Thread 0x0000000002178000 Uncommon trap: reason=unstable_if action=reinterpret pc=0x00000000029c3c48 method=org.eclipse.swt.graphics.Resource.dispose()V @ 15
Event: 620.854 Thread 0x0000000002178000 Uncommon trap: reason=unstable_if action=reinterpret pc=0x00000000041a134c method=sun.nio.cs.UTF_8$Encoder.encodeArrayLoop(Ljava/nio/CharBuffer;Ljava/nio/ByteBuffer;)Ljava/nio/charset/CoderResult; @ 87
Event: 623.820 Thread 0x000000001b68f800 Uncommon trap: reason=class_check action=maybe_recompile pc=0x0000000004e2e10c method=org.eclipse.swt.widgets.Display.asyncExec(Ljava/lang/Runnable;)V @ 54
Event: 800.903 Thread 0x000000001b52c000 Uncommon trap: reason=class_check action=maybe_recompile pc=0x0000000004e2e10c method=org.eclipse.swt.widgets.Display.asyncExec(Ljava/lang/Runnable;)V @ 54
Event: 800.903 Thread 0x000000001b52c000 Uncommon trap: reason=class_check action=maybe_recompile pc=0x0000000004e2e10c method=org.eclipse.swt.widgets.Display.asyncExec(Ljava/lang/Runnable;)V @ 54
Event: 800.912 Thread 0x000000001b52c000 Uncommon trap: reason=class_check action=maybe_recompile pc=0x0000000004e2e10c method=org.eclipse.swt.widgets.Display.asyncExec(Ljava/lang/Runnable;)V @ 54
Event: 800.914 Thread 0x0000000002178000 Uncommon trap: reason=unstable_if action=reinterpret pc=0x0000000002a31e60 method=org.eclipse.core.internal.registry.ReferenceMap.purge()V @ 39
Event: 800.919 Thread 0x0000000002178000 Uncommon trap: reason=unstable_if action=reinterpret pc=0x0000000003045060 method=org.eclipse.core.runtime.internal.adaptor.EclipseLazyStarter.shouldActivateFor(Ljava/lang/String;Lorg/eclipse/osgi/baseadaptor/BaseData;Lorg/eclipse/core/runtime/internal/adaBJƒc’‰@
Event: 800.946 Thread 0x0000000017344000 Uncommon trap: reason=unstable_if action=reinterpret pc=0x0000000002dcd0d0 method=org.eclipse.osgi.framework.internal.core.BundleContextImpl.dispatchEvent(Ljava/lang/Object;Ljava/lang/Object;ILjava/lang/Object;)V @ 16

Internal exceptions (10 events):
Event: 620.611 Thread 0x000000001b68f800 Exception <a 'java/lang/InterruptedException'> (0x00000000f97bd3b8) thrown at [C:\re\workspace\8-2-build-windows-amd64-cygwin\jdk8u45\3627\hotspot\src\share\vm\runtime\objectMonitor.cpp, line 1683]
Event: 620.692 Thread 0x0000000002178000 Implicit null exception at 0x00000000037124c5 to 0x0000000003712795
Event: 620.848 Thread 0x000000001766d000 Exception <a 'java/lang/InterruptedException'> (0x00000000fa656988) thrown at [C:\re\workspace\8-2-build-windows-amd64-cygwin\jdk8u45\3627\hotspot\src\share\vm\runtime\objectMonitor.cpp, line 1683]
Event: 620.850 Thread 0x000000001b532000 Implicit null exception at 0x0000000002fc3b51 to 0x0000000002fc7055
Event: 620.901 Thread 0x0000000019395000 Exception <a 'java/net/ConnectException': Connection refused: connect> (0x00000000f822a398) thrown at [C:\re\workspace\8-2-build-windows-amd64-cygwin\jdk8u45\3627\hotspot\src\share\vm\prims\jni.cpp, line 735]
Event: 631.359 Thread 0x0000000019390800 Exception <a 'java/lang/InterruptedException'> (0x00000000fa842740) thrown at [C:\re\workspace\8-2-build-windows-amd64-cygwin\jdk8u45\3627\hotspot\src\share\vm\runtime\objectMonitor.cpp, line 1683]
Event: 800.959 Thread 0x0000000016a12000 Exception <a 'java/lang/InterruptedException': sleep interrupted> (0x00000000f58419e8) thrown at [C:\re\workspace\8-2-build-windows-amd64-cygwin\jdk8u45\3627\hotspot\src\share\vm\prims\jvm.cpp, line 3211]
Event: 800.961 Thread 0x000000001b526000 Exception <a 'java/lang/InterruptedException'> (0x00000000f58a9ec0) thrown at [C:\re\workspace\8-2-build-windows-amd64-cygwin\jdk8u45\3627\hotspot\src\share\vm\runtime\objectMonitor.cpp, line 1683]
Event: 800.961 Thread 0x0000000016d0c000 Exception <a 'java/lang/InterruptedException'> (0x00000000f58d7228) thrown at [C:\re\workspace\8-2-build-windows-amd64-cygwin\jdk8u45\3627\hotspot\src\share\vm\runtime\objectMonitor.cpp, line 1683]
Event: 801.186 Thread 0x0000000017344000 Exception <a 'java/lang/InterruptedException'> (0x00000000f5841930) thrown at [C:\re\workspace\8-2-build-windows-amd64-cygwin\jdk8u45\3627\hotspot\src\share\vm\runtime\objectMonitor.cpp, line 1683]

Events (10 events):
Event: 801.186 Thread 0x0000000017344000 Thread exited: 0x0000000017344000
Event: 801.186 Thread 0x00000000169c0000 Thread exited: 0x00000000169c0000
Event: 801.186 loading class java/util/IdentityHashMap$KeyIterator
Event: 801.186 loading class java/util/IdentityHashMap$IdentityHashMapIterator
Event: 801.186 loading class java/util/IdentityHashMap$IdentityHashMapIterator done
Event: 801.186 loading class java/util/IdentityHashMap$KeyIterator done
Event: 801.187 Thread 0x000000001b526000 Thread added: 0x000000001b526000
Event: 801.187 Thread 0x000000001b526000 Thread exited: 0x000000001b526000
Event: 801.187 Thread 0x0000000014cb1000 flushing nmethod 0x0000000003960e10
Event: 801.188 Executing VM operation: Exit


Dynamic libraries:
0x0000000000400000 - 0x000000000044f000 	D:\Xilinx\SDK\2015.4\eclipse\win64.o\eclipse.exe
0x0000000077b70000 - 0x0000000077d1a000 	C:\Windows\SYSTEM32\ntdll.dll
0x0000000077a50000 - 0x0000000077b6f000 	C:\Windows\system32\kernel32.dll
0x000007fefda70000 - 0x000007fefdada000 	C:\Windows\system32\KERNELBASE.dll
0x0000000077950000 - 0x0000000077a4a000 	C:\Windows\system32\USER32.dll
0x000007fefdc60000 - 0x000007fefdcc7000 	C:\Windows\system32\GDI32.dll
0x000007feff120000 - 0x000007feff12e000 	C:\Windows\system32\LPK.dll
0x000007feff780000 - 0x000007feff84a000 	C:\Windows\system32\USP10.dll
0x000007feff130000 - 0x000007feff1cf000 	C:\Windows\system32\msvcrt.dll
0x000007fefc3b0000 - 0x000007fefc5a4000 	C:\Windows\WinSxS\amd64_microsoft.windows.common-controls_6595b64144ccf1df_6.0.7601.18837_none_fa3b1e3d17594757\COMCTL32.dll
0x000007feff690000 - 0x000007feff701000 	C:\Windows\system32\SHLWAPI.dll
0x000007fefee40000 - 0x000007fefee6e000 	C:\Windows\system32\IMM32.DLL
0x000007fefeff0000 - 0x000007feff0f9000 	C:\Windows\system32\MSCTF.dll
0x0000000072000000 - 0x0000000072012000 	D:\Xilinx\SDK\2015.4\eclipse\win64.o\plugins\org.eclipse.equinox.launcher.win32.win32.x86_64_1.1.200.v20140116-2212\eclipse_1503.dll
0x000007fefef10000 - 0x000007fefefeb000 	C:\Windows\system32\ADVAPI32.dll
0x000007feff100000 - 0x000007feff11f000 	C:\Windows\SYSTEM32\sechost.dll
0x000007feffd50000 - 0x000007feffe7d000 	C:\Windows\system32\RPCRT4.dll
0x000007fefc8c0000 - 0x000007fefc8cc000 	C:\Windows\system32\VERSION.dll
0x000007fefc1d0000 - 0x000007fefc226000 	C:\Windows\system32\uxtheme.dll
0x000000006f720000 - 0x000000006ffa3000 	D:\Xilinx\SDK\2015.4\tps\win64\jre\bin\server\jvm.dll
0x000007fefa700000 - 0x000007fefa709000 	C:\Windows\system32\WSOCK32.dll
0x000007feff360000 - 0x000007feff3ad000 	C:\Windows\system32\WS2_32.dll
0x000007feff770000 - 0x000007feff778000 	C:\Windows\system32\NSI.dll
0x000007fefb4a0000 - 0x000007fefb4db000 	C:\Windows\system32\WINMM.dll
0x0000000077d40000 - 0x0000000077d47000 	C:\Windows\system32\PSAPI.DLL
0x0000000079340000 - 0x0000000079412000 	C:\Windows\system32\MSVCR100.dll
0x0000000070890000 - 0x000000007089f000 	D:\Xilinx\SDK\2015.4\tps\win64\jre\bin\verify.dll
0x000000006c9b0000 - 0x000000006c9d9000 	D:\Xilinx\SDK\2015.4\tps\win64\jre\bin\java.dll
0x00000000700b0000 - 0x00000000700c6000 	D:\Xilinx\SDK\2015.4\tps\win64\jre\bin\zip.dll
0x000007fefe0b0000 - 0x000007fefee3a000 	C:\Windows\system32\SHELL32.dll
0x000007feffb40000 - 0x000007feffd43000 	C:\Windows\system32\ole32.dll
0x000007fefd8b0000 - 0x000007fefd8bf000 	C:\Windows\system32\profapi.dll
0x000007fefd0b0000 - 0x000007fefd0c8000 	C:\Windows\system32\CRYPTSP.dll
0x000007fefcdb0000 - 0x000007fefcdf7000 	C:\Windows\system32\rsaenh.dll
0x000007fefd9d0000 - 0x000007fefd9ee000 	C:\Windows\system32\USERENV.dll
0x000007fefd6e0000 - 0x000007fefd6ef000 	C:\Windows\system32\CRYPTBASE.dll
0x0000000002070000 - 0x000000000208a000 	D:\Xilinx\SDK\2015.4\tps\win64\jre\bin\net.dll
0x000007fefd050000 - 0x000007fefd0a5000 	C:\Windows\system32\mswsock.dll
0x000007fefd040000 - 0x000007fefd047000 	C:\Windows\System32\wship6.dll
0x000007fefafc0000 - 0x000007fefafe7000 	C:\Windows\system32\IPHLPAPI.DLL
0x000007fefafb0000 - 0x000007fefafbb000 	C:\Windows\system32\WINNSI.DLL
0x000007fefa340000 - 0x000007fefa358000 	C:\Windows\system32\dhcpcsvc.DLL
0x000007fefa320000 - 0x000007fefa331000 	C:\Windows\system32\dhcpcsvc6.DLL
0x0000000016fd0000 - 0x0000000016fe1000 	D:\Xilinx\SDK\2015.4\tps\win64\jre\bin\nio.dll
0x000007fefb310000 - 0x000007fefb325000 	C:\Windows\system32\NLAapi.dll
0x000007fef9530000 - 0x000007fef9545000 	C:\Windows\system32\napinsp.dll
0x000007fef9510000 - 0x000007fef9529000 	C:\Windows\system32\pnrpnsp.dll
0x000007fefced0000 - 0x000007fefcf2b000 	C:\Windows\system32\DNSAPI.dll
0x000007fef9500000 - 0x000007fef950b000 	C:\Windows\System32\winrnr.dll
0x000007fefa720000 - 0x000007fefa74f000 	C:\Program Files\Common Files\Microsoft Shared\Windows Live\WLIDNSP.DLL
0x000007fefc9c0000 - 0x000007fefc9c7000 	C:\Windows\System32\wshtcpip.dll
0x000007fefa710000 - 0x000007fefa718000 	C:\Windows\system32\rasadhlp.dll
0x000007fefa440000 - 0x000007fefa493000 	C:\Windows\System32\fwpuclnt.dll
0x000007fefddf0000 - 0x000007fefdeca000 	C:\Windows\system32\OLEAUT32.DLL
0x0000000018510000 - 0x00000000185b8000 	C:\Users\Administrator\.Xilinx\SDK\2015.4\org.eclipse.osgi\bundles\303\1\.cp\swt-win32-4335.dll
0x000007fefee70000 - 0x000007fefef07000 	C:\Windows\system32\comdlg32.dll
0x000007fef8700000 - 0x000007fef8771000 	C:\Windows\system32\WINSPOOL.DRV
0x000007feff3b0000 - 0x000007feff682000 	C:\Windows\system32\WININET.dll
0x000007fefda40000 - 0x000007fefda44000 	C:\Windows\system32\api-ms-win-downlevel-user32-l1-1-0.dll
0x000007fefd920000 - 0x000007fefd924000 	C:\Windows\system32\api-ms-win-downlevel-shlwapi-l1-1-0.dll
0x000007fefd910000 - 0x000007fefd914000 	C:\Windows\system32\api-ms-win-downlevel-version-l1-1-0.dll
0x000007fefdc50000 - 0x000007fefdc53000 	C:\Windows\system32\api-ms-win-downlevel-normaliz-l1-1-0.dll
0x0000000077d30000 - 0x0000000077d33000 	C:\Windows\system32\normaliz.DLL
0x000007feff850000 - 0x000007feffb1a000 	C:\Windows\system32\iertutil.dll
0x000007fefd8c0000 - 0x000007fefd8c5000 	C:\Windows\system32\api-ms-win-downlevel-advapi32-l1-1-0.dll
0x000007fefdae0000 - 0x000007fefdc4d000 	C:\Windows\system32\CRYPT32.dll
0x000007fefd8a0000 - 0x000007fefd8af000 	C:\Windows\system32\MSASN1.dll
0x000007fefc8a0000 - 0x000007fefc8b8000 	C:\Windows\system32\dwmapi.dll
0x000007fefc230000 - 0x000007fefc35c000 	C:\Windows\system32\propsys.dll
0x000007fefdcd0000 - 0x000007fefdd69000 	C:\Windows\system32\CLBCatQ.DLL
0x0000000017040000 - 0x000000001705e000 	C:\Users\Administrator\.Xilinx\SDK\2015.4\org.eclipse.osgi\bundles\303\1\.cp\swt-gdip-win32-4335.dll
0x000007fefbfb0000 - 0x000007fefc1c6000 	C:\Windows\WinSxS\amd64_microsoft.windows.gdiplus_6595b64144ccf1df_1.1.7601.23545_none_14599ab28b920323\gdiplus.dll
0x000007fefbc10000 - 0x000007fefbd71000 	C:\Windows\system32\WindowsCodecs.dll
0x0000000180000000 - 0x0000000180012000 	C:\Users\Administrator\.Xilinx\SDK\2015.4\org.eclipse.osgi\bundles\121\1\.cp\os\win32\x86_64\localfile_1_0_0.dll
0x000007fef01c0000 - 0x000007fef01d1000 	C:\Users\Administrator\.Xilinx\SDK\2015.4\org.eclipse.osgi\bundles\124\1\.cp\jWinHttp-1.0.0.dll
0x000007fef99e0000 - 0x000007fef9a51000 	C:\Windows\system32\WINHTTP.dll
0x000007fef9840000 - 0x000007fef98a5000 	C:\Windows\system32\webio.dll
0x000007feeffe0000 - 0x000007fef0034000 	C:\Windows\system32\oleacc.dll
0x000007fefc390000 - 0x000007fefc397000 	C:\Windows\system32\msimg32.dll
0x000007fefd7f0000 - 0x000007fefd804000 	C:\Windows\system32\RpcRtRemote.dll
0x000007fefd790000 - 0x000007fefd7e7000 	C:\Windows\system32\apphelp.dll
0x000007fefb510000 - 0x000007fefb51f000 	D:\Xilinx\SDK\2015.4\lib\win64.o\librdi_repo_manager.dll
0x000007fecce40000 - 0x000007fecce6a000 	D:\Xilinx\SDK\2015.4\lib\win64.o\libisl_sysinfo.dll
0x000007feeedd0000 - 0x000007feeeea4000 	C:\Windows\system32\MSVCR110.dll
0x000007fef0200000 - 0x000007fef02a7000 	C:\Windows\system32\MSVCP110.dll
0x000007feca150000 - 0x000007fecaadd000 	D:\Xilinx\SDK\2015.4\lib\win64.o\librdi_common.dll
0x000007fecb100000 - 0x000007fecb46e000 	D:\Xilinx\SDK\2015.4\lib\win64.o\libCOIN-all.dll
0x000007fecaee0000 - 0x000007fecb0fe000 	D:\Xilinx\SDK\2015.4\lib\win64.o\libXil_lmgr11.dll
0x000007fefbad0000 - 0x000007fefbae6000 	C:\Windows\system32\NETAPI32.dll
0x000007fefbac0000 - 0x000007fefbacc000 	C:\Windows\system32\netutils.dll
0x000007fefd2c0000 - 0x000007fefd2e3000 	C:\Windows\system32\srvcli.dll
0x000007fefbaa0000 - 0x000007fefbab5000 	C:\Windows\system32\wkscli.dll
0x000007fefd8d0000 - 0x000007fefd90b000 	C:\Windows\system32\WINTRUST.dll
0x000007fef01b0000 - 0x000007fef01c0000 	D:\Xilinx\SDK\2015.4\lib\win64.o\libboost_date_time.dll
0x000007fecce10000 - 0x000007fecce32000 	D:\Xilinx\SDK\2015.4\lib\win64.o\libboost_filesystem.dll
0x000007fefb0d0000 - 0x000007fefb0d9000 	D:\Xilinx\SDK\2015.4\lib\win64.o\libboost_system.dll
0x000007fecccd0000 - 0x000007feccd44000 	D:\Xilinx\SDK\2015.4\lib\win64.o\libboost_program_options.dll
0x000007fecc8e0000 - 0x000007fecc9da000 	D:\Xilinx\SDK\2015.4\lib\win64.o\libboost_regex.dll
0x000007feccdf0000 - 0x000007fecce03000 	D:\Xilinx\SDK\2015.4\lib\win64.o\libboost_signals.dll
0x000007fecccb0000 - 0x000007feccccd000 	D:\Xilinx\SDK\2015.4\lib\win64.o\libboost_thread.dll
0x000007feccca0000 - 0x000007fecccab000 	D:\Xilinx\SDK\2015.4\lib\win64.o\libboost_chrono.dll
0x000007fef01a0000 - 0x000007fef01ab000 	D:\Xilinx\SDK\2015.4\lib\win64.o\libboost_xilinx.dll
0x000007feccc20000 - 0x000007feccca0000 	D:\Xilinx\SDK\2015.4\lib\win64.o\libhdlpsolve.dll
0x000007fecc840000 - 0x000007fecc8da000 	D:\Xilinx\SDK\2015.4\lib\win64.o\libhdxml.dll
0x000007fec9d10000 - 0x000007feca144e00 	D:\Xilinx\SDK\2015.4\lib\win64.o\libisl_iostreams.dll
0x000007feccc00000 - 0x000007feccc16000 	D:\Xilinx\SDK\2015.4\lib\win64.o\libboost_iostreams.dll
0x000007feccab0000 - 0x000007feccad3000 	D:\Xilinx\SDK\2015.4\lib\win64.o\librdizlib.dll
0x000007feccae0000 - 0x000007feccb03000 	D:\Xilinx\SDK\2015.4\lib\win64.o\libisl_iosutils.dll
0x000007fecc820000 - 0x000007fecc835000 	D:\Xilinx\SDK\2015.4\lib\win64.o\pthreadVC2.dll
0x000007fecc7c0000 - 0x000007fecc814000 	D:\Xilinx\SDK\2015.4\lib\win64.o\librdi_commonxillic.dll
0x000007fecadb0000 - 0x000007fecaee0000 	D:\Xilinx\SDK\2015.4\lib\win64.o\librdi_curl.dll
0x000007fecc7a0000 - 0x000007fecc7b8000 	D:\Xilinx\SDK\2015.4\lib\win64.o\librdiconfig.dll
0x0000000022d20000 - 0x0000000022e47000 	D:\Xilinx\SDK\2015.4\lib\win64.o\tcl85t.dll
0x0000000022e50000 - 0x00000000230b3000 	D:\Xilinx\SDK\2015.4\lib\win64.o\xerces-c_3_1.dll
0x000007feff1d0000 - 0x000007feff354000 	C:\Windows\system32\urlmon.dll
0x000007fefda30000 - 0x000007fefda34000 	C:\Windows\system32\api-ms-win-downlevel-ole32-l1-1-0.dll
0x000007feed6d0000 - 0x000007feed6f3000 	C:\Windows\system32\VCOMP110.DLL
0x000007fecabc0000 - 0x000007fecadac000 	D:\Xilinx\SDK\2015.4\lib\win64.o\librdi_hsm.dll
0x000007fecc750000 - 0x000007fecc793000 	D:\Xilinx\SDK\2015.4\lib\win64.o\librdi_hdf.dll
0x000007fec9ab0000 - 0x000007fec9d05000 	D:\Xilinx\SDK\2015.4\lib\win64.o\librdi_ippcw.dll
0x000007fec8250000 - 0x000007fec8a60000 	D:\Xilinx\SDK\2015.4\lib\win64.o\libXil_lmgr11FNP.dll
0x000007fef84d0000 - 0x000007fef84db000 	C:\Windows\system32\snmpapi.dll
0x000007fefded0000 - 0x000007fefe0a7000 	C:\Windows\system32\SETUPAPI.dll
0x000007fefd9f0000 - 0x000007fefda26000 	C:\Windows\system32\CFGMGR32.dll
0x000007fefda50000 - 0x000007fefda6a000 	C:\Windows\system32\DEVOBJ.dll
0x000007fefd6b0000 - 0x000007fefd6d5000 	C:\Windows\system32\SspiCli.dll
0x000007feccaa0000 - 0x000007feccaaa000 	D:\Xilinx\SDK\2015.4\lib\win64.o\librdi_jtag_settings.dll
0x000007fecc6e0000 - 0x000007fecc709000 	D:\Xilinx\SDK\2015.4\lib\win64.o\librdi_debug_dialog.dll

VM Arguments:
jvm_args: -Dcom.xilinx.sdk.args.hwspec=D:/MIZ_SOC/SEASON_03/CH05_AXI_DMA_OV56_HDMI/Miz_sys/Miz_sys.sdk/system_wrapper.hdf -Xms64m -Xmx512m & 
java_command: <unknown>
java_class_path (initial): D:\Xilinx\SDK\2015.4\eclipse\win64.o\\plugins/org.eclipse.equinox.launcher_1.3.0.v20130327-1440.jar
Launcher Type: generic

Environment Variables:
PATH=D:/Xilinx/SDK/2015.4/tps/win64/jre/bin/server;D:/Xilinx/SDK/2015.4/tps/win64/jre/bin;D:/Xilinx/SDK/2015.4/tps/win64/jre/lib/amd64;D:\Xilinx\SDK\2015.4\gnuwin\bin;D:\Xilinx\SDK\2015.4\gnu\microblaze\nt\bin;D:\Xilinx\SDK\2015.4\gnu\microblaze\linux_toolchain\nt64_le\bin;D:\Xilinx\SDK\2015.4\gnu\microblaze\linux_toolchain\nt64_be\bin;D:\Xilinx\SDK\2015.4\gnu\arm\nt\bin;D:\Xilinx\SDK\2015.4\gnu\aarch64\nt\aarch64-none\bin;D:\Xilinx\SDK\2015.4\gnu\aarch64\nt\aarch64-linux\bin;D:\Xilinx\SDK\2015.4\gnu\armr5\nt\gcc-arm-none-eabi\bin;D:\Xilinx\SDK\2015.4\gnu\aarch32\nt\gcc-arm-none-eabi\bin;D:\Xilinx\SDK\2015.4\gnu\aarch32\nt\gcc-arm-linux-gnueabi\bin;D:\Xilinx\SDK\2015.4\bin;D:\Xilinx\SDK\2015.4\lib\win64.o;D:\Xilinx\SDK\2015.4\tps\win64\jre\bin\server;D:\Xilinx\SDK\2015.4\tps\win64\jre\bin;D:\Xilinx\Vivado\2015.4\ids_lite\ISE\bin\nt64;D:\Xilinx\Vivado\2015.4\ids_lite\ISE\lib\nt64;D:\Xilinx\Vivado\2015.4\bin;D:\Xilinx\Vivado\2015.4\lib\win64.o;D:\Xilinx\Vivado\2015.4\tps\win64\jre\bin\server;D:\Xilinx\Vivado\2015.4\tps\win64\jre\bin;D:\Xilinx\Vivado_HLS\2015.4\bin;C:\Program Files\Common Files\Microsoft Shared\Windows Live;C:\Program Files (x86)\Common Files\Microsoft Shared\Windows Live;C:\Windows\system32;C:\Windows;C:\Windows\System32\Wbem;C:\Windows\System32\WindowsPowerShell\v1.0\;C:\Program Files (x86)\NVIDIA Corporation\PhysX\Common;F:\Program Files (x86)\Altium Designer Summer 09\System;C:\Program Files (x86)\Windows Live\Shared;C:\Program Files (x86)\Skype\Phone\;d:\Cadence\SPB_16.6\openaccess\bin\win32\opt;d:\Cadence\SPB_16.6\tools\capture;d:\Cadence\SPB_16.6\tools\pspice;d:\Cadence\SPB_16.6\tools\specctra\bin;d:\Cadence\SPB_16.6\tools\fet\bin;d:\Cadence\SPB_16.6\tools\libutil\bin;d:\Cadence\SPB_16.6\tools\bin;d:\Cadence\SPB_16.6\tools\pcb\bin;;d:\MIZ_SOC\SEASON_03\CH05_AXI_DMA_OV56_HDMI\Miz_sys;
USERNAME=Administrator
OS=Windows_NT
PROCESSOR_IDENTIFIER=Intel64 Family 6 Model 94 Stepping 3, GenuineIntel



---------------  S Y S T E M  ---------------

OS: Windows 7 , 64 bit Build 7601 (6.1.7601.23569)

CPU:total 8 (4 cores per cpu, 2 threads per core) family 6 model 94 stepping 3, cmov, cx8, fxsr, mmx, sse, sse2, sse3, ssse3, sse4.1, sse4.2, popcnt, avx, avx2, aes, clmul, erms, rtm, 3dnowpref, lzcnt, ht, tsc, tscinvbit, bmi1, bmi2, adx

Memory: 4k page, physical 16728076k(8893316k free), swap 16726216k(7789544k free)

vm_info: Java HotSpot(TM) 64-Bit Server VM (25.45-b02) for windows-amd64 JRE (1.8.0_45-b15), built on Apr 30 2015 12:40:44 by "java_re" with MS VC++ 10.0 (VS2010)

time: Mon Dec 05 22:35:48 2016
elapsed time: 801 seconds (0d 0h 13m 21s)

