#
# A fatal error has been detected by the Java Runtime Environment:
#
#  Internal Error (0xc000000d), pid=8280, tid=15852
#
# JRE version: Java(TM) SE Runtime Environment (8.0_45-b15) (build 1.8.0_45-b15)
# Java VM: Java HotSpot(TM) 64-Bit Server VM (25.45-b02 mixed mode windows-amd64 compressed oops)
# Problematic frame:
# C  [ntdll.dll+0x96ccf]
#
# Failed to write core dump. Minidumps are not enabled by default on client versions of Windows
#
# If you would like to submit a bug report, please visit:
#   http://bugreport.java.com/bugreport/crash.jsp
#

---------------  T H R E A D  ---------------

Current thread (0x0000000014c42800):  VMThread [stack: 0x0000000015b90000,0x0000000015c90000] [id=15852]

siginfo: ExceptionCode=0xc000000d

Registers:
RAX=0x00000000624bf792, RBX=0x0000000000000000, RCX=0x0000000015c8ef10, RDX=0x0000000000000000
RSP=0x0000000015c8f520, RBP=0x0000000017145ef0, RSI=0x000007feed647408, RDI=0x0000000015c8f668
R8 =0x0000000000000000, R9 =0x0000000000000000, R10=0x0000000000000000, R11=0x0000000000000246
R12=0x000000000023f180, R13=0x000000000023f150, R14=0x0000000017145ff8, R15=0x0000000000000000
RIP=0x0000000076e76ccf, EFLAGS=0x0000000000000202

Top of Stack: (sp=0x0000000015c8f520)
0x0000000015c8f520:   0000000000000000 000007feed647408
0x0000000015c8f530:   0000000015c8f668 0000000000000000
0x0000000015c8f540:   0000000000000050 0000000000160000
0x0000000015c8f550:   0000000000000000 0000000000000000
0x0000000015c8f560:   0000000000000002 0000000076e2dd48
0x0000000015c8f570:   00000000c000000d 0000000000000000
0x0000000015c8f580:   0000000076e76ccf 0000000000000000
0x0000000015c8f590:   0000000000000000 0000000000000000
0x0000000015c8f5a0:   0000000000000000 0000000000000000
0x0000000015c8f5b0:   0000000000000000 0000000000000000
0x0000000015c8f5c0:   0000000000000000 0000000000000000
0x0000000015c8f5d0:   0000000000000000 0000000000000000
0x0000000015c8f5e0:   0000000000000000 0000000000000000
0x0000000015c8f5f0:   0000000000000000 0000000000000000
0x0000000015c8f600:   0000000000000000 000000000023f180
0x0000000015c8f610:   000000000000009c 0000000076d034a8 

Instructions: (pc=0x0000000076e76ccf)
0x0000000076e76caf:   5d 6c fb ff b9 57 00 00 00 c7 44 24 50 0d 00 00
0x0000000076e76cbf:   c0 e8 4b 6f fb ff 48 8d 4c 24 50 e8 41 1c f8 ff
0x0000000076e76ccf:   4c 8b 1d 02 67 09 00 4d 85 db 74 5b 65 48 8b 04
0x0000000076e76cdf:   25 30 00 00 00 f6 80 ee 17 00 00 08 74 12 65 48 


Register to memory mapping:

RAX=0x00000000624bf792 is an unknown value
RBX=0x0000000000000000 is an unknown value
RCX=0x0000000015c8ef10 is an unknown value
RDX=0x0000000000000000 is an unknown value
RSP=0x0000000015c8f520 is an unknown value
RBP=0x0000000017145ef0 is an unknown value
RSI=0x000007feed647408 is an unknown value
RDI=0x0000000015c8f668 is an unknown value
R8 =0x0000000000000000 is an unknown value
R9 =0x0000000000000000 is an unknown value
R10=0x0000000000000000 is an unknown value
R11=0x0000000000000246 is an unknown value
R12=0x000000000023f180 is an unknown value
R13=0x000000000023f150 is an unknown value
R14=0x0000000017145ff8 is an unknown value
R15=0x0000000000000000 is an unknown value


Stack: [0x0000000015b90000,0x0000000015c90000],  sp=0x0000000015c8f520,  free space=1021k
Native frames: (J=compiled Java code, j=interpreted, Vv=VM code, C=native code)
C  [ntdll.dll+0x96ccf]
C  [kernel32.dll+0x434a8]
C  [MSVCR110.dll+0x752d]
C  [MSVCR110.dll+0x73c6]
C  [MSVCR110.dll+0x14cca]
C  [MSVCR110.dll+0x13edc]
C  [MSVCR110.dll+0x239e]
C  [MSVCR110.dll+0xaf9e]
C  [MSVCP110.dll+0x397b9]
C  [librdi_common.dll+0x14283e]
C  [librdi_common.dll+0x141449]
C  0x000007fecb6a2400
C  0x000007fecb6a2682
C  [ntdll.dll+0x22ac1]
C  [ntdll.dll+0x228d0]
C  [MSVCR100.dll+0x20ccd]
V  [jvm.dll+0x20f135]
V  [jvm.dll+0x247ef7]
V  [jvm.dll+0x247196]
V  [jvm.dll+0x247631]
V  [jvm.dll+0x24784e]
V  [jvm.dll+0x29853a]
C  [MSVCR100.dll+0x21d9f]
C  [MSVCR100.dll+0x21e3b]
C  [kernel32.dll+0x159cd]
C  [ntdll.dll+0x2a561]

VM_Operation (0x000000000012f500): Exit, mode: safepoint, requested by thread 0x0000000002018000


---------------  P R O C E S S  ---------------

Java Threads: ( => current thread )
  0x000000001b235000 JavaThread "Thread-19" daemon [_thread_blocked, id=12844, stack(0x0000000025df0000,0x0000000025ef0000)]
  0x0000000017f9b800 JavaThread "TCF Locator DNS Lookup" daemon [_thread_blocked, id=17460, stack(0x0000000022670000,0x0000000022770000)]
  0x0000000017f9b000 JavaThread "TCF Locator Timer" daemon [_thread_blocked, id=8880, stack(0x0000000022080000,0x0000000022180000)]
  0x0000000017f98000 JavaThread "TCF Locator Receiver" daemon [_thread_in_native, id=12884, stack(0x0000000020a20000,0x0000000020b20000)]
  0x0000000017f99800 JavaThread "TCF Timer Dispatcher" daemon [_thread_blocked, id=14876, stack(0x000000001e0c0000,0x000000001e1c0000)]
  0x0000000017ef0800 JavaThread "EMF Reference Cleaner" daemon [_thread_blocked, id=19124, stack(0x000000001a740000,0x000000001a840000)]
  0x0000000014d2c000 JavaThread "Service Thread" daemon [_thread_blocked, id=13236, stack(0x0000000016490000,0x0000000016590000)]
  0x0000000014cfa000 JavaThread "C1 CompilerThread3" daemon [_thread_blocked, id=10004, stack(0x0000000016390000,0x0000000016490000)]
  0x0000000014cc5000 JavaThread "C2 CompilerThread2" daemon [_thread_blocked, id=16924, stack(0x0000000016290000,0x0000000016390000)]
  0x0000000014cb8000 JavaThread "C2 CompilerThread1" daemon [_thread_blocked, id=11664, stack(0x0000000016190000,0x0000000016290000)]
  0x0000000013ada800 JavaThread "C2 CompilerThread0" daemon [_thread_blocked, id=18616, stack(0x0000000016090000,0x0000000016190000)]
  0x0000000014ca6800 JavaThread "Attach Listener" daemon [_thread_blocked, id=19888, stack(0x0000000015f90000,0x0000000016090000)]
  0x0000000014c90000 JavaThread "Signal Dispatcher" daemon [_thread_blocked, id=8072, stack(0x0000000015e90000,0x0000000015f90000)]
  0x0000000013acc000 JavaThread "Finalizer" daemon [_thread_blocked, id=12568, stack(0x0000000015d90000,0x0000000015e90000)]
  0x0000000013ac5800 JavaThread "Reference Handler" daemon [_thread_blocked, id=20224, stack(0x0000000015c90000,0x0000000015d90000)]
  0x0000000002018000 JavaThread "main" [_thread_blocked, id=15676, stack(0x0000000000030000,0x0000000000130000)]

Other Threads:
=>0x0000000014c42800 VMThread [stack: 0x0000000015b90000,0x0000000015c90000] [id=15852]

VM state:at safepoint (shutting down)

VM Mutex/Monitor currently owned by a thread:  ([mutex/lock_event])
[0x000000000241e800] Threads_lock - owner thread: 0x0000000014c42800

Heap:
 PSYoungGen      total 117760K, used 91162K [0x00000000f5580000, 0x00000000ff200000, 0x0000000100000000)
  eden space 90624K, 72% used [0x00000000f5580000,0x00000000f95cd9f0,0x00000000fae00000)
  from space 27136K, 93% used [0x00000000fae00000,0x00000000fc6b9028,0x00000000fc880000)
  to   space 30720K, 0% used [0x00000000fd400000,0x00000000fd400000,0x00000000ff200000)
 ParOldGen       total 104448K, used 45073K [0x00000000e0000000, 0x00000000e6600000, 0x00000000f5580000)
  object space 104448K, 43% used [0x00000000e0000000,0x00000000e2c04778,0x00000000e6600000)
 Metaspace       used 86164K, capacity 92906K, committed 93184K, reserved 1130496K
  class space    used 10779K, capacity 12797K, committed 12800K, reserved 1048576K

Card table byte_map: [0x0000000002130000,0x0000000002240000] byte_map_base: 0x0000000001a30000

Marking Bits: (ParMarkBitMap*) 0x0000000053ad4040
 Begin Bits: [0x0000000011fe0000, 0x00000000127e0000)
 End Bits:   [0x00000000127e0000, 0x0000000012fe0000)

Polling page: 0x0000000000530000

CodeCache: size=245760Kb used=28868Kb max_used=28970Kb free=216891Kb
 bounds [0x0000000002420000, 0x00000000040a0000, 0x0000000011420000]
 total_blobs=8962 nmethods=8091 adapters=780
 compilation: enabled

Compilation events (10 events):
Event: 88.345 Thread 0x0000000013ada800 nmethod 9820 0x000000000408fcd0 code [0x0000000004090020, 0x0000000004093298]
Event: 88.345 Thread 0x0000000014cb8000 nmethod 9834 0x000000000408e990 code [0x000000000408eb20, 0x000000000408f4b8]
Event: 88.351 Thread 0x0000000014cc5000 nmethod 9810 0x00000000035235d0 code [0x0000000003523980, 0x0000000003526c40]
Event: 88.363 Thread 0x0000000014cb8000 9835       4       java.io.File::<init> (113 bytes)
Event: 88.365 Thread 0x0000000014cb8000 nmethod 9835 0x0000000002ceaf50 code [0x0000000002ceb0c0, 0x0000000002ceb498]
Event: 88.367 Thread 0x0000000013ada800 9836       4       java.io.File::isDirectory (43 bytes)
Event: 88.369 Thread 0x0000000013ada800 nmethod 9836 0x0000000002a5c290 code [0x0000000002a5c3e0, 0x0000000002a5c5e8]
Event: 88.383 Thread 0x0000000014cfa000 9837       3       org.eclipse.osgi.framework.internal.core.AbstractBundle::close (52 bytes)
Event: 88.383 Thread 0x0000000014cc5000 9838       4       java.lang.Class::copyFields (36 bytes)
Event: 88.383 Thread 0x0000000014cfa000 nmethod 9837 0x0000000003365e10 code [0x0000000003366040, 0x0000000003366d48]

GC Heap History (10 events):
Event: 3.514 GC heap before
{Heap before GC invocations=12 (full 3):
 PSYoungGen      total 86528K, used 17386K [0x00000000f5580000, 0x00000000fd200000, 0x0000000100000000)
  eden space 69120K, 0% used [0x00000000f5580000,0x00000000f5580000,0x00000000f9900000)
  from space 17408K, 99% used [0x00000000f9900000,0x00000000fa9faab0,0x00000000faa00000)
  to   space 21504K, 0% used [0x00000000fbd00000,0x00000000fbd00000,0x00000000fd200000)
 ParOldGen       total 73216K, used 31303K [0x00000000e0000000, 0x00000000e4780000, 0x00000000f5580000)
  object space 73216K, 42% used [0x00000000e0000000,0x00000000e1e91c88,0x00000000e4780000)
 Metaspace       used 54497K, capacity 59082K, committed 59160K, reserved 1099776K
  class space    used 6648K, capacity 8048K, committed 8064K, reserved 1048576K
Event: 3.626 GC heap after
Heap after GC invocations=12 (full 3):
 PSYoungGen      total 86528K, used 0K [0x00000000f5580000, 0x00000000fd200000, 0x0000000100000000)
  eden space 69120K, 0% used [0x00000000f5580000,0x00000000f5580000,0x00000000f9900000)
  from space 17408K, 0% used [0x00000000f9900000,0x00000000f9900000,0x00000000faa00000)
  to   space 21504K, 0% used [0x00000000fbd00000,0x00000000fbd00000,0x00000000fd200000)
 ParOldGen       total 104448K, used 42581K [0x00000000e0000000, 0x00000000e6600000, 0x00000000f5580000)
  object space 104448K, 40% used [0x00000000e0000000,0x00000000e2995798,0x00000000e6600000)
 Metaspace       used 54497K, capacity 59082K, committed 59160K, reserved 1099776K
  class space    used 6648K, capacity 8048K, committed 8064K, reserved 1048576K
}
Event: 4.223 GC heap before
{Heap before GC invocations=13 (full 3):
 PSYoungGen      total 86528K, used 69120K [0x00000000f5580000, 0x00000000fd200000, 0x0000000100000000)
  eden space 69120K, 100% used [0x00000000f5580000,0x00000000f9900000,0x00000000f9900000)
  from space 17408K, 0% used [0x00000000f9900000,0x00000000f9900000,0x00000000faa00000)
  to   space 21504K, 0% used [0x00000000fbd00000,0x00000000fbd00000,0x00000000fd200000)
 ParOldGen       total 104448K, used 42581K [0x00000000e0000000, 0x00000000e6600000, 0x00000000f5580000)
  object space 104448K, 40% used [0x00000000e0000000,0x00000000e2995798,0x00000000e6600000)
 Metaspace       used 62213K, capacity 67534K, committed 67712K, reserved 1107968K
  class space    used 7762K, capacity 9274K, committed 9344K, reserved 1048576K
Event: 4.231 GC heap after
Heap after GC invocations=13 (full 3):
 PSYoungGen      total 99840K, used 13579K [0x00000000f5580000, 0x00000000fcf00000, 0x0000000100000000)
  eden space 81408K, 0% used [0x00000000f5580000,0x00000000f5580000,0x00000000fa500000)
  from space 18432K, 73% used [0x00000000fbd00000,0x00000000fca42cc8,0x00000000fcf00000)
  to   space 21504K, 0% used [0x00000000fa500000,0x00000000fa500000,0x00000000fba00000)
 ParOldGen       total 104448K, used 42589K [0x00000000e0000000, 0x00000000e6600000, 0x00000000f5580000)
  object space 104448K, 40% used [0x00000000e0000000,0x00000000e2997798,0x00000000e6600000)
 Metaspace       used 62213K, capacity 67534K, committed 67712K, reserved 1107968K
  class space    used 7762K, capacity 9274K, committed 9344K, reserved 1048576K
}
Event: 22.393 GC heap before
{Heap before GC invocations=14 (full 3):
 PSYoungGen      total 99840K, used 94987K [0x00000000f5580000, 0x00000000fcf00000, 0x0000000100000000)
  eden space 81408K, 100% used [0x00000000f5580000,0x00000000fa500000,0x00000000fa500000)
  from space 18432K, 73% used [0x00000000fbd00000,0x00000000fca42cc8,0x00000000fcf00000)
  to   space 21504K, 0% used [0x00000000fa500000,0x00000000fa500000,0x00000000fba00000)
 ParOldGen       total 104448K, used 42589K [0x00000000e0000000, 0x00000000e6600000, 0x00000000f5580000)
  object space 104448K, 40% used [0x00000000e0000000,0x00000000e2997798,0x00000000e6600000)
 Metaspace       used 73208K, capacity 79562K, committed 79744K, reserved 1118208K
  class space    used 9149K, capacity 11129K, committed 11136K, reserved 1048576K
Event: 22.408 GC heap after
Heap after GC invocations=14 (full 3):
 PSYoungGen      total 102912K, used 21502K [0x00000000f5580000, 0x00000000fe280000, 0x0000000100000000)
  eden space 81408K, 0% used [0x00000000f5580000,0x00000000f5580000,0x00000000fa500000)
  from space 21504K, 99% used [0x00000000fa500000,0x00000000fb9ffb90,0x00000000fba00000)
  to   space 25600K, 0% used [0x00000000fc980000,0x00000000fc980000,0x00000000fe280000)
 ParOldGen       total 104448K, used 45057K [0x00000000e0000000, 0x00000000e6600000, 0x00000000f5580000)
  object space 104448K, 43% used [0x00000000e0000000,0x00000000e2c00778,0x00000000e6600000)
 Metaspace       used 73208K, capacity 79562K, committed 79744K, reserved 1118208K
  class space    used 9149K, capacity 11129K, committed 11136K, reserved 1048576K
}
Event: 39.501 GC heap before
{Heap before GC invocations=15 (full 3):
 PSYoungGen      total 102912K, used 102910K [0x00000000f5580000, 0x00000000fe280000, 0x0000000100000000)
  eden space 81408K, 100% used [0x00000000f5580000,0x00000000fa500000,0x00000000fa500000)
  from space 21504K, 99% used [0x00000000fa500000,0x00000000fb9ffb90,0x00000000fba00000)
  to   space 25600K, 0% used [0x00000000fc980000,0x00000000fc980000,0x00000000fe280000)
 ParOldGen       total 104448K, used 45057K [0x00000000e0000000, 0x00000000e6600000, 0x00000000f5580000)
  object space 104448K, 43% used [0x00000000e0000000,0x00000000e2c00778,0x00000000e6600000)
 Metaspace       used 77195K, capacity 83878K, committed 84096K, reserved 1122304K
  class space    used 9654K, capacity 11796K, committed 11904K, reserved 1048576K
Event: 39.512 GC heap after
Heap after GC invocations=15 (full 3):
 PSYoungGen      total 116224K, used 20534K [0x00000000f5580000, 0x00000000fe300000, 0x0000000100000000)
  eden space 90624K, 0% used [0x00000000f5580000,0x00000000f5580000,0x00000000fae00000)
  from space 25600K, 80% used [0x00000000fc980000,0x00000000fdd8dbd8,0x00000000fe280000)
  to   space 27136K, 0% used [0x00000000fae00000,0x00000000fae00000,0x00000000fc880000)
 ParOldGen       total 104448K, used 45065K [0x00000000e0000000, 0x00000000e6600000, 0x00000000f5580000)
  object space 104448K, 43% used [0x00000000e0000000,0x00000000e2c02778,0x00000000e6600000)
 Metaspace       used 77195K, capacity 83878K, committed 84096K, reserved 1122304K
  class space    used 9654K, capacity 11796K, committed 11904K, reserved 1048576K
}
Event: 77.810 GC heap before
{Heap before GC invocations=16 (full 3):
 PSYoungGen      total 116224K, used 111158K [0x00000000f5580000, 0x00000000fe300000, 0x0000000100000000)
  eden space 90624K, 100% used [0x00000000f5580000,0x00000000fae00000,0x00000000fae00000)
  from space 25600K, 80% used [0x00000000fc980000,0x00000000fdd8dbd8,0x00000000fe280000)
  to   space 27136K, 0% used [0x00000000fae00000,0x00000000fae00000,0x00000000fc880000)
 ParOldGen       total 104448K, used 45065K [0x00000000e0000000, 0x00000000e6600000, 0x00000000f5580000)
  object space 104448K, 43% used [0x00000000e0000000,0x00000000e2c02778,0x00000000e6600000)
 Metaspace       used 81368K, capacity 87928K, committed 88064K, reserved 1124352K
  class space    used 10192K, capacity 12247K, committed 12288K, reserved 1048576K
Event: 77.828 GC heap after
Heap after GC invocations=16 (full 3):
 PSYoungGen      total 117760K, used 25316K [0x00000000f5580000, 0x00000000ff200000, 0x0000000100000000)
  eden space 90624K, 0% used [0x00000000f5580000,0x00000000f5580000,0x00000000fae00000)
  from space 27136K, 93% used [0x00000000fae00000,0x00000000fc6b9028,0x00000000fc880000)
  to   space 30720K, 0% used [0x00000000fd400000,0x00000000fd400000,0x00000000ff200000)
 ParOldGen       total 104448K, used 45073K [0x00000000e0000000, 0x00000000e6600000, 0x00000000f5580000)
  object space 104448K, 43% used [0x00000000e0000000,0x00000000e2c04778,0x00000000e6600000)
 Metaspace       used 81368K, capacity 87928K, committed 88064K, reserved 1124352K
  class space    used 10192K, capacity 12247K, committed 12288K, reserved 1048576K
}

Deoptimization events (10 events):
Event: 87.641 Thread 0x0000000002018000 Uncommon trap: reason=unstable_if action=reinterpret pc=0x0000000003f3bfc4 method=org.eclipse.emf.ecore.impl.MinimalEObjectImpl.setField(ILjava/lang/Object;)V @ 9
Event: 87.652 Thread 0x0000000002018000 Uncommon trap: reason=unstable_if action=reinterpret pc=0x000000000380c604 method=org.eclipse.equinox.internal.event.EventHandlerTracker.getHandlers(Ljava/lang/String;)Ljava/util/Set; @ 28
Event: 87.653 Thread 0x0000000002018000 Uncommon trap: reason=class_check action=maybe_recompile pc=0x0000000003fc6320 method=org.eclipse.e4.core.internal.contexts.ContextObjectSupplier$ContextInjectionListener.update(Lorg/eclipse/e4/core/contexts/IEclipseContext;I[Ljava/lang/Object;)Z @ 173
Event: 87.653 Thread 0x0000000002018000 Uncommon trap: reason=class_check action=maybe_recompile pc=0x0000000003fc6320 method=org.eclipse.e4.core.internal.contexts.ContextObjectSupplier$ContextInjectionListener.update(Lorg/eclipse/e4/core/contexts/IEclipseContext;I[Ljava/lang/Object;)Z @ 173
Event: 87.653 Thread 0x0000000002018000 Uncommon trap: reason=class_check action=maybe_recompile pc=0x0000000003fc6320 method=org.eclipse.e4.core.internal.contexts.ContextObjectSupplier$ContextInjectionListener.update(Lorg/eclipse/e4/core/contexts/IEclipseContext;I[Ljava/lang/Object;)Z @ 173
Event: 87.682 Thread 0x0000000002018000 Uncommon trap: reason=predicate action=maybe_recompile pc=0x00000000038e70d0 method=java.util.concurrent.CopyOnWriteArrayList.indexOf(Ljava/lang/Object;[Ljava/lang/Object;II)I @ 41
Event: 88.238 Thread 0x0000000002018000 Uncommon trap: reason=null_check action=make_not_entrant pc=0x0000000002f70b0c method=org.eclipse.core.runtime.internal.adaptor.EclipseLazyStarter.shouldActivateFor(Ljava/lang/String;Lorg/eclipse/osgi/baseadaptor/BaseData;Lorg/eclipse/core/runtime/internalžeJøV@
Event: 88.281 Thread 0x0000000017422000 Uncommon trap: reason=unstable_if action=reinterpret pc=0x0000000002986558 method=org.eclipse.osgi.framework.internal.core.BundleContextImpl.dispatchEvent(Ljava/lang/Object;Ljava/lang/Object;ILjava/lang/Object;)V @ 16
Event: 88.288 Thread 0x0000000002018000 Uncommon trap: reason=unstable_if action=reinterpret pc=0x00000000027a911c method=java.lang.ref.ReferenceQueue.poll()Ljava/lang/ref/Reference; @ 4
Event: 88.383 Thread 0x0000000002018000 Uncommon trap: reason=unstable_if action=reinterpret pc=0x0000000003608e5c method=sun.reflect.UnsafeStaticObjectFieldAccessorImpl.set(Ljava/lang/Object;Ljava/lang/Object;)V @ 13

Internal exceptions (10 events):
Event: 87.393 Thread 0x0000000017f95000 Exception <a 'java/lang/InterruptedException'> (0x00000000f7f83b58) thrown at [C:\re\workspace\8-2-build-windows-amd64-cygwin\jdk8u45\3627\hotspot\src\share\vm\runtime\objectMonitor.cpp, line 1683]
Event: 87.396 Thread 0x0000000017f9e000 Exception <a 'java/lang/InterruptedException'> (0x00000000f7f900c0) thrown at [C:\re\workspace\8-2-build-windows-amd64-cygwin\jdk8u45\3627\hotspot\src\share\vm\runtime\objectMonitor.cpp, line 1683]
Event: 87.512 Thread 0x0000000002018000 Implicit null exception at 0x0000000003585245 to 0x0000000003585515
Event: 87.678 Thread 0x000000001b232800 Exception <a 'java/lang/InterruptedException'> (0x00000000f8ebc9a8) thrown at [C:\re\workspace\8-2-build-windows-amd64-cygwin\jdk8u45\3627\hotspot\src\share\vm\runtime\objectMonitor.cpp, line 1683]
Event: 88.238 Thread 0x0000000002018000 Implicit null exception at 0x0000000002f6ed3b to 0x0000000002f70ae9
Event: 88.299 Thread 0x0000000016a74800 Exception <a 'java/lang/InterruptedException': sleep interrupted> (0x00000000f91e0e70) thrown at [C:\re\workspace\8-2-build-windows-amd64-cygwin\jdk8u45\3627\hotspot\src\share\vm\prims\jvm.cpp, line 3211]
Event: 88.301 Thread 0x0000000017f94000 Exception <a 'java/lang/InterruptedException'> (0x00000000f92c3710) thrown at [C:\re\workspace\8-2-build-windows-amd64-cygwin\jdk8u45\3627\hotspot\src\share\vm\runtime\objectMonitor.cpp, line 1683]
Event: 88.301 Thread 0x00000000177c7000 Exception <a 'java/lang/InterruptedException'> (0x00000000f92f4898) thrown at [C:\re\workspace\8-2-build-windows-amd64-cygwin\jdk8u45\3627\hotspot\src\share\vm\runtime\objectMonitor.cpp, line 1683]
Event: 88.383 Thread 0x0000000017422000 Exception <a 'java/lang/InterruptedException'> (0x00000000f91dd0b0) thrown at [C:\re\workspace\8-2-build-windows-amd64-cygwin\jdk8u45\3627\hotspot\src\share\vm\runtime\objectMonitor.cpp, line 1683]
Event: 88.383 Thread 0x0000000002018000 Implicit null exception at 0x0000000003608a57 to 0x0000000003608e49

Events (10 events):
Event: 88.383 Thread 0x0000000002018000 DEOPT UNPACKING pc=0x000000000246582a sp=0x000000000012ea38 mode 2
Event: 88.383 Thread 0x0000000016acb000 Thread exited: 0x0000000016acb000
Event: 88.383 loading class java/util/IdentityHashMap$KeyIterator
Event: 88.383 loading class java/util/IdentityHashMap$IdentityHashMapIterator
Event: 88.383 loading class java/util/IdentityHashMap$IdentityHashMapIterator done
Event: 88.383 loading class java/util/IdentityHashMap$KeyIterator done
Event: 88.383 Thread 0x0000000014cfa000 flushing nmethod 0x0000000003b4d010
Event: 88.383 Thread 0x0000000017f94000 Thread added: 0x0000000017f94000
Event: 88.383 Thread 0x0000000017f94000 Thread exited: 0x0000000017f94000
Event: 88.385 Executing VM operation: Exit


Dynamic libraries:
0x0000000000400000 - 0x000000000044f000 	D:\Xilinx\SDK\2015.4\eclipse\win64.o\eclipse.exe
0x0000000076de0000 - 0x0000000076f8a000 	C:\Windows\SYSTEM32\ntdll.dll
0x0000000076cc0000 - 0x0000000076ddf000 	C:\Windows\system32\kernel32.dll
0x000007fefcbd0000 - 0x000007fefcc3a000 	C:\Windows\system32\KERNELBASE.dll
0x0000000076bc0000 - 0x0000000076cba000 	C:\Windows\system32\USER32.dll
0x000007fefd7e0000 - 0x000007fefd847000 	C:\Windows\system32\GDI32.dll
0x000007fefe060000 - 0x000007fefe06e000 	C:\Windows\system32\LPK.dll
0x000007fefd710000 - 0x000007fefd7da000 	C:\Windows\system32\USP10.dll
0x000007fefe070000 - 0x000007fefe10f000 	C:\Windows\system32\msvcrt.dll
0x000007fefb620000 - 0x000007fefb814000 	C:\Windows\WinSxS\amd64_microsoft.windows.common-controls_6595b64144ccf1df_6.0.7601.18837_none_fa3b1e3d17594757\COMCTL32.dll
0x000007fefde90000 - 0x000007fefdf01000 	C:\Windows\system32\SHLWAPI.dll
0x000007fefdf80000 - 0x000007fefdfae000 	C:\Windows\system32\IMM32.DLL
0x000007fefd850000 - 0x000007fefd959000 	C:\Windows\system32\MSCTF.dll
0x0000000072000000 - 0x0000000072012000 	D:\Xilinx\SDK\2015.4\eclipse\win64.o\plugins\org.eclipse.equinox.launcher.win32.win32.x86_64_1.1.200.v20140116-2212\eclipse_1503.dll
0x000007fefdb40000 - 0x000007fefdc1b000 	C:\Windows\system32\ADVAPI32.dll
0x000007fefe1b0000 - 0x000007fefe1cf000 	C:\Windows\SYSTEM32\sechost.dll
0x000007fefdd60000 - 0x000007fefde8d000 	C:\Windows\system32\RPCRT4.dll
0x000007fefbb10000 - 0x000007fefbb1c000 	C:\Windows\system32\VERSION.dll
0x000007fefb440000 - 0x000007fefb496000 	C:\Windows\system32\uxtheme.dll
0x00000000532d0000 - 0x0000000053b53000 	D:\Xilinx\SDK\2015.4\tps\win64\jre\bin\server\jvm.dll
0x000007fef90a0000 - 0x000007fef90a9000 	C:\Windows\system32\WSOCK32.dll
0x000007fefdf30000 - 0x000007fefdf7d000 	C:\Windows\system32\WS2_32.dll
0x000007fefdfb0000 - 0x000007fefdfb8000 	C:\Windows\system32\NSI.dll
0x000007fefa700000 - 0x000007fefa73b000 	C:\Windows\system32\WINMM.dll
0x0000000076fb0000 - 0x0000000076fb7000 	C:\Windows\system32\PSAPI.DLL
0x000000005afb0000 - 0x000000005b082000 	C:\Windows\system32\MSVCR100.dll
0x000000005aa00000 - 0x000000005aa0f000 	D:\Xilinx\SDK\2015.4\tps\win64\jre\bin\verify.dll
0x000000005a9d0000 - 0x000000005a9f9000 	D:\Xilinx\SDK\2015.4\tps\win64\jre\bin\java.dll
0x000000005a9b0000 - 0x000000005a9c6000 	D:\Xilinx\SDK\2015.4\tps\win64\jre\bin\zip.dll
0x000007fefe1d0000 - 0x000007fefef5a000 	C:\Windows\system32\SHELL32.dll
0x000007fefd500000 - 0x000007fefd703000 	C:\Windows\system32\ole32.dll
0x000007fefcb20000 - 0x000007fefcb2f000 	C:\Windows\system32\profapi.dll
0x000007fefc320000 - 0x000007fefc338000 	C:\Windows\system32\CRYPTSP.dll
0x000007fefc020000 - 0x000007fefc067000 	C:\Windows\system32\rsaenh.dll
0x000007fefce70000 - 0x000007fefce8e000 	C:\Windows\system32\USERENV.dll
0x000007fefc950000 - 0x000007fefc95f000 	C:\Windows\system32\CRYPTBASE.dll
0x000000005a990000 - 0x000000005a9aa000 	D:\Xilinx\SDK\2015.4\tps\win64\jre\bin\net.dll
0x000007fefc2c0000 - 0x000007fefc315000 	C:\Windows\system32\mswsock.dll
0x000007fefc2b0000 - 0x000007fefc2b7000 	C:\Windows\System32\wship6.dll
0x000007fefa230000 - 0x000007fefa257000 	C:\Windows\system32\IPHLPAPI.DLL
0x000007fefa220000 - 0x000007fefa22b000 	C:\Windows\system32\WINNSI.DLL
0x000007fef95b0000 - 0x000007fef95c8000 	C:\Windows\system32\dhcpcsvc.DLL
0x000007fef9590000 - 0x000007fef95a1000 	C:\Windows\system32\dhcpcsvc6.DLL
0x000000005a460000 - 0x000000005a471000 	D:\Xilinx\SDK\2015.4\tps\win64\jre\bin\nio.dll
0x000007fefa570000 - 0x000007fefa585000 	C:\Windows\system32\NLAapi.dll
0x000007fef8780000 - 0x000007fef8795000 	C:\Windows\system32\napinsp.dll
0x000007fef8760000 - 0x000007fef8779000 	C:\Windows\system32\pnrpnsp.dll
0x000007fefc140000 - 0x000007fefc19b000 	C:\Windows\system32\DNSAPI.dll
0x000007fef8750000 - 0x000007fef875b000 	C:\Windows\System32\winrnr.dll
0x000007fef90c0000 - 0x000007fef90ef000 	C:\Program Files\Common Files\Microsoft Shared\Windows Live\WLIDNSP.DLL
0x000007fefbc30000 - 0x000007fefbc37000 	C:\Windows\System32\wshtcpip.dll
0x000007fef90b0000 - 0x000007fef90b8000 	C:\Windows\system32\rasadhlp.dll
0x000007fef9630000 - 0x000007fef9683000 	C:\Windows\System32\fwpuclnt.dll
0x000007fefdc80000 - 0x000007fefdd5a000 	C:\Windows\system32\OLEAUT32.DLL
0x00000000183c0000 - 0x0000000018468000 	C:\Users\Administrator\.Xilinx\SDK\2015.4\org.eclipse.osgi\bundles\303\1\.cp\swt-win32-4335.dll
0x000007fefe110000 - 0x000007fefe1a7000 	C:\Windows\system32\comdlg32.dll
0x000007fef78b0000 - 0x000007fef7921000 	C:\Windows\system32\WINSPOOL.DRV
0x000007fefced0000 - 0x000007fefd1a2000 	C:\Windows\system32\WININET.dll
0x000007fefcc50000 - 0x000007fefcc54000 	C:\Windows\system32\api-ms-win-downlevel-user32-l1-1-0.dll
0x000007fefce90000 - 0x000007fefce94000 	C:\Windows\system32\api-ms-win-downlevel-shlwapi-l1-1-0.dll
0x000007fefccf0000 - 0x000007fefccf4000 	C:\Windows\system32\api-ms-win-downlevel-version-l1-1-0.dll
0x000007fefcce0000 - 0x000007fefcce3000 	C:\Windows\system32\api-ms-win-downlevel-normaliz-l1-1-0.dll
0x0000000076fa0000 - 0x0000000076fa3000 	C:\Windows\system32\normaliz.DLL
0x000007fefd1b0000 - 0x000007fefd47a000 	C:\Windows\system32\iertutil.dll
0x000007fefcc40000 - 0x000007fefcc45000 	C:\Windows\system32\api-ms-win-downlevel-advapi32-l1-1-0.dll
0x000007fefcd00000 - 0x000007fefce6d000 	C:\Windows\system32\CRYPT32.dll
0x000007fefcb10000 - 0x000007fefcb1f000 	C:\Windows\system32\MSASN1.dll
0x000007fefbbe0000 - 0x000007fefbbf8000 	C:\Windows\system32\dwmapi.dll
0x000007fefb4a0000 - 0x000007fefb5cc000 	C:\Windows\system32\propsys.dll
0x000007fefdfc0000 - 0x000007fefe059000 	C:\Windows\system32\CLBCatQ.DLL
0x0000000016f90000 - 0x0000000016fae000 	C:\Users\Administrator\.Xilinx\SDK\2015.4\org.eclipse.osgi\bundles\303\1\.cp\swt-gdip-win32-4335.dll
0x000007fefb220000 - 0x000007fefb436000 	C:\Windows\WinSxS\amd64_microsoft.windows.gdiplus_6595b64144ccf1df_1.1.7601.23545_none_14599ab28b920323\gdiplus.dll
0x000007fefae80000 - 0x000007fefafe1000 	C:\Windows\system32\WindowsCodecs.dll
0x0000000180000000 - 0x0000000180012000 	C:\Users\Administrator\.Xilinx\SDK\2015.4\org.eclipse.osgi\bundles\121\1\.cp\os\win32\x86_64\localfile_1_0_0.dll
0x000007fef9850000 - 0x000007fef9861000 	C:\Users\Administrator\.Xilinx\SDK\2015.4\org.eclipse.osgi\bundles\124\1\.cp\jWinHttp-1.0.0.dll
0x000007fef8c50000 - 0x000007fef8cc1000 	C:\Windows\system32\WINHTTP.dll
0x000007fef8be0000 - 0x000007fef8c45000 	C:\Windows\system32\webio.dll
0x000007feef2a0000 - 0x000007feef2f4000 	C:\Windows\system32\oleacc.dll
0x000007fefca60000 - 0x000007fefca74000 	C:\Windows\system32\RpcRtRemote.dll
0x000007fefca00000 - 0x000007fefca57000 	C:\Windows\system32\apphelp.dll
0x000007fefa340000 - 0x000007fefa34f000 	D:\Xilinx\SDK\2015.4\lib\win64.o\librdi_repo_manager.dll
0x000007feeec60000 - 0x000007feeec8a000 	D:\Xilinx\SDK\2015.4\lib\win64.o\libisl_sysinfo.dll
0x000007feed640000 - 0x000007feed714000 	C:\Windows\system32\MSVCR110.dll
0x000007feedd80000 - 0x000007feede27000 	C:\Windows\system32\MSVCP110.dll
0x000007fec93f0000 - 0x000007fec9d7d000 	D:\Xilinx\SDK\2015.4\lib\win64.o\librdi_common.dll
0x000007feca3a0000 - 0x000007feca70e000 	D:\Xilinx\SDK\2015.4\lib\win64.o\libCOIN-all.dll
0x000007feca180000 - 0x000007feca39e000 	D:\Xilinx\SDK\2015.4\lib\win64.o\libXil_lmgr11.dll
0x000007fefad40000 - 0x000007fefad56000 	C:\Windows\system32\NETAPI32.dll
0x000007fefad30000 - 0x000007fefad3c000 	C:\Windows\system32\netutils.dll
0x000007fefc530000 - 0x000007fefc553000 	C:\Windows\system32\srvcli.dll
0x000007fefad10000 - 0x000007fefad25000 	C:\Windows\system32\wkscli.dll
0x000007fefcc60000 - 0x000007fefcc9b000 	C:\Windows\system32\WINTRUST.dll
0x000007fef7b80000 - 0x000007fef7b90000 	D:\Xilinx\SDK\2015.4\lib\win64.o\libboost_date_time.dll
0x000007feeec30000 - 0x000007feeec52000 	D:\Xilinx\SDK\2015.4\lib\win64.o\libboost_filesystem.dll
0x000007fefa330000 - 0x000007fefa339000 	D:\Xilinx\SDK\2015.4\lib\win64.o\libboost_system.dll
0x000007feeebb0000 - 0x000007feeec24000 	D:\Xilinx\SDK\2015.4\lib\win64.o\libboost_program_options.dll
0x000007feca080000 - 0x000007feca17a000 	D:\Xilinx\SDK\2015.4\lib\win64.o\libboost_regex.dll
0x000007feeef80000 - 0x000007feeef93000 	D:\Xilinx\SDK\2015.4\lib\win64.o\libboost_signals.dll
0x000007feeeb90000 - 0x000007feeebad000 	D:\Xilinx\SDK\2015.4\lib\win64.o\libboost_thread.dll
0x000007feeeb80000 - 0x000007feeeb8b000 	D:\Xilinx\SDK\2015.4\lib\win64.o\libboost_chrono.dll
0x000007feef1f0000 - 0x000007feef1fb000 	D:\Xilinx\SDK\2015.4\lib\win64.o\libboost_xilinx.dll
0x000007fecaf70000 - 0x000007fecaff0000 	D:\Xilinx\SDK\2015.4\lib\win64.o\libhdlpsolve.dll
0x000007fec9fe0000 - 0x000007feca07a000 	D:\Xilinx\SDK\2015.4\lib\win64.o\libhdxml.dll
0x000007fec8fb0000 - 0x000007fec93e4e00 	D:\Xilinx\SDK\2015.4\lib\win64.o\libisl_iostreams.dll
0x000007feeeb60000 - 0x000007feeeb76000 	D:\Xilinx\SDK\2015.4\lib\win64.o\libboost_iostreams.dll
0x000007fecb6b0000 - 0x000007fecb6d3000 	D:\Xilinx\SDK\2015.4\lib\win64.o\librdizlib.dll
0x000007fecb620000 - 0x000007fecb643000 	D:\Xilinx\SDK\2015.4\lib\win64.o\libisl_iosutils.dll
0x000007feeeb40000 - 0x000007feeeb55000 	D:\Xilinx\SDK\2015.4\lib\win64.o\pthreadVC2.dll
0x000007fec9f80000 - 0x000007fec9fd4000 	D:\Xilinx\SDK\2015.4\lib\win64.o\librdi_commonxillic.dll
0x000007fec9e50000 - 0x000007fec9f80000 	D:\Xilinx\SDK\2015.4\lib\win64.o\librdi_curl.dll
0x000007feee0b0000 - 0x000007feee0c8000 	D:\Xilinx\SDK\2015.4\lib\win64.o\librdiconfig.dll
0x000000005a330000 - 0x000000005a457000 	D:\Xilinx\SDK\2015.4\lib\win64.o\tcl85t.dll
0x00000000247f0000 - 0x0000000024a53000 	D:\Xilinx\SDK\2015.4\lib\win64.o\xerces-c_3_1.dll
0x000007fefef60000 - 0x000007feff0e4000 	C:\Windows\system32\urlmon.dll
0x000007fefcec0000 - 0x000007fefcec4000 	C:\Windows\system32\api-ms-win-downlevel-ole32-l1-1-0.dll
0x000007feee0d0000 - 0x000007feee0f3000 	C:\Windows\system32\VCOMP110.DLL
0x000007fec89e0000 - 0x000007fec8bcc000 	D:\Xilinx\SDK\2015.4\lib\win64.o\librdi_hsm.dll
0x000007fecaf20000 - 0x000007fecaf63000 	D:\Xilinx\SDK\2015.4\lib\win64.o\librdi_hdf.dll
0x000007fec8780000 - 0x000007fec89d5000 	D:\Xilinx\SDK\2015.4\lib\win64.o\librdi_ippcw.dll
0x000007fef9840000 - 0x000007fef9847000 	C:\Windows\system32\msimg32.dll
0x000007fec7090000 - 0x000007fec78a0000 	D:\Xilinx\SDK\2015.4\lib\win64.o\libXil_lmgr11FNP.dll
0x000007fef7840000 - 0x000007fef784b000 	C:\Windows\system32\snmpapi.dll
0x000007fefd960000 - 0x000007fefdb37000 	C:\Windows\system32\SETUPAPI.dll
0x000007fefcca0000 - 0x000007fefccd6000 	C:\Windows\system32\CFGMGR32.dll
0x000007fefcea0000 - 0x000007fefceba000 	C:\Windows\system32\DEVOBJ.dll
0x000007fefc920000 - 0x000007fefc945000 	C:\Windows\system32\SspiCli.dll
0x000007feeea00000 - 0x000007feeea0a000 	D:\Xilinx\SDK\2015.4\lib\win64.o\librdi_jtag_settings.dll
0x000007fec9e20000 - 0x000007fec9e49000 	D:\Xilinx\SDK\2015.4\lib\win64.o\librdi_debug_dialog.dll

VM Arguments:
jvm_args: -Dcom.xilinx.sdk.args.hwspec=D:/MIZ_SOC/SEASON_03/CH03_AXI_DMA_CMOS/Miz_sys/Miz_sys.sdk/system_wrapper.hdf -Xms64m -Xmx512m & 
java_command: <unknown>
java_class_path (initial): D:\Xilinx\SDK\2015.4\eclipse\win64.o\\plugins/org.eclipse.equinox.launcher_1.3.0.v20130327-1440.jar
Launcher Type: generic

Environment Variables:
PATH=D:/Xilinx/SDK/2015.4/tps/win64/jre/bin/server;D:/Xilinx/SDK/2015.4/tps/win64/jre/bin;D:/Xilinx/SDK/2015.4/tps/win64/jre/lib/amd64;D:\Xilinx\SDK\2015.4\gnuwin\bin;D:\Xilinx\SDK\2015.4\gnu\microblaze\nt\bin;D:\Xilinx\SDK\2015.4\gnu\microblaze\linux_toolchain\nt64_le\bin;D:\Xilinx\SDK\2015.4\gnu\microblaze\linux_toolchain\nt64_be\bin;D:\Xilinx\SDK\2015.4\gnu\arm\nt\bin;D:\Xilinx\SDK\2015.4\gnu\aarch64\nt\aarch64-none\bin;D:\Xilinx\SDK\2015.4\gnu\aarch64\nt\aarch64-linux\bin;D:\Xilinx\SDK\2015.4\gnu\armr5\nt\gcc-arm-none-eabi\bin;D:\Xilinx\SDK\2015.4\gnu\aarch32\nt\gcc-arm-none-eabi\bin;D:\Xilinx\SDK\2015.4\gnu\aarch32\nt\gcc-arm-linux-gnueabi\bin;D:\Xilinx\SDK\2015.4\bin;D:\Xilinx\SDK\2015.4\lib\win64.o;D:\Xilinx\SDK\2015.4\tps\win64\jre\bin\server;D:\Xilinx\SDK\2015.4\tps\win64\jre\bin;D:\Xilinx\Vivado\2015.4\ids_lite\ISE\bin\nt64;D:\Xilinx\Vivado\2015.4\ids_lite\ISE\lib\nt64;D:\Xilinx\Vivado\2015.4\bin;D:\Xilinx\Vivado\2015.4\lib\win64.o;D:\Xilinx\Vivado\2015.4\tps\win64\jre\bin\server;D:\Xilinx\Vivado\2015.4\tps\win64\jre\bin;D:\Xilinx\Vivado_HLS\2015.4\bin;C:\Program Files\Common Files\Microsoft Shared\Windows Live;C:\Program Files (x86)\Common Files\Microsoft Shared\Windows Live;C:\Windows\system32;C:\Windows;C:\Windows\System32\Wbem;C:\Windows\System32\WindowsPowerShell\v1.0\;C:\Program Files (x86)\NVIDIA Corporation\PhysX\Common;F:\Program Files (x86)\Altium Designer Summer 09\System;C:\Program Files (x86)\Windows Live\Shared;C:\Program Files (x86)\Skype\Phone\;d:\Cadence\SPB_16.6\openaccess\bin\win32\opt;d:\Cadence\SPB_16.6\tools\capture;d:\Cadence\SPB_16.6\tools\pspice;d:\Cadence\SPB_16.6\tools\specctra\bin;d:\Cadence\SPB_16.6\tools\fet\bin;d:\Cadence\SPB_16.6\tools\libutil\bin;d:\Cadence\SPB_16.6\tools\bin;d:\Cadence\SPB_16.6\tools\pcb\bin;;d:\MIZ_SOC\SEASON_03\CH03_AXI_DMA_CMOS\Miz_sys;
USERNAME=Administrator
OS=Windows_NT
PROCESSOR_IDENTIFIER=Intel64 Family 6 Model 94 Stepping 3, GenuineIntel



---------------  S Y S T E M  ---------------

OS: Windows 7 , 64 bit Build 7601 (6.1.7601.23569)

CPU:total 8 (4 cores per cpu, 2 threads per core) family 6 model 94 stepping 3, cmov, cx8, fxsr, mmx, sse, sse2, sse3, ssse3, sse4.1, sse4.2, popcnt, avx, avx2, aes, clmul, erms, rtm, 3dnowpref, lzcnt, ht, tsc, tscinvbit, bmi1, bmi2, adx

Memory: 4k page, physical 16728076k(10677644k free), swap 16726216k(9999616k free)

vm_info: Java HotSpot(TM) 64-Bit Server VM (25.45-b02) for windows-amd64 JRE (1.8.0_45-b15), built on Apr 30 2015 12:40:44 by "java_re" with MS VC++ 10.0 (VS2010)

time: Sun Dec 04 15:05:22 2016
elapsed time: 88 seconds (0d 0h 1m 28s)

