#
# A fatal error has been detected by the Java Runtime Environment:
#
#  Internal Error (0xc000000d), pid=672, tid=21324
#
# JRE version: Java(TM) SE Runtime Environment (8.0_45-b15) (build 1.8.0_45-b15)
# Java VM: Java HotSpot(TM) 64-Bit Server VM (25.45-b02 mixed mode windows-amd64 compressed oops)
# Problematic frame:
# C  [ntdll.dll+0xf56b0]
#
# Failed to write core dump. Minidumps are not enabled by default on client versions of Windows
#
# If you would like to submit a bug report, please visit:
#   http://bugreport.java.com/bugreport/crash.jsp
#

---------------  T H R E A D  ---------------

Current thread (0x00000000144e9000):  VMThread [stack: 0x00000000161b0000,0x00000000162b0000] [id=21324]

siginfo: ExceptionCode=0xc000000d

Registers:
RAX=0x0000000057699494, RBX=0xfffffffffffffffe, RCX=0x00000000162af4a0, RDX=0x00000000576d2549
RSP=0x00000000162af3b0, RBP=0x00007ffce0d57408, RSI=0x0000000000000000, RDI=0x0000000000000260
R8 =0x00007ffcf94eb5cc, R9 =0x00000000177e4660, R10=0x00000000177e0cc0, R11=0x00000000177e4660
R12=0x000000001fcb04b0, R13=0x000000001fd5b960, R14=0x000000001fcb05b8, R15=0x00000000162af528
RIP=0x00007ffcf95856b0, EFLAGS=0x0000000000000202

Top of Stack: (sp=0x00000000162af3b0)
0x00000000162af3b0:   0000000000000000 fffffffffffffffe
0x00000000162af3c0:   0000000000000000 0000000000000260
0x00000000162af3d0:   00000000c000000d 0000000000000000
0x00000000162af3e0:   00007ffcf95856b0 0000000000000000
0x00000000162af3f0:   0000000000000000 0000000000000000
0x00000000162af400:   0000000000000000 0000000000000000
0x00000000162af410:   0000000000000000 0000000000000000
0x00000000162af420:   0000000000000000 0000000000000000
0x00000000162af430:   0000000000000000 0000000000000000
0x00000000162af440:   0000000000000000 0000000000000000
0x00000000162af450:   0000000000000000 0000000000000000
0x00000000162af460:   0000000000000000 0000000000000000
0x00000000162af470:   00004b2c29408d02 0000000000000040
0x00000000162af480:   0000000000000000 00007ffcf954047f
0x00000000162af490:   0000000000000000 0000000000000050
0x00000000162af4a0:   0000000000000005 00007ffcf94b5b14 

Instructions: (pc=0x00007ffcf95856b0)
0x00007ffcf9585690:   62 fb ff c7 44 24 20 0d 00 00 c0 b9 57 00 00 00
0x00007ffcf95856a0:   e8 7b 34 f5 ff 90 48 8d 4c 24 20 e8 00 12 f4 ff
0x00007ffcf95856b0:   eb 00 48 8b 8c 24 c0 00 00 00 48 33 cc e8 1e 01
0x00007ffcf95856c0:   fa ff 48 81 c4 d8 00 00 00 c3 40 55 48 83 ec 20 


Register to memory mapping:

RAX=0x0000000057699494 is an unknown value
RBX=0xfffffffffffffffe is an unknown value
RCX=0x00000000162af4a0 is an unknown value
RDX=0x00000000576d2549 is an unknown value
RSP=0x00000000162af3b0 is an unknown value
RBP=0x00007ffce0d57408 is an unknown value
RSI=0x0000000000000000 is an unknown value
RDI=0x0000000000000260 is an unknown value
R8 =0x00007ffcf94eb5cc is an unknown value
R9 =0x00000000177e4660 is an unknown value
R10=0x00000000177e0cc0 is an unknown value
R11=0x00000000177e4660 is an unknown value
R12=0x000000001fcb04b0 is an unknown value
R13=0x000000001fd5b960 is an unknown value
R14=0x000000001fcb05b8 is an unknown value
R15=0x00000000162af528 is an unknown value


Stack: [0x00000000161b0000,0x00000000162b0000],  sp=0x00000000162af3b0,  free space=1020k
Native frames: (J=compiled Java code, j=interpreted, Vv=VM code, C=native code)
C  [ntdll.dll+0xf56b0]
C  [ntdll.dll+0xb047f]
C  [KERNEL32.DLL+0x28c6a]
C  [MSVCR110.dll+0x752d]
C  [MSVCR110.dll+0x73c6]
C  [MSVCR110.dll+0x14cca]
C  [MSVCR110.dll+0x13edc]
C  [MSVCR110.dll+0x239e]
C  [MSVCR110.dll+0xaf9e]
C  [MSVCP110.dll+0x39a7d]
C  [librdi_common.dll+0x14283e]
C  [librdi_common.dll+0x141449]
C  0x00007ffce7952400
C  0x00007ffce7952682
C  [ntdll.dll+0x15208]
C  [ntdll.dll+0x5b2aa]
C  [ntdll.dll+0x5b13a]
C  [KERNEL32.DLL+0x24d8a]
C  [MSVCR100.dll+0x20ccd]
V  [jvm.dll+0x20f135]
V  [jvm.dll+0x247ef7]
V  [jvm.dll+0x247196]
V  [jvm.dll+0x247631]
V  [jvm.dll+0x24784e]
V  [jvm.dll+0x29853a]
C  [MSVCR100.dll+0x21d9f]
C  [MSVCR100.dll+0x21e3b]
C  [KERNEL32.DLL+0x18102]
C  [ntdll.dll+0x5c574]

VM_Operation (0x000000000014f500): Exit, mode: safepoint, requested by thread 0x0000000002c7e000


---------------  P R O C E S S  ---------------

Java Threads: ( => current thread )
  0x000000001c27e800 JavaThread "Thread-75" daemon [_thread_blocked, id=20912, stack(0x0000000032fb0000,0x00000000330b0000)]
  0x0000000016546800 JavaThread "TCF Locator DNS Lookup" daemon [_thread_blocked, id=25900, stack(0x00000000220c0000,0x00000000221c0000)]
  0x0000000016545000 JavaThread "TCF Locator Timer" daemon [_thread_blocked, id=23976, stack(0x0000000021fc0000,0x00000000220c0000)]
  0x0000000016548800 JavaThread "TCF Locator Receiver" daemon [_thread_in_native, id=13292, stack(0x0000000021ec0000,0x0000000021fc0000)]
  0x0000000016549800 JavaThread "TCF Timer Dispatcher" daemon [_thread_blocked, id=16656, stack(0x0000000021bc0000,0x0000000021cc0000)]
  0x0000000019da6000 JavaThread "EMF Reference Cleaner" daemon [_thread_blocked, id=29152, stack(0x000000001aed0000,0x000000001afd0000)]
  0x00000000165eb000 JavaThread "Service Thread" daemon [_thread_blocked, id=24896, stack(0x0000000016eb0000,0x0000000016fb0000)]
  0x0000000016544000 JavaThread "C1 CompilerThread3" daemon [_thread_blocked, id=26684, stack(0x0000000016db0000,0x0000000016eb0000)]
  0x000000001653e000 JavaThread "C2 CompilerThread2" daemon [_thread_blocked, id=14628, stack(0x0000000016cb0000,0x0000000016db0000)]
  0x00000000164e8800 JavaThread "C2 CompilerThread1" daemon [_thread_blocked, id=11900, stack(0x0000000016bb0000,0x0000000016cb0000)]
  0x00000000164e6800 JavaThread "C2 CompilerThread0" daemon [_thread_blocked, id=11868, stack(0x0000000016ab0000,0x0000000016bb0000)]
  0x00000000164e5000 JavaThread "Attach Listener" daemon [_thread_blocked, id=28636, stack(0x00000000169b0000,0x0000000016ab0000)]
  0x000000001653b800 JavaThread "Signal Dispatcher" daemon [_thread_blocked, id=28180, stack(0x00000000168b0000,0x00000000169b0000)]
  0x0000000002bd9000 JavaThread "Finalizer" daemon [_thread_blocked, id=25300, stack(0x00000000163b0000,0x00000000164b0000)]
  0x00000000144ed000 JavaThread "Reference Handler" daemon [_thread_blocked, id=18984, stack(0x00000000162b0000,0x00000000163b0000)]
  0x0000000002c7e000 JavaThread "main" [_thread_blocked, id=6924, stack(0x0000000000050000,0x0000000000150000)]

Other Threads:
=>0x00000000144e9000 VMThread [stack: 0x00000000161b0000,0x00000000162b0000] [id=21324]

VM state:at safepoint (shutting down)

VM Mutex/Monitor currently owned by a thread:  ([mutex/lock_event])
[0x0000000002c7ccd0] Threads_lock - owner thread: 0x00000000144e9000

Heap:
 PSYoungGen      total 93184K, used 33517K [0x00000000f5580000, 0x00000000fe180000, 0x0000000100000000)
  eden space 45056K, 18% used [0x00000000f5580000,0x00000000f5d7d600,0x00000000f8180000)
  from space 48128K, 52% used [0x00000000fb280000,0x00000000fcb3e020,0x00000000fe180000)
  to   space 49152K, 0% used [0x00000000f8180000,0x00000000f8180000,0x00000000fb180000)
 ParOldGen       total 111616K, used 39277K [0x00000000e0000000, 0x00000000e6d00000, 0x00000000f5580000)
  object space 111616K, 35% used [0x00000000e0000000,0x00000000e265b668,0x00000000e6d00000)
 Metaspace       used 86442K, capacity 92838K, committed 92928K, reserved 1130496K
  class space    used 10507K, capacity 12490K, committed 12544K, reserved 1048576K

Card table byte_map: [0x0000000012040000,0x0000000012150000] byte_map_base: 0x0000000011940000

Marking Bits: (ParMarkBitMap*) 0x0000000057c94040
 Begin Bits: [0x0000000012a00000, 0x0000000013200000)
 End Bits:   [0x0000000013200000, 0x0000000013a00000)

Polling page: 0x0000000002120000

CodeCache: size=245760Kb used=43016Kb max_used=43066Kb free=202743Kb
 bounds [0x0000000002c80000, 0x00000000056f0000, 0x0000000011c80000]
 total_blobs=12644 nmethods=11770 adapters=781
 compilation: enabled

Compilation events (10 events):
Event: 3059.068 Thread 0x0000000016544000 14718   !   3       org.eclipse.osgi.framework.internal.core.AbstractBundle::suspend (41 bytes)
Event: 3059.068 Thread 0x0000000016544000 nmethod 14718 0x00000000032ec150 code [0x00000000032ec2e0, 0x00000000032ec818]
Event: 3059.070 Thread 0x0000000016544000 14725       3       java.io.File::list (33 bytes)
Event: 3059.070 Thread 0x0000000016544000 nmethod 14725 0x0000000005250ad0 code [0x0000000005250ca0, 0x00000000052513e8]
Event: 3059.085 Thread 0x000000001653e000 nmethod 14704 0x00000000056d35d0 code [0x00000000056d38e0, 0x00000000056d62f8]
Event: 3059.097 Thread 0x0000000016544000 14726   !   3       org.eclipse.osgi.internal.baseadaptor.BaseStorage::compact (215 bytes)
Event: 3059.098 Thread 0x0000000016544000 nmethod 14726 0x00000000056cf7d0 code [0x00000000056cfc20, 0x00000000056d20e8]
Event: 3059.102 Thread 0x0000000016544000 14727       3       org.eclipse.osgi.framework.internal.core.AbstractBundle::close (52 bytes)
Event: 3059.102 Thread 0x00000000164e6800 nmethod 14710 0x00000000056dec50 code [0x00000000056defc0, 0x00000000056e2cb8]
Event: 3059.103 Thread 0x0000000016544000 nmethod 14727 0x0000000005255c90 code [0x0000000005255ec0, 0x0000000005256bc8]

GC Heap History (10 events):
Event: 2623.911 GC heap before
{Heap before GC invocations=61 (full 21):
 PSYoungGen      total 90624K, used 79145K [0x00000000f5580000, 0x00000000fd980000, 0x0000000100000000)
  eden space 51200K, 100% used [0x00000000f5580000,0x00000000f8780000,0x00000000f8780000)
  from space 39424K, 70% used [0x00000000f8880000,0x00000000fa3ca650,0x00000000faf00000)
  to   space 41984K, 0% used [0x00000000fb080000,0x00000000fb080000,0x00000000fd980000)
 ParOldGen       total 111616K, used 39237K [0x00000000e0000000, 0x00000000e6d00000, 0x00000000f5580000)
  object space 111616K, 35% used [0x00000000e0000000,0x00000000e2651668,0x00000000e6d00000)
 Metaspace       used 85128K, capacity 91412K, committed 91648K, reserved 1128448K
  class space    used 10411K, capacity 12423K, committed 12544K, reserved 1048576K
Event: 2623.920 GC heap after
Heap after GC invocations=61 (full 21):
 PSYoungGen      total 90624K, used 28612K [0x00000000f5580000, 0x00000000fdd80000, 0x0000000100000000)
  eden space 48640K, 0% used [0x00000000f5580000,0x00000000f5580000,0x00000000f8500000)
  from space 41984K, 68% used [0x00000000fb080000,0x00000000fcc71368,0x00000000fd980000)
  to   space 44544K, 0% used [0x00000000f8500000,0x00000000f8500000,0x00000000fb080000)
 ParOldGen       total 111616K, used 39245K [0x00000000e0000000, 0x00000000e6d00000, 0x00000000f5580000)
  object space 111616K, 35% used [0x00000000e0000000,0x00000000e2653668,0x00000000e6d00000)
 Metaspace       used 85128K, capacity 91412K, committed 91648K, reserved 1128448K
  class space    used 10411K, capacity 12423K, committed 12544K, reserved 1048576K
}
Event: 2704.854 GC heap before
{Heap before GC invocations=62 (full 21):
 PSYoungGen      total 90624K, used 77252K [0x00000000f5580000, 0x00000000fdd80000, 0x0000000100000000)
  eden space 48640K, 100% used [0x00000000f5580000,0x00000000f8500000,0x00000000f8500000)
  from space 41984K, 68% used [0x00000000fb080000,0x00000000fcc71368,0x00000000fd980000)
  to   space 44544K, 0% used [0x00000000f8500000,0x00000000f8500000,0x00000000fb080000)
 ParOldGen       total 111616K, used 39245K [0x00000000e0000000, 0x00000000e6d00000, 0x00000000f5580000)
  object space 111616K, 35% used [0x00000000e0000000,0x00000000e2653668,0x00000000e6d00000)
 Metaspace       used 85272K, capacity 91732K, committed 91904K, reserved 1128448K
  class space    used 10411K, capacity 12423K, committed 12544K, reserved 1048576K
Event: 2704.864 GC heap after
Heap after GC invocations=62 (full 21):
 PSYoungGen      total 92160K, used 29413K [0x00000000f5580000, 0x00000000fe000000, 0x0000000100000000)
  eden space 47616K, 0% used [0x00000000f5580000,0x00000000f5580000,0x00000000f8400000)
  from space 44544K, 66% used [0x00000000f8500000,0x00000000fa1b96d0,0x00000000fb080000)
  to   space 47104K, 0% used [0x00000000fb200000,0x00000000fb200000,0x00000000fe000000)
 ParOldGen       total 111616K, used 39253K [0x00000000e0000000, 0x00000000e6d00000, 0x00000000f5580000)
  object space 111616K, 35% used [0x00000000e0000000,0x00000000e2655668,0x00000000e6d00000)
 Metaspace       used 85272K, capacity 91732K, committed 91904K, reserved 1128448K
  class space    used 10411K, capacity 12423K, committed 12544K, reserved 1048576K
}
Event: 2895.611 GC heap before
{Heap before GC invocations=63 (full 21):
 PSYoungGen      total 92160K, used 77029K [0x00000000f5580000, 0x00000000fe000000, 0x0000000100000000)
  eden space 47616K, 100% used [0x00000000f5580000,0x00000000f8400000,0x00000000f8400000)
  from space 44544K, 66% used [0x00000000f8500000,0x00000000fa1b96d0,0x00000000fb080000)
  to   space 47104K, 0% used [0x00000000fb200000,0x00000000fb200000,0x00000000fe000000)
 ParOldGen       total 111616K, used 39253K [0x00000000e0000000, 0x00000000e6d00000, 0x00000000f5580000)
  object space 111616K, 35% used [0x00000000e0000000,0x00000000e2655668,0x00000000e6d00000)
 Metaspace       used 85456K, capacity 91924K, committed 92160K, reserved 1128448K
  class space    used 10413K, capacity 12423K, committed 12544K, reserved 1048576K
Event: 2895.621 GC heap after
Heap after GC invocations=63 (full 21):
 PSYoungGen      total 93184K, used 29745K [0x00000000f5580000, 0x00000000fe280000, 0x0000000100000000)
  eden space 46080K, 0% used [0x00000000f5580000,0x00000000f5580000,0x00000000f8280000)
  from space 47104K, 63% used [0x00000000fb200000,0x00000000fcf0c598,0x00000000fe000000)
  to   space 48640K, 0% used [0x00000000f8280000,0x00000000f8280000,0x00000000fb200000)
 ParOldGen       total 111616K, used 39261K [0x00000000e0000000, 0x00000000e6d00000, 0x00000000f5580000)
  object space 111616K, 35% used [0x00000000e0000000,0x00000000e2657668,0x00000000e6d00000)
 Metaspace       used 85456K, capacity 91924K, committed 92160K, reserved 1128448K
  class space    used 10413K, capacity 12423K, committed 12544K, reserved 1048576K
}
Event: 2934.271 GC heap before
{Heap before GC invocations=64 (full 21):
 PSYoungGen      total 93184K, used 75825K [0x00000000f5580000, 0x00000000fe280000, 0x0000000100000000)
  eden space 46080K, 100% used [0x00000000f5580000,0x00000000f8280000,0x00000000f8280000)
  from space 47104K, 63% used [0x00000000fb200000,0x00000000fcf0c598,0x00000000fe000000)
  to   space 48640K, 0% used [0x00000000f8280000,0x00000000f8280000,0x00000000fb200000)
 ParOldGen       total 111616K, used 39261K [0x00000000e0000000, 0x00000000e6d00000, 0x00000000f5580000)
  object space 111616K, 35% used [0x00000000e0000000,0x00000000e2657668,0x00000000e6d00000)
 Metaspace       used 85576K, capacity 92052K, committed 92416K, reserved 1128448K
  class space    used 10413K, capacity 12423K, committed 12544K, reserved 1048576K
Event: 2934.280 GC heap after
Heap after GC invocations=64 (full 21):
 PSYoungGen      total 94208K, used 29912K [0x00000000f5580000, 0x00000000fe300000, 0x0000000100000000)
  eden space 45568K, 0% used [0x00000000f5580000,0x00000000f5580000,0x00000000f8200000)
  from space 48640K, 61% used [0x00000000f8280000,0x00000000f9fb63a8,0x00000000fb200000)
  to   space 49664K, 0% used [0x00000000fb280000,0x00000000fb280000,0x00000000fe300000)
 ParOldGen       total 111616K, used 39269K [0x00000000e0000000, 0x00000000e6d00000, 0x00000000f5580000)
  object space 111616K, 35% used [0x00000000e0000000,0x00000000e2659668,0x00000000e6d00000)
 Metaspace       used 85576K, capacity 92052K, committed 92416K, reserved 1128448K
  class space    used 10413K, capacity 12423K, committed 12544K, reserved 1048576K
}
Event: 3058.476 GC heap before
{Heap before GC invocations=65 (full 21):
 PSYoungGen      total 94208K, used 75480K [0x00000000f5580000, 0x00000000fe300000, 0x0000000100000000)
  eden space 45568K, 100% used [0x00000000f5580000,0x00000000f8200000,0x00000000f8200000)
  from space 48640K, 61% used [0x00000000f8280000,0x00000000f9fb63a8,0x00000000fb200000)
  to   space 49664K, 0% used [0x00000000fb280000,0x00000000fb280000,0x00000000fe300000)
 ParOldGen       total 111616K, used 39269K [0x00000000e0000000, 0x00000000e6d00000, 0x00000000f5580000)
  object space 111616K, 35% used [0x00000000e0000000,0x00000000e2659668,0x00000000e6d00000)
 Metaspace       used 86100K, capacity 92576K, committed 92672K, reserved 1130496K
  class space    used 10473K, capacity 12489K, committed 12544K, reserved 1048576K
Event: 3058.484 GC heap after
Heap after GC invocations=65 (full 21):
 PSYoungGen      total 93184K, used 25336K [0x00000000f5580000, 0x00000000fe180000, 0x0000000100000000)
  eden space 45056K, 0% used [0x00000000f5580000,0x00000000f5580000,0x00000000f8180000)
  from space 48128K, 52% used [0x00000000fb280000,0x00000000fcb3e020,0x00000000fe180000)
  to   space 49152K, 0% used [0x00000000f8180000,0x00000000f8180000,0x00000000fb180000)
 ParOldGen       total 111616K, used 39277K [0x00000000e0000000, 0x00000000e6d00000, 0x00000000f5580000)
  object space 111616K, 35% used [0x00000000e0000000,0x00000000e265b668,0x00000000e6d00000)
 Metaspace       used 86100K, capacity 92576K, committed 92672K, reserved 1130496K
  class space    used 10473K, capacity 12489K, committed 12544K, reserved 1048576K
}

Deoptimization events (10 events):
Event: 3059.060 Thread 0x000000001f658800 Uncommon trap: reason=unstable_if action=reinterpret pc=0x000000000551f360 method=org.eclipse.core.internal.jobs.WorkerPool.startJob(Lorg/eclipse/core/internal/jobs/Worker;)Lorg/eclipse/core/internal/jobs/InternalJob; @ 177
Event: 3059.060 Thread 0x000000001f656800 Uncommon trap: reason=unstable_if action=reinterpret pc=0x000000000551f360 method=org.eclipse.core.internal.jobs.WorkerPool.startJob(Lorg/eclipse/core/internal/jobs/Worker;)Lorg/eclipse/core/internal/jobs/InternalJob; @ 177
Event: 3059.060 Thread 0x000000001c285800 Uncommon trap: reason=unstable_if action=reinterpret pc=0x000000000551f360 method=org.eclipse.core.internal.jobs.WorkerPool.startJob(Lorg/eclipse/core/internal/jobs/Worker;)Lorg/eclipse/core/internal/jobs/InternalJob; @ 177
Event: 3059.060 Thread 0x000000001c280000 Uncommon trap: reason=unstable_if action=reinterpret pc=0x000000000551f360 method=org.eclipse.core.internal.jobs.WorkerPool.startJob(Lorg/eclipse/core/internal/jobs/Worker;)Lorg/eclipse/core/internal/jobs/InternalJob; @ 177
Event: 3059.060 Thread 0x000000001f328000 Uncommon trap: reason=unstable_if action=reinterpret pc=0x000000000551f360 method=org.eclipse.core.internal.jobs.WorkerPool.startJob(Lorg/eclipse/core/internal/jobs/Worker;)Lorg/eclipse/core/internal/jobs/InternalJob; @ 177
Event: 3059.060 Thread 0x000000001f655000 Uncommon trap: reason=unstable_if action=reinterpret pc=0x000000000551f360 method=org.eclipse.core.internal.jobs.WorkerPool.startJob(Lorg/eclipse/core/internal/jobs/Worker;)Lorg/eclipse/core/internal/jobs/InternalJob; @ 177
Event: 3059.060 Thread 0x000000001f64f800 Uncommon trap: reason=unstable_if action=reinterpret pc=0x000000000551f360 method=org.eclipse.core.internal.jobs.WorkerPool.startJob(Lorg/eclipse/core/internal/jobs/Worker;)Lorg/eclipse/core/internal/jobs/InternalJob; @ 177
Event: 3059.060 Thread 0x000000001f65a000 Uncommon trap: reason=unstable_if action=reinterpret pc=0x000000000551f360 method=org.eclipse.core.internal.jobs.WorkerPool.startJob(Lorg/eclipse/core/internal/jobs/Worker;)Lorg/eclipse/core/internal/jobs/InternalJob; @ 177
Event: 3059.060 Thread 0x000000001f321000 Uncommon trap: reason=unstable_if action=reinterpret pc=0x000000000551f360 method=org.eclipse.core.internal.jobs.WorkerPool.startJob(Lorg/eclipse/core/internal/jobs/Worker;)Lorg/eclipse/core/internal/jobs/InternalJob; @ 177
Event: 3059.063 Thread 0x0000000002c7e000 Uncommon trap: reason=unstable_if action=reinterpret pc=0x0000000002ff44dc method=java.lang.ref.ReferenceQueue.poll()Ljava/lang/ref/Reference; @ 4

Internal exceptions (10 events):
Event: 3058.258 Thread 0x000000001f321000 Exception <a 'java/lang/InterruptedException'> (0x00000000f744f280) thrown at [C:\re\workspace\8-2-build-windows-amd64-cygwin\jdk8u45\3627\hotspot\src\share\vm\runtime\objectMonitor.cpp, line 1683]
Event: 3058.259 Thread 0x000000001c280000 Exception <a 'java/lang/InterruptedException'> (0x00000000f74507a8) thrown at [C:\re\workspace\8-2-build-windows-amd64-cygwin\jdk8u45\3627\hotspot\src\share\vm\runtime\objectMonitor.cpp, line 1683]
Event: 3058.259 Thread 0x000000001f658800 Exception <a 'java/lang/InterruptedException'> (0x00000000f74bcb90) thrown at [C:\re\workspace\8-2-build-windows-amd64-cygwin\jdk8u45\3627\hotspot\src\share\vm\runtime\objectMonitor.cpp, line 1683]
Event: 3058.388 Thread 0x0000000002c7e000 Implicit null exception at 0x00000000054a5b45 to 0x00000000054a5e15
Event: 3058.517 Thread 0x000000001f65b800 Exception <a 'java/lang/InterruptedException'> (0x00000000f59ca218) thrown at [C:\re\workspace\8-2-build-windows-amd64-cygwin\jdk8u45\3627\hotspot\src\share\vm\runtime\objectMonitor.cpp, line 1683]
Event: 3059.038 Thread 0x0000000002c7e000 Implicit null exception at 0x00000000036928ff to 0x0000000003694df1
Event: 3059.067 Thread 0x0000000017348000 Exception <a 'java/lang/InterruptedException': sleep interrupted> (0x00000000f5c827d0) thrown at [C:\re\workspace\8-2-build-windows-amd64-cygwin\jdk8u45\3627\hotspot\src\share\vm\prims\jvm.cpp, line 3211]
Event: 3059.069 Thread 0x000000001bc65000 Exception <a 'java/lang/InterruptedException'> (0x00000000f5c9a448) thrown at [C:\re\workspace\8-2-build-windows-amd64-cygwin\jdk8u45\3627\hotspot\src\share\vm\runtime\objectMonitor.cpp, line 1683]
Event: 3059.069 Thread 0x00000000177cf000 Exception <a 'java/lang/InterruptedException'> (0x00000000f5ca62c0) thrown at [C:\re\workspace\8-2-build-windows-amd64-cygwin\jdk8u45\3627\hotspot\src\share\vm\runtime\objectMonitor.cpp, line 1683]
Event: 3059.102 Thread 0x00000000176e6000 Exception <a 'java/lang/InterruptedException'> (0x00000000f5c820f8) thrown at [C:\re\workspace\8-2-build-windows-amd64-cygwin\jdk8u45\3627\hotspot\src\share\vm\runtime\objectMonitor.cpp, line 1683]

Events (10 events):
Event: 3059.102 Thread 0x00000000164e6800 flushing nmethod 0x00000000041cd710
Event: 3059.102 loading class java/util/IdentityHashMap$KeyIterator
Event: 3059.102 loading class java/util/IdentityHashMap$IdentityHashMapIterator
Event: 3059.103 loading class java/util/IdentityHashMap$IdentityHashMapIterator done
Event: 3059.103 loading class java/util/IdentityHashMap$KeyIterator done
Event: 3059.103 Thread 0x000000001f651000 Thread added: 0x000000001f651000
Event: 3059.103 Thread 0x000000001f651000 Thread exited: 0x000000001f651000
Event: 3059.103 Thread 0x00000000164e6800 flushing nmethod 0x00000000043ff090
Event: 3059.103 Thread 0x00000000164e6800 flushing nmethod 0x000000000440b250
Event: 3059.104 Executing VM operation: Exit


Dynamic libraries:
0x0000000000400000 - 0x000000000044f000 	D:\Xilinx\SDK\2015.4\eclipse\win64.o\eclipse.exe
0x00007ffcf9490000 - 0x00007ffcf9651000 	C:\Windows\SYSTEM32\ntdll.dll
0x00007ffcf7080000 - 0x00007ffcf712d000 	C:\Windows\system32\KERNEL32.DLL
0x00007ffcf64e0000 - 0x00007ffcf66c8000 	C:\Windows\system32\KERNELBASE.dll
0x00007ffcf6d70000 - 0x00007ffcf6ec6000 	C:\Windows\system32\USER32.dll
0x00007ffcf73c0000 - 0x00007ffcf7546000 	C:\Windows\system32\GDI32.dll
0x00007ffcf7200000 - 0x00007ffcf729d000 	C:\Windows\system32\msvcrt.dll
0x00007ffcec630000 - 0x00007ffcec8a4000 	C:\Windows\WinSxS\amd64_microsoft.windows.common-controls_6595b64144ccf1df_6.0.10586.0_none_8c15ae12515e1c22\COMCTL32.dll
0x00007ffcf7830000 - 0x00007ffcf7aad000 	C:\Windows\system32\combase.dll
0x00007ffcf72a0000 - 0x00007ffcf73bc000 	C:\Windows\system32\RPCRT4.dll
0x00007ffcf6470000 - 0x00007ffcf64da000 	C:\Windows\system32\bcryptPrimitives.dll
0x00007ffcf7be0000 - 0x00007ffcf7c1b000 	C:\Windows\system32\IMM32.DLL
0x0000000072000000 - 0x0000000072012000 	D:\Xilinx\SDK\2015.4\eclipse\win64.o\plugins\org.eclipse.equinox.launcher.win32.win32.x86_64_1.1.200.v20140116-2212\eclipse_1503.dll
0x00007ffcf7c20000 - 0x00007ffcf7cc7000 	C:\Windows\system32\ADVAPI32.dll
0x00007ffcf7550000 - 0x00007ffcf75ab000 	C:\Windows\system32\sechost.dll
0x00007ffcf00a0000 - 0x00007ffcf00aa000 	C:\Windows\SYSTEM32\VERSION.dll
0x00007ffcf4400000 - 0x00007ffcf4496000 	C:\Windows\system32\uxtheme.dll
0x00007ffcf75b0000 - 0x00007ffcf770a000 	C:\Windows\system32\MSCTF.dll
0x0000000180000000 - 0x0000000180124000 	C:\Windows\system32\pmls64.dll
0x00007ffcf68d0000 - 0x00007ffcf693b000 	C:\Windows\system32\WS2_32.dll
0x00007ffcf68b0000 - 0x00007ffcf68b8000 	C:\Windows\system32\PSAPI.DLL
0x00007ffcf7de0000 - 0x00007ffcf7f23000 	C:\Windows\system32\ole32.dll
0x00007ffcee610000 - 0x00007ffcee67a000 	C:\Windows\system32\OLEACC.dll
0x00007ffce8710000 - 0x00007ffce89b9000 	C:\Windows\system32\WININET.dll
0x00007ffcf7b10000 - 0x00007ffcf7bd1000 	C:\Windows\system32\OLEAUT32.dll
0x00007ffcf71a0000 - 0x00007ffcf71f2000 	C:\Windows\system32\SHLWAPI.dll
0x00007ffcf4fd0000 - 0x00007ffcf5001000 	C:\Windows\SYSTEM32\ntmarta.dll
0x00007ffcf5030000 - 0x00007ffcf50aa000 	C:\Windows\SYSTEM32\Schannel.dll
0x00007ffcf5b40000 - 0x00007ffcf5d07000 	C:\Windows\system32\CRYPT32.dll
0x00007ffcf5b30000 - 0x00007ffcf5b40000 	C:\Windows\system32\MSASN1.dll
0x00007ffcf5760000 - 0x00007ffcf578d000 	C:\Windows\SYSTEM32\SspiCli.dll
0x00007ffcf7f30000 - 0x00007ffcf948c000 	C:\Windows\system32\Shell32.dll
0x00007ffcf5d10000 - 0x00007ffcf5d53000 	C:\Windows\system32\cfgmgr32.dll
0x00007ffcf5e20000 - 0x00007ffcf6465000 	C:\Windows\system32\windows.storage.dll
0x00007ffcf5b20000 - 0x00007ffcf5b2f000 	C:\Windows\system32\kernel.appcore.dll
0x00007ffcf5d60000 - 0x00007ffcf5e15000 	C:\Windows\system32\shcore.dll
0x00007ffcf5ab0000 - 0x00007ffcf5afb000 	C:\Windows\system32\powrprof.dll
0x00007ffcf5b00000 - 0x00007ffcf5b14000 	C:\Windows\system32\profapi.dll
0x00007ffcf53b0000 - 0x00007ffcf540c000 	C:\Windows\system32\mswsock.dll
0x0000000057490000 - 0x0000000057d13000 	D:\Xilinx\SDK\2015.4\tps\win64\jre\bin\server\jvm.dll
0x00007ffce96e0000 - 0x00007ffce96e9000 	C:\Windows\SYSTEM32\WSOCK32.dll
0x0000000058db0000 - 0x0000000058e82000 	C:\Windows\SYSTEM32\MSVCR100.dll
0x00007ffcf3d00000 - 0x00007ffcf3d23000 	C:\Windows\SYSTEM32\WINMM.dll
0x00007ffcf3ca0000 - 0x00007ffcf3ccc000 	C:\Windows\SYSTEM32\WINMMBASE.dll
0x0000000058f80000 - 0x0000000058f8f000 	D:\Xilinx\SDK\2015.4\tps\win64\jre\bin\verify.dll
0x0000000057460000 - 0x0000000057489000 	D:\Xilinx\SDK\2015.4\tps\win64\jre\bin\java.dll
0x0000000057440000 - 0x0000000057456000 	D:\Xilinx\SDK\2015.4\tps\win64\jre\bin\zip.dll
0x00007ffcf5460000 - 0x00007ffcf5477000 	C:\Windows\SYSTEM32\CRYPTSP.dll
0x00007ffcf50f0000 - 0x00007ffcf5124000 	C:\Windows\system32\rsaenh.dll
0x00007ffcf59e0000 - 0x00007ffcf5a09000 	C:\Windows\SYSTEM32\bcrypt.dll
0x00007ffcf5240000 - 0x00007ffcf525f000 	C:\Windows\SYSTEM32\USERENV.dll
0x00007ffcf5580000 - 0x00007ffcf558b000 	C:\Windows\SYSTEM32\CRYPTBASE.dll
0x0000000057420000 - 0x000000005743a000 	D:\Xilinx\SDK\2015.4\tps\win64\jre\bin\net.dll
0x00007ffcf2510000 - 0x00007ffcf2548000 	C:\Windows\SYSTEM32\IPHLPAPI.DLL
0x00007ffcf7820000 - 0x00007ffcf7828000 	C:\Windows\system32\NSI.dll
0x00007ffcf00e0000 - 0x00007ffcf00f6000 	C:\Windows\SYSTEM32\dhcpcsvc6.DLL
0x00007ffcf23e0000 - 0x00007ffcf23fa000 	C:\Windows\SYSTEM32\dhcpcsvc.DLL
0x0000000057400000 - 0x0000000057411000 	D:\Xilinx\SDK\2015.4\tps\win64\jre\bin\nio.dll
0x00007ffcb8760000 - 0x00007ffcb8776000 	C:\Windows\system32\napinsp.dll
0x00007ffcb8780000 - 0x00007ffcb879a000 	C:\Windows\system32\pnrpnsp.dll
0x00007ffcf3540000 - 0x00007ffcf3558000 	C:\Windows\system32\NLAapi.dll
0x00007ffcf44a0000 - 0x00007ffcf454a000 	C:\Windows\SYSTEM32\DNSAPI.dll
0x00007ffcb87a0000 - 0x00007ffcb87ad000 	C:\Windows\System32\winrnr.dll
0x0000000058f50000 - 0x0000000058f76000 	C:\Program Files\Bonjour\mdnsNSP.dll
0x00007ffce9650000 - 0x00007ffce965a000 	C:\Windows\System32\rasadhlp.dll
0x00007ffcee020000 - 0x00007ffcee087000 	C:\Windows\System32\fwpuclnt.dll
0x000000001a6b0000 - 0x000000001a758000 	C:\Users\Administrator\.Xilinx\SDK\2015.4\org.eclipse.osgi\bundles\303\1\.cp\swt-win32-4335.dll
0x00007ffcf7cd0000 - 0x00007ffcf7ddb000 	C:\Windows\system32\comdlg32.dll
0x00007ffcf66d0000 - 0x00007ffcf6756000 	C:\Windows\system32\FirewallAPI.dll
0x00007ffcf6760000 - 0x00007ffcf6777000 	C:\Windows\system32\NETAPI32.dll
0x00007ffcf0a50000 - 0x00007ffcf0a68000 	C:\Windows\SYSTEM32\USP10.dll
0x00007ffcef4e0000 - 0x00007ffcef564000 	C:\Windows\SYSTEM32\WINSPOOL.DRV
0x00007ffcf3f40000 - 0x00007ffcf3f4c000 	C:\Windows\SYSTEM32\DAVHLPR.DLL
0x00007ffcf4800000 - 0x00007ffcf4832000 	C:\Windows\SYSTEM32\fwbase.dll
0x00007ffcf4010000 - 0x00007ffcf4032000 	C:\Windows\system32\dwmapi.dll
0x00007ffcf3a10000 - 0x00007ffcf3b96000 	C:\Windows\SYSTEM32\propsys.dll
0x00007ffcf7710000 - 0x00007ffcf77b7000 	C:\Windows\system32\clbcatq.dll
0x000000001add0000 - 0x000000001adee000 	C:\Users\Administrator\.Xilinx\SDK\2015.4\org.eclipse.osgi\bundles\303\1\.cp\swt-gdip-win32-4335.dll
0x00007ffcebfe0000 - 0x00007ffcec188000 	C:\Windows\WinSxS\amd64_microsoft.windows.gdiplus_6595b64144ccf1df_1.1.10586.20_none_db007f1392e69ef4\gdiplus.dll
0x00007ffcf13d0000 - 0x00007ffcf1581000 	C:\Windows\SYSTEM32\WindowsCodecs.dll
0x0000000019570000 - 0x0000000019582000 	C:\Users\Administrator\.Xilinx\SDK\2015.4\org.eclipse.osgi\bundles\121\1\.cp\os\win32\x86_64\localfile_1_0_0.dll
0x00007ffceb970000 - 0x00007ffceb981000 	C:\Users\Administrator\.Xilinx\SDK\2015.4\org.eclipse.osgi\bundles\124\1\.cp\jWinHttp-1.0.0.dll
0x00007ffcf29a0000 - 0x00007ffcf2a68000 	C:\Windows\SYSTEM32\WINHTTP.dll
0x00007ffcf4060000 - 0x00007ffcf4067000 	C:\Windows\SYSTEM32\msimg32.dll
0x00007ffcf25f0000 - 0x00007ffcf262e000 	C:\Windows\system32\mlang.dll
0x00007ffcef070000 - 0x00007ffcef0ba000 	C:\Windows\system32\dataexchange.dll
0x00007ffcf1590000 - 0x00007ffcf1838000 	C:\Windows\system32\d3d11.dll
0x00007ffcf4070000 - 0x00007ffcf4153000 	C:\Windows\system32\dcomp.dll
0x00007ffcf3f60000 - 0x00007ffcf4002000 	C:\Windows\system32\dxgi.dll
0x00007ffcf45a0000 - 0x00007ffcf46a0000 	C:\Windows\system32\twinapi.appcore.dll
0x00007ffcea330000 - 0x00007ffcea33f000 	D:\Xilinx\SDK\2015.4\lib\win64.o\librdi_repo_manager.dll
0x00007ffcdc6f0000 - 0x00007ffcdc71a000 	D:\Xilinx\SDK\2015.4\lib\win64.o\libisl_sysinfo.dll
0x00007ffcb8db0000 - 0x00007ffcb8e04000 	D:\Xilinx\SDK\2015.4\lib\win64.o\librdi_commonxillic.dll
0x00007ffcb6ad0000 - 0x00007ffcb745d000 	D:\Xilinx\SDK\2015.4\lib\win64.o\librdi_common.dll
0x00007ffce6c40000 - 0x00007ffce6ce7000 	C:\Windows\SYSTEM32\MSVCP110.dll
0x00007ffce0d50000 - 0x00007ffce0e24000 	C:\Windows\SYSTEM32\MSVCR110.dll
0x00007ffcb51d0000 - 0x00007ffcb53bc000 	D:\Xilinx\SDK\2015.4\lib\win64.o\librdi_hsm.dll
0x00007ffcdabe0000 - 0x00007ffcdadfe000 	D:\Xilinx\SDK\2015.4\lib\win64.o\libXil_lmgr11.dll
0x00007ffcddf40000 - 0x00007ffcddf62000 	D:\Xilinx\SDK\2015.4\lib\win64.o\libboost_filesystem.dll
0x00007ffcf6780000 - 0x00007ffcf67d5000 	C:\Windows\system32\WINTRUST.dll
0x00007ffcdaa60000 - 0x00007ffcdab5a000 	D:\Xilinx\SDK\2015.4\lib\win64.o\libboost_regex.dll
0x00007ffcee7a0000 - 0x00007ffcee7a9000 	D:\Xilinx\SDK\2015.4\lib\win64.o\libboost_system.dll
0x00007ffcb6760000 - 0x00007ffcb6ace000 	D:\Xilinx\SDK\2015.4\lib\win64.o\libCOIN-all.dll
0x00007ffcf2710000 - 0x00007ffcf2720000 	D:\Xilinx\SDK\2015.4\lib\win64.o\libboost_date_time.dll
0x00007ffcdab60000 - 0x00007ffcdabd4000 	D:\Xilinx\SDK\2015.4\lib\win64.o\libboost_program_options.dll
0x00007ffce29a0000 - 0x00007ffce29bd000 	D:\Xilinx\SDK\2015.4\lib\win64.o\libboost_thread.dll
0x00007ffcece30000 - 0x00007ffcece3b000 	D:\Xilinx\SDK\2015.4\lib\win64.o\libboost_xilinx.dll
0x00007ffcb8e10000 - 0x00007ffcb8e90000 	D:\Xilinx\SDK\2015.4\lib\win64.o\libhdlpsolve.dll
0x00007ffcb66c0000 - 0x00007ffcb675a000 	D:\Xilinx\SDK\2015.4\lib\win64.o\libhdxml.dll
0x00007ffcb5c00000 - 0x00007ffcb6034e00 	D:\Xilinx\SDK\2015.4\lib\win64.o\libisl_iostreams.dll
0x00007ffce49a0000 - 0x00007ffce49b5000 	D:\Xilinx\SDK\2015.4\lib\win64.o\pthreadVC2.dll
0x00007ffcb61b0000 - 0x00007ffcb62e0000 	D:\Xilinx\SDK\2015.4\lib\win64.o\librdi_curl.dll
0x00007ffce0cc0000 - 0x00007ffce0cd8000 	D:\Xilinx\SDK\2015.4\lib\win64.o\librdiconfig.dll
0x00007ffcdaa30000 - 0x00007ffcdaa53000 	D:\Xilinx\SDK\2015.4\lib\win64.o\librdizlib.dll
0x0000000057e00000 - 0x0000000057f27000 	D:\Xilinx\SDK\2015.4\lib\win64.o\tcl85t.dll
0x00007ffce8ed0000 - 0x00007ffce9088000 	C:\Windows\SYSTEM32\urlmon.dll
0x00000000234b0000 - 0x0000000023713000 	D:\Xilinx\SDK\2015.4\lib\win64.o\xerces-c_3_1.dll
0x00007ffcece40000 - 0x00007ffcece63000 	C:\Windows\SYSTEM32\VCOMP110.DLL
0x00007ffce39d0000 - 0x00007ffce39e3000 	D:\Xilinx\SDK\2015.4\lib\win64.o\libboost_signals.dll
0x00007ffcb4f70000 - 0x00007ffcb51c5000 	D:\Xilinx\SDK\2015.4\lib\win64.o\librdi_ippcw.dll
0x00007ffcd8fb0000 - 0x00007ffcd8ff3000 	D:\Xilinx\SDK\2015.4\lib\win64.o\librdi_hdf.dll
0x00007ffcea990000 - 0x00007ffcea99b000 	D:\Xilinx\SDK\2015.4\lib\win64.o\libboost_chrono.dll
0x00007ffcd9bc0000 - 0x00007ffcd9be3000 	D:\Xilinx\SDK\2015.4\lib\win64.o\libisl_iosutils.dll
0x00007ffcdd1c0000 - 0x00007ffcdd1d6000 	D:\Xilinx\SDK\2015.4\lib\win64.o\libboost_iostreams.dll
0x00007ffceb4e0000 - 0x00007ffceb863000 	C:\Windows\SYSTEM32\iertutil.dll
0x00007ffcb4760000 - 0x00007ffcb4f70000 	D:\Xilinx\SDK\2015.4\lib\win64.o\libXil_lmgr11FNP.dll
0x00007ffcf6940000 - 0x00007ffcf6d69000 	C:\Windows\system32\SETUPAPI.dll
0x00007ffcb8bb0000 - 0x00007ffcb8bbc000 	C:\Windows\SYSTEM32\snmpapi.dll

VM Arguments:
jvm_args: -Dcom.xilinx.sdk.args.hwspec=F:/miz701N/7010/s3/S03_CH03_AXI_DMA_OV7725_HDMI/Miz_sys/Miz_sys.sdk/system_wrapper.hdf -Xms64m -Xmx512m & 
java_command: <unknown>
java_class_path (initial): D:\Xilinx\SDK\2015.4\eclipse\win64.o\\plugins/org.eclipse.equinox.launcher_1.3.0.v20130327-1440.jar
Launcher Type: generic

Environment Variables:
PATH=D:/Xilinx/SDK/2015.4/tps/win64/jre/bin/server;D:/Xilinx/SDK/2015.4/tps/win64/jre/bin;D:/Xilinx/SDK/2015.4/tps/win64/jre/lib/amd64;D:\Xilinx\SDK\2015.4\gnuwin\bin;D:\Xilinx\SDK\2015.4\gnu\microblaze\nt\bin;D:\Xilinx\SDK\2015.4\gnu\microblaze\linux_toolchain\nt64_le\bin;D:\Xilinx\SDK\2015.4\gnu\microblaze\linux_toolchain\nt64_be\bin;D:\Xilinx\SDK\2015.4\gnu\arm\nt\bin;D:\Xilinx\SDK\2015.4\gnu\aarch64\nt\aarch64-none\bin;D:\Xilinx\SDK\2015.4\gnu\aarch64\nt\aarch64-linux\bin;D:\Xilinx\SDK\2015.4\gnu\armr5\nt\gcc-arm-none-eabi\bin;D:\Xilinx\SDK\2015.4\gnu\aarch32\nt\gcc-arm-none-eabi\bin;D:\Xilinx\SDK\2015.4\gnu\aarch32\nt\gcc-arm-linux-gnueabi\bin;D:\Xilinx\SDK\2015.4\bin;D:\Xilinx\SDK\2015.4\lib\win64.o;D:\Xilinx\SDK\2015.4\tps\win64\jre\bin\server;D:\Xilinx\SDK\2015.4\tps\win64\jre\bin;D:\Xilinx\Vivado\2015.4\ids_lite\ISE\bin\nt64;D:\Xilinx\Vivado\2015.4\ids_lite\ISE\lib\nt64;D:\Xilinx\Vivado\2015.4\bin;D:\Xilinx\Vivado\2015.4\lib\win64.o;D:\Xilinx\Vivado\2015.4\tps\win64\jre\bin\server;D:\Xilinx\Vivado\2015.4\tps\win64\jre\bin;D:\Xilinx\Vivado_HLS\2015.4\bin;C:\Windows\system32;C:\Windows;C:\Windows\System32\Wbem;C:\Windows\System32\WindowsPowerShell\v1.0\;d:\modeltech64_10.1c\win64;d:\modeltech64_10.4\win64;F:\miz701N\7010\s3\S03_CH03_AXI_DMA_OV7725_HDMI\Miz_sys;
USERNAME=Administrator
OS=Windows_NT
PROCESSOR_IDENTIFIER=Intel64 Family 6 Model 94 Stepping 3, GenuineIntel



---------------  S Y S T E M  ---------------

OS: Windows 10.0 , 64 bit Build 10586 (10.0.10586.0)

CPU:total 8 (4 cores per cpu, 2 threads per core) family 6 model 94 stepping 3, cmov, cx8, fxsr, mmx, sse, sse2, sse3, ssse3, sse4.1, sse4.2, popcnt, avx, avx2, aes, clmul, erms, rtm, 3dnowpref, lzcnt, ht, tsc, tscinvbit, bmi1, bmi2, adx

Memory: 4k page, physical 16728072k(10388564k free), swap 33505288k(24602888k free)

vm_info: Java HotSpot(TM) 64-Bit Server VM (25.45-b02) for windows-amd64 JRE (1.8.0_45-b15), built on Apr 30 2015 12:40:44 by "java_re" with MS VC++ 10.0 (VS2010)

time: Tue May 09 14:41:43 2017
elapsed time: 3059 seconds (0d 0h 50m 59s)

