#-----------------------------------------------------------
# Vivado v2016.4 (64-bit)
# SW Build 1733598 on Wed Dec 14 22:35:39 MST 2016
# IP Build 1731160 on Wed Dec 14 23:47:21 MST 2016
# Start of session at: Tue Dec 26 16:29:52 2017
# Process ID: 13136
# Current directory: F:/MZ7X/MZ701-MINI/S03/S03_CH03_AXI_DMA_OV7725_HDMI/Miz_sys
# Command line: vivado.exe -gui_launcher_event rodinguilauncherevent16140 F:\MZ7X\MZ701-MINI\S03\S03_CH03_AXI_DMA_OV7725_HDMI\Miz_sys\Miz_sys.xpr
# Log file: F:/MZ7X/MZ701-MINI/S03/S03_CH03_AXI_DMA_OV7725_HDMI/Miz_sys/vivado.log
# Journal file: F:/MZ7X/MZ701-MINI/S03/S03_CH03_AXI_DMA_OV7725_HDMI/Miz_sys\vivado.jou
#-----------------------------------------------------------
start_gui
open_project F:/MZ7X/MZ701-MINI/S03/S03_CH03_AXI_DMA_OV7725_HDMI/Miz_sys/Miz_sys.xpr
Scanning sources...
Finished scanning sources
WARNING: [filemgmt 56-3] IP Repository Path: Could not find the directory 'F:/MZ7X/MZ701-MINI/S03/S03_CH03_AXI_DMA_OV7725_HDMI/Miz_ip_lib/AXI_OLED'.
WARNING: [filemgmt 56-3] IP Repository Path: Could not find the directory 'F:/MZ7X/MZ701-MINI/S03/S03_CH03_AXI_DMA_OV7725_HDMI/Miz_ip_lib/rgb2vga_v1_0'.
WARNING: [filemgmt 56-3] IP Repository Path: Could not find the directory 'F:/MZ7X/MZ701-MINI/S03/S03_CH03_AXI_DMA_OV7725_HDMI/Miz_ip_lib/OV_Sensor_ML'.
WARNING: [filemgmt 56-3] IP Repository Path: Could not find the directory 'F:/MZ7X/MZ701-MINI/S03/S03_CH03_AXI_DMA_OV7725_HDMI/Miz_ip_lib/HDMI_FPGA_ML'.
INFO: [IP_Flow 19-234] Refreshing IP repositories
WARNING: [IP_Flow 19-2248] Failed to load user IP repository 'f:/MZ7X/MZ701-MINI/S03/S03_CH03_AXI_DMA_OV7725_HDMI/Miz_ip_lib/AXI_OLED'; Can't find the specified path.
If this directory should no longer be in your list of user repositories, go to the IP Settings dialog and remove it.
WARNING: [IP_Flow 19-2248] Failed to load user IP repository 'f:/MZ7X/MZ701-MINI/S03/S03_CH03_AXI_DMA_OV7725_HDMI/Miz_ip_lib/rgb2vga_v1_0'; Can't find the specified path.
If this directory should no longer be in your list of user repositories, go to the IP Settings dialog and remove it.
WARNING: [IP_Flow 19-2248] Failed to load user IP repository 'f:/MZ7X/MZ701-MINI/S03/S03_CH03_AXI_DMA_OV7725_HDMI/Miz_ip_lib/OV_Sensor_ML'; Can't find the specified path.
If this directory should no longer be in your list of user repositories, go to the IP Settings dialog and remove it.
WARNING: [IP_Flow 19-2248] Failed to load user IP repository 'f:/MZ7X/MZ701-MINI/S03/S03_CH03_AXI_DMA_OV7725_HDMI/Miz_ip_lib/HDMI_FPGA_ML'; Can't find the specified path.
If this directory should no longer be in your list of user repositories, go to the IP Settings dialog and remove it.
INFO: [IP_Flow 19-2313] Loaded Vivado IP repository 'D:/Xilinx/Vivado/2016.4/data/ip'.
WARNING: [BD 41-1661] One or more IPs have been locked in the design 'system.bd'. Please run report_ip_status for more details and recommendations on how to fix this issue.
List of locked IPs:
system_OV_Sensor_ML_0_2
system_HDMI_FPGA_ML_0_0

open_project: Time (s): cpu = 00:00:12 ; elapsed = 00:00:08 . Memory (MB): peak = 909.742 ; gain = 212.832
set_property  ip_repo_paths  {f:/MZ7X/MZ701-MINI/S03/S03_CH03_AXI_DMA_OV7725_HDMI/Miz_ip_lib/rgb2vga_v1_0 f:/MZ7X/MZ701-MINI/S03/S03_CH03_AXI_DMA_OV7725_HDMI/Miz_ip_lib/OV_Sensor_ML f:/MZ7X/MZ701-MINI/S03/S03_CH03_AXI_DMA_OV7725_HDMI/Miz_ip_lib/HDMI_FPGA_ML} [current_project]
update_ip_catalog
INFO: [IP_Flow 19-234] Refreshing IP repositories
WARNING: [IP_Flow 19-2248] Failed to load user IP repository 'f:/MZ7X/MZ701-MINI/S03/S03_CH03_AXI_DMA_OV7725_HDMI/Miz_ip_lib/rgb2vga_v1_0'; Can't find the specified path.
If this directory should no longer be in your list of user repositories, go to the IP Settings dialog and remove it.
WARNING: [IP_Flow 19-2248] Failed to load user IP repository 'f:/MZ7X/MZ701-MINI/S03/S03_CH03_AXI_DMA_OV7725_HDMI/Miz_ip_lib/OV_Sensor_ML'; Can't find the specified path.
If this directory should no longer be in your list of user repositories, go to the IP Settings dialog and remove it.
WARNING: [IP_Flow 19-2248] Failed to load user IP repository 'f:/MZ7X/MZ701-MINI/S03/S03_CH03_AXI_DMA_OV7725_HDMI/Miz_ip_lib/HDMI_FPGA_ML'; Can't find the specified path.
If this directory should no longer be in your list of user repositories, go to the IP Settings dialog and remove it.
set_property  ip_repo_paths  {f:/MZ7X/MZ701-MINI/S03/S03_CH03_AXI_DMA_OV7725_HDMI/Miz_ip_lib/OV_Sensor_ML f:/MZ7X/MZ701-MINI/S03/S03_CH03_AXI_DMA_OV7725_HDMI/Miz_ip_lib/HDMI_FPGA_ML} [current_project]
update_ip_catalog
INFO: [IP_Flow 19-234] Refreshing IP repositories
WARNING: [IP_Flow 19-2248] Failed to load user IP repository 'f:/MZ7X/MZ701-MINI/S03/S03_CH03_AXI_DMA_OV7725_HDMI/Miz_ip_lib/OV_Sensor_ML'; Can't find the specified path.
If this directory should no longer be in your list of user repositories, go to the IP Settings dialog and remove it.
WARNING: [IP_Flow 19-2248] Failed to load user IP repository 'f:/MZ7X/MZ701-MINI/S03/S03_CH03_AXI_DMA_OV7725_HDMI/Miz_ip_lib/HDMI_FPGA_ML'; Can't find the specified path.
If this directory should no longer be in your list of user repositories, go to the IP Settings dialog and remove it.
set_property  ip_repo_paths  f:/MZ7X/MZ701-MINI/S03/S03_CH03_AXI_DMA_OV7725_HDMI/Miz_ip_lib/HDMI_FPGA_ML [current_project]
update_ip_catalog
INFO: [IP_Flow 19-234] Refreshing IP repositories
WARNING: [IP_Flow 19-2248] Failed to load user IP repository 'f:/MZ7X/MZ701-MINI/S03/S03_CH03_AXI_DMA_OV7725_HDMI/Miz_ip_lib/HDMI_FPGA_ML'; Can't find the specified path.
If this directory should no longer be in your list of user repositories, go to the IP Settings dialog and remove it.
set_property  ip_repo_paths  {} [current_project]
update_ip_catalog
INFO: [IP_Flow 19-234] Refreshing IP repositories
INFO: [IP_Flow 19-1704] No user IP repositories specified
set_property  ip_repo_paths  F:/MZ7X/MZ701-MINI/S03/S03_CH03_AXI_DMA_OV7725_HDMI/DOC/Miz_ip_lib [current_project]
update_ip_catalog
INFO: [IP_Flow 19-234] Refreshing IP repositories
INFO: [IP_Flow 19-1700] Loaded user IP repository 'f:/MZ7X/MZ701-MINI/S03/S03_CH03_AXI_DMA_OV7725_HDMI/DOC/Miz_ip_lib'.
open_bd_design {F:/MZ7X/MZ701-MINI/S03/S03_CH03_AXI_DMA_OV7725_HDMI/Miz_sys/Miz_sys.srcs/sources_1/bd/system/system.bd}
Adding cell -- xilinx.com:user:HDMI_FPGA_ML:1.0 - HDMI_FPGA_ML_0
Adding cell -- xilinx.com:user:OV_Sensor_ML:1.0 - OV_Sensor_ML_0
Adding cell -- xilinx.com:ip:axi_dma:7.1 - axi_dma_0
Adding cell -- xilinx.com:ip:axi_gpio:2.0 - axi_gpio_0
Adding cell -- xilinx.com:ip:clk_wiz:5.3 - clk_wiz_0
Adding cell -- xilinx.com:ip:processing_system7:5.5 - processing_system7_0
Adding cell -- xilinx.com:ip:proc_sys_reset:5.0 - rst_processing_system7_0_50M
Adding cell -- xilinx.com:ip:v_axi4s_vid_out:4.0 - v_axi4s_vid_out_0
Adding cell -- xilinx.com:ip:v_tc:6.1 - v_tc_0
Adding cell -- xilinx.com:ip:v_vid_in_axi4s:4.0 - v_vid_in_axi4s_0
Adding cell -- xilinx.com:ip:xlconcat:2.1 - xlconcat_0
Adding cell -- xilinx.com:ip:xlconstant:1.1 - xlconstant_0
WARNING: [BD 41-1731] Type mismatch between connected pins: /clk_wiz_0/clk_out1(clk) and /HDMI_FPGA_ML_0/PXLCLK_I(undef)
WARNING: [BD 41-1731] Type mismatch between connected pins: /clk_wiz_0/locked(undef) and /v_axi4s_vid_out_0/aclken(ce)
WARNING: [BD 41-1731] Type mismatch between connected pins: /clk_wiz_0/locked(undef) and /v_axi4s_vid_out_0/aresetn(rst)
WARNING: [BD 41-1731] Type mismatch between connected pins: /clk_wiz_0/locked(undef) and /v_axi4s_vid_out_0/vid_io_out_ce(ce)
WARNING: [BD 41-1731] Type mismatch between connected pins: /clk_wiz_0/locked(undef) and /v_tc_0/clken(ce)
WARNING: [BD 41-1731] Type mismatch between connected pins: /clk_wiz_0/locked(undef) and /v_tc_0/resetn(rst)
WARNING: [BD 41-1731] Type mismatch between connected pins: /clk_wiz_0/locked(undef) and /v_vid_in_axi4s_0/aclken(ce)
WARNING: [BD 41-1731] Type mismatch between connected pins: /clk_wiz_0/locked(undef) and /v_vid_in_axi4s_0/aresetn(rst)
WARNING: [BD 41-1731] Type mismatch between connected pins: /processing_system7_0/FCLK_CLK1(clk) and /OV_Sensor_ML_0/CLK_i(undef)
WARNING: [BD 41-1731] Type mismatch between connected pins: /OV_Sensor_ML_0/vid_clk_ce(undef) and /v_vid_in_axi4s_0/vid_io_in_ce(ce)
WARNING: [BD 41-1731] Type mismatch between connected pins: /clk_wiz_0/clk_out2(clk) and /HDMI_FPGA_ML_0/PXLCLK_5X_I(undef)
Adding cell -- xilinx.com:ip:axi_crossbar:2.1 - xbar
Adding cell -- xilinx.com:ip:axi_protocol_converter:2.1 - auto_pc
Adding cell -- xilinx.com:ip:axi_crossbar:2.1 - xbar
Adding cell -- xilinx.com:ip:axi_protocol_converter:2.1 - auto_pc
Adding cell -- xilinx.com:ip:axi_dwidth_converter:2.1 - auto_us
Adding cell -- xilinx.com:ip:axi_dwidth_converter:2.1 - auto_us
Successfully read diagram <system> from BD file <F:/MZ7X/MZ701-MINI/S03/S03_CH03_AXI_DMA_OV7725_HDMI/Miz_sys/Miz_sys.srcs/sources_1/bd/system/system.bd>
exit
INFO: [Common 17-206] Exiting Vivado at Tue Dec 26 16:30:57 2017...
